[2021-03-23 12:07:09,718] {scheduler_job.py:182} INFO - Started process (PID=36418) to work on /Users/adhithyakarthikeyan/opt/anaconda3/lib/python3.8/site-packages/airflow/example_dags/example_task_group.py
[2021-03-23 12:07:09,719] {scheduler_job.py:629} INFO - Processing file /Users/adhithyakarthikeyan/opt/anaconda3/lib/python3.8/site-packages/airflow/example_dags/example_task_group.py for tasks to queue
[2021-03-23 12:07:09,719] {logging_mixin.py:104} INFO - [2021-03-23 12:07:09,719] {dagbag.py:448} INFO - Filling up the DagBag from /Users/adhithyakarthikeyan/opt/anaconda3/lib/python3.8/site-packages/airflow/example_dags/example_task_group.py
[2021-03-23 12:07:09,731] {scheduler_job.py:639} INFO - DAG(s) dict_keys(['example_task_group']) retrieved from /Users/adhithyakarthikeyan/opt/anaconda3/lib/python3.8/site-packages/airflow/example_dags/example_task_group.py
[2021-03-23 12:07:09,771] {logging_mixin.py:104} INFO - [2021-03-23 12:07:09,771] {dag.py:1818} INFO - Sync 1 DAGs
[2021-03-23 12:07:09,781] {logging_mixin.py:104} INFO - [2021-03-23 12:07:09,781] {dag.py:2273} INFO - Setting next_dagrun for example_task_group to 2021-03-21 00:00:00+00:00
[2021-03-23 12:07:09,792] {scheduler_job.py:190} INFO - Processing /Users/adhithyakarthikeyan/opt/anaconda3/lib/python3.8/site-packages/airflow/example_dags/example_task_group.py took 0.074 seconds
[2021-03-23 12:08:59,375] {scheduler_job.py:182} INFO - Started process (PID=36536) to work on /Users/adhithyakarthikeyan/opt/anaconda3/lib/python3.8/site-packages/airflow/example_dags/example_task_group.py
[2021-03-23 12:08:59,377] {scheduler_job.py:629} INFO - Processing file /Users/adhithyakarthikeyan/opt/anaconda3/lib/python3.8/site-packages/airflow/example_dags/example_task_group.py for tasks to queue
[2021-03-23 12:08:59,378] {logging_mixin.py:104} INFO - [2021-03-23 12:08:59,378] {dagbag.py:448} INFO - Filling up the DagBag from /Users/adhithyakarthikeyan/opt/anaconda3/lib/python3.8/site-packages/airflow/example_dags/example_task_group.py
[2021-03-23 12:08:59,405] {scheduler_job.py:639} INFO - DAG(s) dict_keys(['example_task_group']) retrieved from /Users/adhithyakarthikeyan/opt/anaconda3/lib/python3.8/site-packages/airflow/example_dags/example_task_group.py
[2021-03-23 12:08:59,486] {logging_mixin.py:104} INFO - [2021-03-23 12:08:59,485] {dag.py:1818} INFO - Sync 1 DAGs
[2021-03-23 12:08:59,500] {logging_mixin.py:104} INFO - [2021-03-23 12:08:59,500] {dag.py:2273} INFO - Setting next_dagrun for example_task_group to 2021-03-21 00:00:00+00:00
[2021-03-23 12:08:59,517] {scheduler_job.py:190} INFO - Processing /Users/adhithyakarthikeyan/opt/anaconda3/lib/python3.8/site-packages/airflow/example_dags/example_task_group.py took 0.144 seconds
[2021-03-23 12:11:46,564] {scheduler_job.py:182} INFO - Started process (PID=36642) to work on /Users/adhithyakarthikeyan/opt/anaconda3/lib/python3.8/site-packages/airflow/example_dags/example_task_group.py
[2021-03-23 12:11:46,566] {scheduler_job.py:629} INFO - Processing file /Users/adhithyakarthikeyan/opt/anaconda3/lib/python3.8/site-packages/airflow/example_dags/example_task_group.py for tasks to queue
[2021-03-23 12:11:46,567] {logging_mixin.py:104} INFO - [2021-03-23 12:11:46,567] {dagbag.py:448} INFO - Filling up the DagBag from /Users/adhithyakarthikeyan/opt/anaconda3/lib/python3.8/site-packages/airflow/example_dags/example_task_group.py
[2021-03-23 12:11:46,594] {scheduler_job.py:639} INFO - DAG(s) dict_keys(['example_task_group']) retrieved from /Users/adhithyakarthikeyan/opt/anaconda3/lib/python3.8/site-packages/airflow/example_dags/example_task_group.py
[2021-03-23 12:11:46,652] {logging_mixin.py:104} INFO - [2021-03-23 12:11:46,652] {dag.py:1818} INFO - Sync 1 DAGs
[2021-03-23 12:11:46,664] {logging_mixin.py:104} INFO - [2021-03-23 12:11:46,664] {dag.py:2273} INFO - Setting next_dagrun for example_task_group to 2021-03-21 00:00:00+00:00
[2021-03-23 12:11:46,678] {scheduler_job.py:190} INFO - Processing /Users/adhithyakarthikeyan/opt/anaconda3/lib/python3.8/site-packages/airflow/example_dags/example_task_group.py took 0.115 seconds
[2021-03-23 12:13:41,338] {scheduler_job.py:182} INFO - Started process (PID=36739) to work on /Users/adhithyakarthikeyan/opt/anaconda3/lib/python3.8/site-packages/airflow/example_dags/example_task_group.py
[2021-03-23 12:13:41,339] {scheduler_job.py:629} INFO - Processing file /Users/adhithyakarthikeyan/opt/anaconda3/lib/python3.8/site-packages/airflow/example_dags/example_task_group.py for tasks to queue
[2021-03-23 12:13:41,340] {logging_mixin.py:104} INFO - [2021-03-23 12:13:41,340] {dagbag.py:448} INFO - Filling up the DagBag from /Users/adhithyakarthikeyan/opt/anaconda3/lib/python3.8/site-packages/airflow/example_dags/example_task_group.py
[2021-03-23 12:13:41,358] {scheduler_job.py:639} INFO - DAG(s) dict_keys(['example_task_group']) retrieved from /Users/adhithyakarthikeyan/opt/anaconda3/lib/python3.8/site-packages/airflow/example_dags/example_task_group.py
[2021-03-23 12:13:41,422] {logging_mixin.py:104} INFO - [2021-03-23 12:13:41,421] {dag.py:1818} INFO - Sync 1 DAGs
[2021-03-23 12:13:41,439] {logging_mixin.py:104} INFO - [2021-03-23 12:13:41,439] {dag.py:2273} INFO - Setting next_dagrun for example_task_group to 2021-03-21 00:00:00+00:00
[2021-03-23 12:13:41,449] {scheduler_job.py:190} INFO - Processing /Users/adhithyakarthikeyan/opt/anaconda3/lib/python3.8/site-packages/airflow/example_dags/example_task_group.py took 0.113 seconds
[2021-03-23 12:14:59,509] {scheduler_job.py:182} INFO - Started process (PID=36814) to work on /Users/adhithyakarthikeyan/opt/anaconda3/lib/python3.8/site-packages/airflow/example_dags/example_task_group.py
[2021-03-23 12:14:59,511] {scheduler_job.py:629} INFO - Processing file /Users/adhithyakarthikeyan/opt/anaconda3/lib/python3.8/site-packages/airflow/example_dags/example_task_group.py for tasks to queue
[2021-03-23 12:14:59,512] {logging_mixin.py:104} INFO - [2021-03-23 12:14:59,512] {dagbag.py:448} INFO - Filling up the DagBag from /Users/adhithyakarthikeyan/opt/anaconda3/lib/python3.8/site-packages/airflow/example_dags/example_task_group.py
[2021-03-23 12:14:59,546] {scheduler_job.py:639} INFO - DAG(s) dict_keys(['example_task_group']) retrieved from /Users/adhithyakarthikeyan/opt/anaconda3/lib/python3.8/site-packages/airflow/example_dags/example_task_group.py
[2021-03-23 12:14:59,680] {logging_mixin.py:104} INFO - [2021-03-23 12:14:59,680] {dag.py:1818} INFO - Sync 1 DAGs
[2021-03-23 12:14:59,703] {logging_mixin.py:104} INFO - [2021-03-23 12:14:59,703] {dag.py:2273} INFO - Setting next_dagrun for example_task_group to 2021-03-21 00:00:00+00:00
[2021-03-23 12:14:59,727] {scheduler_job.py:190} INFO - Processing /Users/adhithyakarthikeyan/opt/anaconda3/lib/python3.8/site-packages/airflow/example_dags/example_task_group.py took 0.219 seconds
[2021-03-23 12:16:23,322] {scheduler_job.py:182} INFO - Started process (PID=36903) to work on /Users/adhithyakarthikeyan/opt/anaconda3/lib/python3.8/site-packages/airflow/example_dags/example_task_group.py
[2021-03-23 12:16:23,323] {scheduler_job.py:629} INFO - Processing file /Users/adhithyakarthikeyan/opt/anaconda3/lib/python3.8/site-packages/airflow/example_dags/example_task_group.py for tasks to queue
[2021-03-23 12:16:23,324] {logging_mixin.py:104} INFO - [2021-03-23 12:16:23,324] {dagbag.py:448} INFO - Filling up the DagBag from /Users/adhithyakarthikeyan/opt/anaconda3/lib/python3.8/site-packages/airflow/example_dags/example_task_group.py
[2021-03-23 12:16:23,336] {scheduler_job.py:639} INFO - DAG(s) dict_keys(['example_task_group']) retrieved from /Users/adhithyakarthikeyan/opt/anaconda3/lib/python3.8/site-packages/airflow/example_dags/example_task_group.py
[2021-03-23 12:16:23,371] {logging_mixin.py:104} INFO - [2021-03-23 12:16:23,371] {dag.py:1818} INFO - Sync 1 DAGs
[2021-03-23 12:16:23,379] {logging_mixin.py:104} INFO - [2021-03-23 12:16:23,379] {dag.py:2273} INFO - Setting next_dagrun for example_task_group to 2021-03-21 00:00:00+00:00
[2021-03-23 12:16:23,390] {scheduler_job.py:190} INFO - Processing /Users/adhithyakarthikeyan/opt/anaconda3/lib/python3.8/site-packages/airflow/example_dags/example_task_group.py took 0.069 seconds
[2021-03-23 12:17:09,259] {scheduler_job.py:182} INFO - Started process (PID=36948) to work on /Users/adhithyakarthikeyan/opt/anaconda3/lib/python3.8/site-packages/airflow/example_dags/example_task_group.py
[2021-03-23 12:17:09,260] {scheduler_job.py:629} INFO - Processing file /Users/adhithyakarthikeyan/opt/anaconda3/lib/python3.8/site-packages/airflow/example_dags/example_task_group.py for tasks to queue
[2021-03-23 12:17:09,261] {logging_mixin.py:104} INFO - [2021-03-23 12:17:09,261] {dagbag.py:448} INFO - Filling up the DagBag from /Users/adhithyakarthikeyan/opt/anaconda3/lib/python3.8/site-packages/airflow/example_dags/example_task_group.py
[2021-03-23 12:17:09,276] {scheduler_job.py:639} INFO - DAG(s) dict_keys(['example_task_group']) retrieved from /Users/adhithyakarthikeyan/opt/anaconda3/lib/python3.8/site-packages/airflow/example_dags/example_task_group.py
[2021-03-23 12:17:09,323] {logging_mixin.py:104} INFO - [2021-03-23 12:17:09,323] {dag.py:1818} INFO - Sync 1 DAGs
[2021-03-23 12:17:09,334] {logging_mixin.py:104} INFO - [2021-03-23 12:17:09,333] {dag.py:2273} INFO - Setting next_dagrun for example_task_group to 2021-03-21 00:00:00+00:00
[2021-03-23 12:17:09,350] {scheduler_job.py:190} INFO - Processing /Users/adhithyakarthikeyan/opt/anaconda3/lib/python3.8/site-packages/airflow/example_dags/example_task_group.py took 0.092 seconds
