[2021-03-23 11:32:37,443] {scheduler_job.py:182} INFO - Started process (PID=35415) to work on /Users/adhithyakarthikeyan/opt/anaconda3/lib/python3.8/site-packages/airflow/example_dags/example_skip_dag.py
[2021-03-23 11:32:37,444] {scheduler_job.py:629} INFO - Processing file /Users/adhithyakarthikeyan/opt/anaconda3/lib/python3.8/site-packages/airflow/example_dags/example_skip_dag.py for tasks to queue
[2021-03-23 11:32:37,444] {logging_mixin.py:104} INFO - [2021-03-23 11:32:37,444] {dagbag.py:448} INFO - Filling up the DagBag from /Users/adhithyakarthikeyan/opt/anaconda3/lib/python3.8/site-packages/airflow/example_dags/example_skip_dag.py
[2021-03-23 11:32:37,461] {scheduler_job.py:639} INFO - DAG(s) dict_keys(['example_skip_dag']) retrieved from /Users/adhithyakarthikeyan/opt/anaconda3/lib/python3.8/site-packages/airflow/example_dags/example_skip_dag.py
[2021-03-23 11:32:37,510] {logging_mixin.py:104} INFO - [2021-03-23 11:32:37,509] {dag.py:1818} INFO - Sync 1 DAGs
[2021-03-23 11:32:37,523] {logging_mixin.py:104} INFO - [2021-03-23 11:32:37,523] {dag.py:2273} INFO - Setting next_dagrun for example_skip_dag to 2021-03-21 00:00:00+00:00
[2021-03-23 11:32:37,534] {scheduler_job.py:190} INFO - Processing /Users/adhithyakarthikeyan/opt/anaconda3/lib/python3.8/site-packages/airflow/example_dags/example_skip_dag.py took 0.092 seconds
[2021-03-23 12:07:29,921] {scheduler_job.py:182} INFO - Started process (PID=36442) to work on /Users/adhithyakarthikeyan/opt/anaconda3/lib/python3.8/site-packages/airflow/example_dags/example_skip_dag.py
[2021-03-23 12:07:29,922] {scheduler_job.py:629} INFO - Processing file /Users/adhithyakarthikeyan/opt/anaconda3/lib/python3.8/site-packages/airflow/example_dags/example_skip_dag.py for tasks to queue
[2021-03-23 12:07:29,922] {logging_mixin.py:104} INFO - [2021-03-23 12:07:29,922] {dagbag.py:448} INFO - Filling up the DagBag from /Users/adhithyakarthikeyan/opt/anaconda3/lib/python3.8/site-packages/airflow/example_dags/example_skip_dag.py
[2021-03-23 12:07:29,935] {scheduler_job.py:639} INFO - DAG(s) dict_keys(['example_skip_dag']) retrieved from /Users/adhithyakarthikeyan/opt/anaconda3/lib/python3.8/site-packages/airflow/example_dags/example_skip_dag.py
[2021-03-23 12:07:29,970] {logging_mixin.py:104} INFO - [2021-03-23 12:07:29,970] {dag.py:1818} INFO - Sync 1 DAGs
[2021-03-23 12:07:29,980] {logging_mixin.py:104} INFO - [2021-03-23 12:07:29,979] {dag.py:2273} INFO - Setting next_dagrun for example_skip_dag to 2021-03-21 00:00:00+00:00
[2021-03-23 12:07:29,986] {scheduler_job.py:190} INFO - Processing /Users/adhithyakarthikeyan/opt/anaconda3/lib/python3.8/site-packages/airflow/example_dags/example_skip_dag.py took 0.067 seconds
[2021-03-23 12:08:52,654] {scheduler_job.py:182} INFO - Started process (PID=36530) to work on /Users/adhithyakarthikeyan/opt/anaconda3/lib/python3.8/site-packages/airflow/example_dags/example_skip_dag.py
[2021-03-23 12:08:52,656] {scheduler_job.py:629} INFO - Processing file /Users/adhithyakarthikeyan/opt/anaconda3/lib/python3.8/site-packages/airflow/example_dags/example_skip_dag.py for tasks to queue
[2021-03-23 12:08:52,656] {logging_mixin.py:104} INFO - [2021-03-23 12:08:52,656] {dagbag.py:448} INFO - Filling up the DagBag from /Users/adhithyakarthikeyan/opt/anaconda3/lib/python3.8/site-packages/airflow/example_dags/example_skip_dag.py
[2021-03-23 12:08:52,666] {scheduler_job.py:639} INFO - DAG(s) dict_keys(['example_skip_dag']) retrieved from /Users/adhithyakarthikeyan/opt/anaconda3/lib/python3.8/site-packages/airflow/example_dags/example_skip_dag.py
[2021-03-23 12:08:52,698] {logging_mixin.py:104} INFO - [2021-03-23 12:08:52,698] {dag.py:1818} INFO - Sync 1 DAGs
[2021-03-23 12:08:52,705] {logging_mixin.py:104} INFO - [2021-03-23 12:08:52,705] {dag.py:2273} INFO - Setting next_dagrun for example_skip_dag to 2021-03-21 00:00:00+00:00
[2021-03-23 12:08:52,712] {scheduler_job.py:190} INFO - Processing /Users/adhithyakarthikeyan/opt/anaconda3/lib/python3.8/site-packages/airflow/example_dags/example_skip_dag.py took 0.058 seconds
[2021-03-23 12:11:57,829] {scheduler_job.py:182} INFO - Started process (PID=36657) to work on /Users/adhithyakarthikeyan/opt/anaconda3/lib/python3.8/site-packages/airflow/example_dags/example_skip_dag.py
[2021-03-23 12:11:57,831] {scheduler_job.py:629} INFO - Processing file /Users/adhithyakarthikeyan/opt/anaconda3/lib/python3.8/site-packages/airflow/example_dags/example_skip_dag.py for tasks to queue
[2021-03-23 12:11:57,831] {logging_mixin.py:104} INFO - [2021-03-23 12:11:57,831] {dagbag.py:448} INFO - Filling up the DagBag from /Users/adhithyakarthikeyan/opt/anaconda3/lib/python3.8/site-packages/airflow/example_dags/example_skip_dag.py
[2021-03-23 12:11:57,843] {scheduler_job.py:639} INFO - DAG(s) dict_keys(['example_skip_dag']) retrieved from /Users/adhithyakarthikeyan/opt/anaconda3/lib/python3.8/site-packages/airflow/example_dags/example_skip_dag.py
[2021-03-23 12:11:57,880] {logging_mixin.py:104} INFO - [2021-03-23 12:11:57,879] {dag.py:1818} INFO - Sync 1 DAGs
[2021-03-23 12:11:57,888] {logging_mixin.py:104} INFO - [2021-03-23 12:11:57,888] {dag.py:2273} INFO - Setting next_dagrun for example_skip_dag to 2021-03-21 00:00:00+00:00
[2021-03-23 12:11:57,896] {scheduler_job.py:190} INFO - Processing /Users/adhithyakarthikeyan/opt/anaconda3/lib/python3.8/site-packages/airflow/example_dags/example_skip_dag.py took 0.068 seconds
[2021-03-23 12:13:55,476] {scheduler_job.py:182} INFO - Started process (PID=36759) to work on /Users/adhithyakarthikeyan/opt/anaconda3/lib/python3.8/site-packages/airflow/example_dags/example_skip_dag.py
[2021-03-23 12:13:55,477] {scheduler_job.py:629} INFO - Processing file /Users/adhithyakarthikeyan/opt/anaconda3/lib/python3.8/site-packages/airflow/example_dags/example_skip_dag.py for tasks to queue
[2021-03-23 12:13:55,478] {logging_mixin.py:104} INFO - [2021-03-23 12:13:55,478] {dagbag.py:448} INFO - Filling up the DagBag from /Users/adhithyakarthikeyan/opt/anaconda3/lib/python3.8/site-packages/airflow/example_dags/example_skip_dag.py
[2021-03-23 12:13:55,495] {scheduler_job.py:639} INFO - DAG(s) dict_keys(['example_skip_dag']) retrieved from /Users/adhithyakarthikeyan/opt/anaconda3/lib/python3.8/site-packages/airflow/example_dags/example_skip_dag.py
[2021-03-23 12:13:55,548] {logging_mixin.py:104} INFO - [2021-03-23 12:13:55,547] {dag.py:1818} INFO - Sync 1 DAGs
[2021-03-23 12:13:55,558] {logging_mixin.py:104} INFO - [2021-03-23 12:13:55,558] {dag.py:2273} INFO - Setting next_dagrun for example_skip_dag to 2021-03-21 00:00:00+00:00
[2021-03-23 12:13:55,566] {scheduler_job.py:190} INFO - Processing /Users/adhithyakarthikeyan/opt/anaconda3/lib/python3.8/site-packages/airflow/example_dags/example_skip_dag.py took 0.091 seconds
[2021-03-23 12:15:39,518] {scheduler_job.py:182} INFO - Started process (PID=36851) to work on /Users/adhithyakarthikeyan/opt/anaconda3/lib/python3.8/site-packages/airflow/example_dags/example_skip_dag.py
[2021-03-23 12:15:39,520] {scheduler_job.py:629} INFO - Processing file /Users/adhithyakarthikeyan/opt/anaconda3/lib/python3.8/site-packages/airflow/example_dags/example_skip_dag.py for tasks to queue
[2021-03-23 12:15:39,520] {logging_mixin.py:104} INFO - [2021-03-23 12:15:39,520] {dagbag.py:448} INFO - Filling up the DagBag from /Users/adhithyakarthikeyan/opt/anaconda3/lib/python3.8/site-packages/airflow/example_dags/example_skip_dag.py
[2021-03-23 12:15:39,532] {scheduler_job.py:639} INFO - DAG(s) dict_keys(['example_skip_dag']) retrieved from /Users/adhithyakarthikeyan/opt/anaconda3/lib/python3.8/site-packages/airflow/example_dags/example_skip_dag.py
[2021-03-23 12:15:39,568] {logging_mixin.py:104} INFO - [2021-03-23 12:15:39,567] {dag.py:1818} INFO - Sync 1 DAGs
[2021-03-23 12:15:39,577] {logging_mixin.py:104} INFO - [2021-03-23 12:15:39,577] {dag.py:2273} INFO - Setting next_dagrun for example_skip_dag to 2021-03-21 00:00:00+00:00
[2021-03-23 12:15:39,584] {scheduler_job.py:190} INFO - Processing /Users/adhithyakarthikeyan/opt/anaconda3/lib/python3.8/site-packages/airflow/example_dags/example_skip_dag.py took 0.067 seconds
[2021-03-23 12:16:54,719] {scheduler_job.py:182} INFO - Started process (PID=36931) to work on /Users/adhithyakarthikeyan/opt/anaconda3/lib/python3.8/site-packages/airflow/example_dags/example_skip_dag.py
[2021-03-23 12:16:54,721] {scheduler_job.py:629} INFO - Processing file /Users/adhithyakarthikeyan/opt/anaconda3/lib/python3.8/site-packages/airflow/example_dags/example_skip_dag.py for tasks to queue
[2021-03-23 12:16:54,721] {logging_mixin.py:104} INFO - [2021-03-23 12:16:54,721] {dagbag.py:448} INFO - Filling up the DagBag from /Users/adhithyakarthikeyan/opt/anaconda3/lib/python3.8/site-packages/airflow/example_dags/example_skip_dag.py
[2021-03-23 12:16:54,734] {scheduler_job.py:639} INFO - DAG(s) dict_keys(['example_skip_dag']) retrieved from /Users/adhithyakarthikeyan/opt/anaconda3/lib/python3.8/site-packages/airflow/example_dags/example_skip_dag.py
[2021-03-23 12:16:54,767] {logging_mixin.py:104} INFO - [2021-03-23 12:16:54,767] {dag.py:1818} INFO - Sync 1 DAGs
[2021-03-23 12:16:54,776] {logging_mixin.py:104} INFO - [2021-03-23 12:16:54,776] {dag.py:2273} INFO - Setting next_dagrun for example_skip_dag to 2021-03-21 00:00:00+00:00
[2021-03-23 12:16:54,783] {scheduler_job.py:190} INFO - Processing /Users/adhithyakarthikeyan/opt/anaconda3/lib/python3.8/site-packages/airflow/example_dags/example_skip_dag.py took 0.065 seconds
