[2021-03-23 12:08:23,168] {scheduler_job.py:182} INFO - Started process (PID=36497) to work on /Users/adhithyakarthikeyan/opt/anaconda3/lib/python3.8/site-packages/airflow/example_dags/example_kubernetes_executor.py
[2021-03-23 12:08:23,169] {scheduler_job.py:629} INFO - Processing file /Users/adhithyakarthikeyan/opt/anaconda3/lib/python3.8/site-packages/airflow/example_dags/example_kubernetes_executor.py for tasks to queue
[2021-03-23 12:08:23,171] {logging_mixin.py:104} INFO - [2021-03-23 12:08:23,170] {dagbag.py:448} INFO - Filling up the DagBag from /Users/adhithyakarthikeyan/opt/anaconda3/lib/python3.8/site-packages/airflow/example_dags/example_kubernetes_executor.py
[2021-03-23 12:08:23,230] {scheduler_job.py:639} INFO - DAG(s) dict_keys(['example_kubernetes_executor']) retrieved from /Users/adhithyakarthikeyan/opt/anaconda3/lib/python3.8/site-packages/airflow/example_dags/example_kubernetes_executor.py
[2021-03-23 12:08:23,349] {logging_mixin.py:104} INFO - [2021-03-23 12:08:23,349] {dag.py:1818} INFO - Sync 1 DAGs
[2021-03-23 12:08:23,375] {logging_mixin.py:104} INFO - [2021-03-23 12:08:23,375] {dag.py:2273} INFO - Setting next_dagrun for example_kubernetes_executor to None
[2021-03-23 12:08:23,409] {scheduler_job.py:190} INFO - Processing /Users/adhithyakarthikeyan/opt/anaconda3/lib/python3.8/site-packages/airflow/example_dags/example_kubernetes_executor.py took 0.243 seconds
[2021-03-23 12:11:19,241] {scheduler_job.py:182} INFO - Started process (PID=36618) to work on /Users/adhithyakarthikeyan/opt/anaconda3/lib/python3.8/site-packages/airflow/example_dags/example_kubernetes_executor.py
[2021-03-23 12:11:19,243] {scheduler_job.py:629} INFO - Processing file /Users/adhithyakarthikeyan/opt/anaconda3/lib/python3.8/site-packages/airflow/example_dags/example_kubernetes_executor.py for tasks to queue
[2021-03-23 12:11:19,244] {logging_mixin.py:104} INFO - [2021-03-23 12:11:19,244] {dagbag.py:448} INFO - Filling up the DagBag from /Users/adhithyakarthikeyan/opt/anaconda3/lib/python3.8/site-packages/airflow/example_dags/example_kubernetes_executor.py
[2021-03-23 12:11:19,266] {scheduler_job.py:639} INFO - DAG(s) dict_keys(['example_kubernetes_executor']) retrieved from /Users/adhithyakarthikeyan/opt/anaconda3/lib/python3.8/site-packages/airflow/example_dags/example_kubernetes_executor.py
[2021-03-23 12:11:19,325] {logging_mixin.py:104} INFO - [2021-03-23 12:11:19,325] {dag.py:1818} INFO - Sync 1 DAGs
[2021-03-23 12:11:19,335] {logging_mixin.py:104} INFO - [2021-03-23 12:11:19,335] {dag.py:2273} INFO - Setting next_dagrun for example_kubernetes_executor to None
[2021-03-23 12:11:19,351] {scheduler_job.py:190} INFO - Processing /Users/adhithyakarthikeyan/opt/anaconda3/lib/python3.8/site-packages/airflow/example_dags/example_kubernetes_executor.py took 0.111 seconds
[2021-03-23 12:14:18,672] {scheduler_job.py:182} INFO - Started process (PID=36776) to work on /Users/adhithyakarthikeyan/opt/anaconda3/lib/python3.8/site-packages/airflow/example_dags/example_kubernetes_executor.py
[2021-03-23 12:14:18,674] {scheduler_job.py:629} INFO - Processing file /Users/adhithyakarthikeyan/opt/anaconda3/lib/python3.8/site-packages/airflow/example_dags/example_kubernetes_executor.py for tasks to queue
[2021-03-23 12:14:18,675] {logging_mixin.py:104} INFO - [2021-03-23 12:14:18,675] {dagbag.py:448} INFO - Filling up the DagBag from /Users/adhithyakarthikeyan/opt/anaconda3/lib/python3.8/site-packages/airflow/example_dags/example_kubernetes_executor.py
[2021-03-23 12:14:18,703] {scheduler_job.py:639} INFO - DAG(s) dict_keys(['example_kubernetes_executor']) retrieved from /Users/adhithyakarthikeyan/opt/anaconda3/lib/python3.8/site-packages/airflow/example_dags/example_kubernetes_executor.py
[2021-03-23 12:14:18,774] {logging_mixin.py:104} INFO - [2021-03-23 12:14:18,773] {dag.py:1818} INFO - Sync 1 DAGs
[2021-03-23 12:14:18,790] {logging_mixin.py:104} INFO - [2021-03-23 12:14:18,789] {dag.py:2273} INFO - Setting next_dagrun for example_kubernetes_executor to None
[2021-03-23 12:14:18,807] {scheduler_job.py:190} INFO - Processing /Users/adhithyakarthikeyan/opt/anaconda3/lib/python3.8/site-packages/airflow/example_dags/example_kubernetes_executor.py took 0.136 seconds
[2021-03-23 12:15:34,126] {scheduler_job.py:182} INFO - Started process (PID=36844) to work on /Users/adhithyakarthikeyan/opt/anaconda3/lib/python3.8/site-packages/airflow/example_dags/example_kubernetes_executor.py
[2021-03-23 12:15:34,127] {scheduler_job.py:629} INFO - Processing file /Users/adhithyakarthikeyan/opt/anaconda3/lib/python3.8/site-packages/airflow/example_dags/example_kubernetes_executor.py for tasks to queue
[2021-03-23 12:15:34,128] {logging_mixin.py:104} INFO - [2021-03-23 12:15:34,128] {dagbag.py:448} INFO - Filling up the DagBag from /Users/adhithyakarthikeyan/opt/anaconda3/lib/python3.8/site-packages/airflow/example_dags/example_kubernetes_executor.py
[2021-03-23 12:15:34,151] {scheduler_job.py:639} INFO - DAG(s) dict_keys(['example_kubernetes_executor']) retrieved from /Users/adhithyakarthikeyan/opt/anaconda3/lib/python3.8/site-packages/airflow/example_dags/example_kubernetes_executor.py
[2021-03-23 12:15:34,205] {logging_mixin.py:104} INFO - [2021-03-23 12:15:34,205] {dag.py:1818} INFO - Sync 1 DAGs
[2021-03-23 12:15:34,216] {logging_mixin.py:104} INFO - [2021-03-23 12:15:34,216] {dag.py:2273} INFO - Setting next_dagrun for example_kubernetes_executor to None
[2021-03-23 12:15:34,229] {scheduler_job.py:190} INFO - Processing /Users/adhithyakarthikeyan/opt/anaconda3/lib/python3.8/site-packages/airflow/example_dags/example_kubernetes_executor.py took 0.104 seconds
[2021-03-23 12:16:53,268] {scheduler_job.py:182} INFO - Started process (PID=36929) to work on /Users/adhithyakarthikeyan/opt/anaconda3/lib/python3.8/site-packages/airflow/example_dags/example_kubernetes_executor.py
[2021-03-23 12:16:53,270] {scheduler_job.py:629} INFO - Processing file /Users/adhithyakarthikeyan/opt/anaconda3/lib/python3.8/site-packages/airflow/example_dags/example_kubernetes_executor.py for tasks to queue
[2021-03-23 12:16:53,270] {logging_mixin.py:104} INFO - [2021-03-23 12:16:53,270] {dagbag.py:448} INFO - Filling up the DagBag from /Users/adhithyakarthikeyan/opt/anaconda3/lib/python3.8/site-packages/airflow/example_dags/example_kubernetes_executor.py
[2021-03-23 12:16:53,284] {scheduler_job.py:639} INFO - DAG(s) dict_keys(['example_kubernetes_executor']) retrieved from /Users/adhithyakarthikeyan/opt/anaconda3/lib/python3.8/site-packages/airflow/example_dags/example_kubernetes_executor.py
[2021-03-23 12:16:53,318] {logging_mixin.py:104} INFO - [2021-03-23 12:16:53,318] {dag.py:1818} INFO - Sync 1 DAGs
[2021-03-23 12:16:53,325] {logging_mixin.py:104} INFO - [2021-03-23 12:16:53,325] {dag.py:2273} INFO - Setting next_dagrun for example_kubernetes_executor to None
[2021-03-23 12:16:53,336] {scheduler_job.py:190} INFO - Processing /Users/adhithyakarthikeyan/opt/anaconda3/lib/python3.8/site-packages/airflow/example_dags/example_kubernetes_executor.py took 0.068 seconds
