[2021-03-23 12:00:11,810] {scheduler_job.py:182} INFO - Started process (PID=36054) to work on /Users/adhithyakarthikeyan/opt/anaconda3/lib/python3.8/site-packages/airflow/example_dags/example_subdag_operator.py
[2021-03-23 12:00:11,811] {scheduler_job.py:629} INFO - Processing file /Users/adhithyakarthikeyan/opt/anaconda3/lib/python3.8/site-packages/airflow/example_dags/example_subdag_operator.py for tasks to queue
[2021-03-23 12:00:11,811] {logging_mixin.py:104} INFO - [2021-03-23 12:00:11,811] {dagbag.py:448} INFO - Filling up the DagBag from /Users/adhithyakarthikeyan/opt/anaconda3/lib/python3.8/site-packages/airflow/example_dags/example_subdag_operator.py
[2021-03-23 12:00:11,860] {scheduler_job.py:639} INFO - DAG(s) dict_keys(['example_subdag_operator.section-1', 'example_subdag_operator.section-2', 'example_subdag_operator']) retrieved from /Users/adhithyakarthikeyan/opt/anaconda3/lib/python3.8/site-packages/airflow/example_dags/example_subdag_operator.py
[2021-03-23 12:00:11,868] {logging_mixin.py:104} INFO - [2021-03-23 12:00:11,868] {dag.py:1818} INFO - Sync 3 DAGs
[2021-03-23 12:00:11,875] {logging_mixin.py:104} INFO - [2021-03-23 12:00:11,875] {dag.py:2273} INFO - Setting next_dagrun for example_subdag_operator to 2021-03-21 00:00:00+00:00
[2021-03-23 12:00:11,876] {logging_mixin.py:104} INFO - [2021-03-23 12:00:11,876] {dag.py:2273} INFO - Setting next_dagrun for example_subdag_operator.section-1 to None
[2021-03-23 12:00:11,876] {logging_mixin.py:104} INFO - [2021-03-23 12:00:11,876] {dag.py:2273} INFO - Setting next_dagrun for example_subdag_operator.section-2 to None
[2021-03-23 12:00:11,880] {logging_mixin.py:104} INFO - [2021-03-23 12:00:11,880] {dag.py:1818} INFO - Sync 2 DAGs
[2021-03-23 12:00:11,885] {logging_mixin.py:104} INFO - [2021-03-23 12:00:11,885] {dag.py:2273} INFO - Setting next_dagrun for example_subdag_operator.section-1 to None
[2021-03-23 12:00:11,885] {logging_mixin.py:104} INFO - [2021-03-23 12:00:11,885] {dag.py:2273} INFO - Setting next_dagrun for example_subdag_operator.section-2 to None
[2021-03-23 12:00:11,890] {scheduler_job.py:190} INFO - Processing /Users/adhithyakarthikeyan/opt/anaconda3/lib/python3.8/site-packages/airflow/example_dags/example_subdag_operator.py took 0.080 seconds
[2021-03-23 12:08:50,160] {scheduler_job.py:182} INFO - Started process (PID=36527) to work on /Users/adhithyakarthikeyan/opt/anaconda3/lib/python3.8/site-packages/airflow/example_dags/example_subdag_operator.py
[2021-03-23 12:08:50,162] {scheduler_job.py:629} INFO - Processing file /Users/adhithyakarthikeyan/opt/anaconda3/lib/python3.8/site-packages/airflow/example_dags/example_subdag_operator.py for tasks to queue
[2021-03-23 12:08:50,162] {logging_mixin.py:104} INFO - [2021-03-23 12:08:50,162] {dagbag.py:448} INFO - Filling up the DagBag from /Users/adhithyakarthikeyan/opt/anaconda3/lib/python3.8/site-packages/airflow/example_dags/example_subdag_operator.py
[2021-03-23 12:08:50,226] {scheduler_job.py:639} INFO - DAG(s) dict_keys(['example_subdag_operator.section-1', 'example_subdag_operator.section-2', 'example_subdag_operator']) retrieved from /Users/adhithyakarthikeyan/opt/anaconda3/lib/python3.8/site-packages/airflow/example_dags/example_subdag_operator.py
[2021-03-23 12:08:50,238] {logging_mixin.py:104} INFO - [2021-03-23 12:08:50,238] {dag.py:1818} INFO - Sync 3 DAGs
[2021-03-23 12:08:50,250] {logging_mixin.py:104} INFO - [2021-03-23 12:08:50,250] {dag.py:2273} INFO - Setting next_dagrun for example_subdag_operator to 2021-03-21 00:00:00+00:00
[2021-03-23 12:08:50,251] {logging_mixin.py:104} INFO - [2021-03-23 12:08:50,250] {dag.py:2273} INFO - Setting next_dagrun for example_subdag_operator.section-1 to None
[2021-03-23 12:08:50,251] {logging_mixin.py:104} INFO - [2021-03-23 12:08:50,251] {dag.py:2273} INFO - Setting next_dagrun for example_subdag_operator.section-2 to None
[2021-03-23 12:08:50,256] {logging_mixin.py:104} INFO - [2021-03-23 12:08:50,256] {dag.py:1818} INFO - Sync 2 DAGs
[2021-03-23 12:08:50,265] {logging_mixin.py:104} INFO - [2021-03-23 12:08:50,265] {dag.py:2273} INFO - Setting next_dagrun for example_subdag_operator.section-1 to None
[2021-03-23 12:08:50,265] {logging_mixin.py:104} INFO - [2021-03-23 12:08:50,265] {dag.py:2273} INFO - Setting next_dagrun for example_subdag_operator.section-2 to None
[2021-03-23 12:08:50,273] {scheduler_job.py:190} INFO - Processing /Users/adhithyakarthikeyan/opt/anaconda3/lib/python3.8/site-packages/airflow/example_dags/example_subdag_operator.py took 0.113 seconds
[2021-03-23 12:10:53,410] {scheduler_job.py:182} INFO - Started process (PID=36598) to work on /Users/adhithyakarthikeyan/opt/anaconda3/lib/python3.8/site-packages/airflow/example_dags/example_subdag_operator.py
[2021-03-23 12:10:53,412] {scheduler_job.py:629} INFO - Processing file /Users/adhithyakarthikeyan/opt/anaconda3/lib/python3.8/site-packages/airflow/example_dags/example_subdag_operator.py for tasks to queue
[2021-03-23 12:10:53,413] {logging_mixin.py:104} INFO - [2021-03-23 12:10:53,413] {dagbag.py:448} INFO - Filling up the DagBag from /Users/adhithyakarthikeyan/opt/anaconda3/lib/python3.8/site-packages/airflow/example_dags/example_subdag_operator.py
[2021-03-23 12:10:53,557] {scheduler_job.py:639} INFO - DAG(s) dict_keys(['example_subdag_operator.section-1', 'example_subdag_operator.section-2', 'example_subdag_operator']) retrieved from /Users/adhithyakarthikeyan/opt/anaconda3/lib/python3.8/site-packages/airflow/example_dags/example_subdag_operator.py
[2021-03-23 12:10:53,579] {logging_mixin.py:104} INFO - [2021-03-23 12:10:53,579] {dag.py:1818} INFO - Sync 3 DAGs
[2021-03-23 12:10:53,600] {logging_mixin.py:104} INFO - [2021-03-23 12:10:53,600] {dag.py:2273} INFO - Setting next_dagrun for example_subdag_operator to 2021-03-21 00:00:00+00:00
[2021-03-23 12:10:53,602] {logging_mixin.py:104} INFO - [2021-03-23 12:10:53,602] {dag.py:2273} INFO - Setting next_dagrun for example_subdag_operator.section-1 to None
[2021-03-23 12:10:53,603] {logging_mixin.py:104} INFO - [2021-03-23 12:10:53,603] {dag.py:2273} INFO - Setting next_dagrun for example_subdag_operator.section-2 to None
[2021-03-23 12:10:53,613] {logging_mixin.py:104} INFO - [2021-03-23 12:10:53,612] {dag.py:1818} INFO - Sync 2 DAGs
[2021-03-23 12:10:53,624] {logging_mixin.py:104} INFO - [2021-03-23 12:10:53,624] {dag.py:2273} INFO - Setting next_dagrun for example_subdag_operator.section-1 to None
[2021-03-23 12:10:53,624] {logging_mixin.py:104} INFO - [2021-03-23 12:10:53,624] {dag.py:2273} INFO - Setting next_dagrun for example_subdag_operator.section-2 to None
[2021-03-23 12:10:53,639] {scheduler_job.py:190} INFO - Processing /Users/adhithyakarthikeyan/opt/anaconda3/lib/python3.8/site-packages/airflow/example_dags/example_subdag_operator.py took 0.230 seconds
[2021-03-23 12:12:06,002] {scheduler_job.py:182} INFO - Started process (PID=36665) to work on /Users/adhithyakarthikeyan/opt/anaconda3/lib/python3.8/site-packages/airflow/example_dags/example_subdag_operator.py
[2021-03-23 12:12:06,004] {scheduler_job.py:629} INFO - Processing file /Users/adhithyakarthikeyan/opt/anaconda3/lib/python3.8/site-packages/airflow/example_dags/example_subdag_operator.py for tasks to queue
[2021-03-23 12:12:06,004] {logging_mixin.py:104} INFO - [2021-03-23 12:12:06,004] {dagbag.py:448} INFO - Filling up the DagBag from /Users/adhithyakarthikeyan/opt/anaconda3/lib/python3.8/site-packages/airflow/example_dags/example_subdag_operator.py
[2021-03-23 12:12:06,057] {scheduler_job.py:639} INFO - DAG(s) dict_keys(['example_subdag_operator.section-1', 'example_subdag_operator.section-2', 'example_subdag_operator']) retrieved from /Users/adhithyakarthikeyan/opt/anaconda3/lib/python3.8/site-packages/airflow/example_dags/example_subdag_operator.py
[2021-03-23 12:12:06,066] {logging_mixin.py:104} INFO - [2021-03-23 12:12:06,066] {dag.py:1818} INFO - Sync 3 DAGs
[2021-03-23 12:12:06,077] {logging_mixin.py:104} INFO - [2021-03-23 12:12:06,077] {dag.py:2273} INFO - Setting next_dagrun for example_subdag_operator to 2021-03-21 00:00:00+00:00
[2021-03-23 12:12:06,078] {logging_mixin.py:104} INFO - [2021-03-23 12:12:06,078] {dag.py:2273} INFO - Setting next_dagrun for example_subdag_operator.section-1 to None
[2021-03-23 12:12:06,078] {logging_mixin.py:104} INFO - [2021-03-23 12:12:06,078] {dag.py:2273} INFO - Setting next_dagrun for example_subdag_operator.section-2 to None
[2021-03-23 12:12:06,082] {logging_mixin.py:104} INFO - [2021-03-23 12:12:06,082] {dag.py:1818} INFO - Sync 2 DAGs
[2021-03-23 12:12:06,089] {logging_mixin.py:104} INFO - [2021-03-23 12:12:06,089] {dag.py:2273} INFO - Setting next_dagrun for example_subdag_operator.section-1 to None
[2021-03-23 12:12:06,089] {logging_mixin.py:104} INFO - [2021-03-23 12:12:06,089] {dag.py:2273} INFO - Setting next_dagrun for example_subdag_operator.section-2 to None
[2021-03-23 12:12:06,094] {scheduler_job.py:190} INFO - Processing /Users/adhithyakarthikeyan/opt/anaconda3/lib/python3.8/site-packages/airflow/example_dags/example_subdag_operator.py took 0.092 seconds
[2021-03-23 12:13:21,282] {scheduler_job.py:182} INFO - Started process (PID=36711) to work on /Users/adhithyakarthikeyan/opt/anaconda3/lib/python3.8/site-packages/airflow/example_dags/example_subdag_operator.py
[2021-03-23 12:13:21,285] {scheduler_job.py:629} INFO - Processing file /Users/adhithyakarthikeyan/opt/anaconda3/lib/python3.8/site-packages/airflow/example_dags/example_subdag_operator.py for tasks to queue
[2021-03-23 12:13:21,287] {logging_mixin.py:104} INFO - [2021-03-23 12:13:21,287] {dagbag.py:448} INFO - Filling up the DagBag from /Users/adhithyakarthikeyan/opt/anaconda3/lib/python3.8/site-packages/airflow/example_dags/example_subdag_operator.py
[2021-03-23 12:13:21,444] {scheduler_job.py:639} INFO - DAG(s) dict_keys(['example_subdag_operator.section-1', 'example_subdag_operator.section-2', 'example_subdag_operator']) retrieved from /Users/adhithyakarthikeyan/opt/anaconda3/lib/python3.8/site-packages/airflow/example_dags/example_subdag_operator.py
[2021-03-23 12:13:21,467] {logging_mixin.py:104} INFO - [2021-03-23 12:13:21,467] {dag.py:1818} INFO - Sync 3 DAGs
[2021-03-23 12:13:21,488] {logging_mixin.py:104} INFO - [2021-03-23 12:13:21,488] {dag.py:2273} INFO - Setting next_dagrun for example_subdag_operator to 2021-03-21 00:00:00+00:00
[2021-03-23 12:13:21,490] {logging_mixin.py:104} INFO - [2021-03-23 12:13:21,489] {dag.py:2273} INFO - Setting next_dagrun for example_subdag_operator.section-1 to None
[2021-03-23 12:13:21,490] {logging_mixin.py:104} INFO - [2021-03-23 12:13:21,490] {dag.py:2273} INFO - Setting next_dagrun for example_subdag_operator.section-2 to None
[2021-03-23 12:13:21,504] {logging_mixin.py:104} INFO - [2021-03-23 12:13:21,504] {dag.py:1818} INFO - Sync 2 DAGs
[2021-03-23 12:13:21,543] {logging_mixin.py:104} INFO - [2021-03-23 12:13:21,542] {dag.py:2273} INFO - Setting next_dagrun for example_subdag_operator.section-1 to None
[2021-03-23 12:13:21,544] {logging_mixin.py:104} INFO - [2021-03-23 12:13:21,544] {dag.py:2273} INFO - Setting next_dagrun for example_subdag_operator.section-2 to None
[2021-03-23 12:13:21,555] {scheduler_job.py:190} INFO - Processing /Users/adhithyakarthikeyan/opt/anaconda3/lib/python3.8/site-packages/airflow/example_dags/example_subdag_operator.py took 0.277 seconds
[2021-03-23 12:16:15,104] {scheduler_job.py:182} INFO - Started process (PID=36896) to work on /Users/adhithyakarthikeyan/opt/anaconda3/lib/python3.8/site-packages/airflow/example_dags/example_subdag_operator.py
[2021-03-23 12:16:15,105] {scheduler_job.py:629} INFO - Processing file /Users/adhithyakarthikeyan/opt/anaconda3/lib/python3.8/site-packages/airflow/example_dags/example_subdag_operator.py for tasks to queue
[2021-03-23 12:16:15,106] {logging_mixin.py:104} INFO - [2021-03-23 12:16:15,106] {dagbag.py:448} INFO - Filling up the DagBag from /Users/adhithyakarthikeyan/opt/anaconda3/lib/python3.8/site-packages/airflow/example_dags/example_subdag_operator.py
[2021-03-23 12:16:15,163] {scheduler_job.py:639} INFO - DAG(s) dict_keys(['example_subdag_operator.section-1', 'example_subdag_operator.section-2', 'example_subdag_operator']) retrieved from /Users/adhithyakarthikeyan/opt/anaconda3/lib/python3.8/site-packages/airflow/example_dags/example_subdag_operator.py
[2021-03-23 12:16:15,172] {logging_mixin.py:104} INFO - [2021-03-23 12:16:15,171] {dag.py:1818} INFO - Sync 3 DAGs
[2021-03-23 12:16:15,180] {logging_mixin.py:104} INFO - [2021-03-23 12:16:15,180] {dag.py:2273} INFO - Setting next_dagrun for example_subdag_operator to 2021-03-21 00:00:00+00:00
[2021-03-23 12:16:15,181] {logging_mixin.py:104} INFO - [2021-03-23 12:16:15,181] {dag.py:2273} INFO - Setting next_dagrun for example_subdag_operator.section-1 to None
[2021-03-23 12:16:15,181] {logging_mixin.py:104} INFO - [2021-03-23 12:16:15,181] {dag.py:2273} INFO - Setting next_dagrun for example_subdag_operator.section-2 to None
[2021-03-23 12:16:15,185] {logging_mixin.py:104} INFO - [2021-03-23 12:16:15,185] {dag.py:1818} INFO - Sync 2 DAGs
[2021-03-23 12:16:15,192] {logging_mixin.py:104} INFO - [2021-03-23 12:16:15,192] {dag.py:2273} INFO - Setting next_dagrun for example_subdag_operator.section-1 to None
[2021-03-23 12:16:15,192] {logging_mixin.py:104} INFO - [2021-03-23 12:16:15,192] {dag.py:2273} INFO - Setting next_dagrun for example_subdag_operator.section-2 to None
[2021-03-23 12:16:15,197] {scheduler_job.py:190} INFO - Processing /Users/adhithyakarthikeyan/opt/anaconda3/lib/python3.8/site-packages/airflow/example_dags/example_subdag_operator.py took 0.094 seconds
[2021-03-23 12:17:43,343] {scheduler_job.py:182} INFO - Started process (PID=36973) to work on /Users/adhithyakarthikeyan/opt/anaconda3/lib/python3.8/site-packages/airflow/example_dags/example_subdag_operator.py
[2021-03-23 12:17:43,344] {scheduler_job.py:629} INFO - Processing file /Users/adhithyakarthikeyan/opt/anaconda3/lib/python3.8/site-packages/airflow/example_dags/example_subdag_operator.py for tasks to queue
[2021-03-23 12:17:43,345] {logging_mixin.py:104} INFO - [2021-03-23 12:17:43,345] {dagbag.py:448} INFO - Filling up the DagBag from /Users/adhithyakarthikeyan/opt/anaconda3/lib/python3.8/site-packages/airflow/example_dags/example_subdag_operator.py
[2021-03-23 12:17:43,411] {scheduler_job.py:639} INFO - DAG(s) dict_keys(['example_subdag_operator.section-1', 'example_subdag_operator.section-2', 'example_subdag_operator']) retrieved from /Users/adhithyakarthikeyan/opt/anaconda3/lib/python3.8/site-packages/airflow/example_dags/example_subdag_operator.py
[2021-03-23 12:17:43,420] {logging_mixin.py:104} INFO - [2021-03-23 12:17:43,420] {dag.py:1818} INFO - Sync 3 DAGs
[2021-03-23 12:17:43,430] {logging_mixin.py:104} INFO - [2021-03-23 12:17:43,429] {dag.py:2273} INFO - Setting next_dagrun for example_subdag_operator to 2021-03-21 00:00:00+00:00
[2021-03-23 12:17:43,430] {logging_mixin.py:104} INFO - [2021-03-23 12:17:43,430] {dag.py:2273} INFO - Setting next_dagrun for example_subdag_operator.section-1 to None
[2021-03-23 12:17:43,430] {logging_mixin.py:104} INFO - [2021-03-23 12:17:43,430] {dag.py:2273} INFO - Setting next_dagrun for example_subdag_operator.section-2 to None
[2021-03-23 12:17:43,434] {logging_mixin.py:104} INFO - [2021-03-23 12:17:43,434] {dag.py:1818} INFO - Sync 2 DAGs
[2021-03-23 12:17:43,442] {logging_mixin.py:104} INFO - [2021-03-23 12:17:43,442] {dag.py:2273} INFO - Setting next_dagrun for example_subdag_operator.section-1 to None
[2021-03-23 12:17:43,442] {logging_mixin.py:104} INFO - [2021-03-23 12:17:43,442] {dag.py:2273} INFO - Setting next_dagrun for example_subdag_operator.section-2 to None
[2021-03-23 12:17:43,447] {scheduler_job.py:190} INFO - Processing /Users/adhithyakarthikeyan/opt/anaconda3/lib/python3.8/site-packages/airflow/example_dags/example_subdag_operator.py took 0.105 seconds
