[2021-03-23 11:32:34,653] {scheduler_job.py:182} INFO - Started process (PID=35411) to work on /Users/adhithyakarthikeyan/opt/anaconda3/lib/python3.8/site-packages/airflow/example_dags/example_complex.py
[2021-03-23 11:32:34,654] {scheduler_job.py:629} INFO - Processing file /Users/adhithyakarthikeyan/opt/anaconda3/lib/python3.8/site-packages/airflow/example_dags/example_complex.py for tasks to queue
[2021-03-23 11:32:34,654] {logging_mixin.py:104} INFO - [2021-03-23 11:32:34,654] {dagbag.py:448} INFO - Filling up the DagBag from /Users/adhithyakarthikeyan/opt/anaconda3/lib/python3.8/site-packages/airflow/example_dags/example_complex.py
[2021-03-23 11:32:34,673] {scheduler_job.py:639} INFO - DAG(s) dict_keys(['example_complex']) retrieved from /Users/adhithyakarthikeyan/opt/anaconda3/lib/python3.8/site-packages/airflow/example_dags/example_complex.py
[2021-03-23 11:32:34,679] {logging_mixin.py:104} INFO - [2021-03-23 11:32:34,679] {dag.py:1818} INFO - Sync 1 DAGs
[2021-03-23 11:32:34,714] {logging_mixin.py:104} INFO - [2021-03-23 11:32:34,714] {dag.py:2273} INFO - Setting next_dagrun for example_complex to None
[2021-03-23 11:32:34,721] {scheduler_job.py:190} INFO - Processing /Users/adhithyakarthikeyan/opt/anaconda3/lib/python3.8/site-packages/airflow/example_dags/example_complex.py took 0.068 seconds
[2021-03-23 12:00:05,266] {scheduler_job.py:182} INFO - Started process (PID=36045) to work on /Users/adhithyakarthikeyan/opt/anaconda3/lib/python3.8/site-packages/airflow/example_dags/example_complex.py
[2021-03-23 12:00:05,267] {scheduler_job.py:629} INFO - Processing file /Users/adhithyakarthikeyan/opt/anaconda3/lib/python3.8/site-packages/airflow/example_dags/example_complex.py for tasks to queue
[2021-03-23 12:00:05,268] {logging_mixin.py:104} INFO - [2021-03-23 12:00:05,268] {dagbag.py:448} INFO - Filling up the DagBag from /Users/adhithyakarthikeyan/opt/anaconda3/lib/python3.8/site-packages/airflow/example_dags/example_complex.py
[2021-03-23 12:00:05,291] {scheduler_job.py:639} INFO - DAG(s) dict_keys(['example_complex']) retrieved from /Users/adhithyakarthikeyan/opt/anaconda3/lib/python3.8/site-packages/airflow/example_dags/example_complex.py
[2021-03-23 12:00:05,341] {logging_mixin.py:104} INFO - [2021-03-23 12:00:05,341] {dag.py:1818} INFO - Sync 1 DAGs
[2021-03-23 12:00:05,352] {logging_mixin.py:104} INFO - [2021-03-23 12:00:05,351] {dag.py:2273} INFO - Setting next_dagrun for example_complex to None
[2021-03-23 12:00:05,368] {scheduler_job.py:190} INFO - Processing /Users/adhithyakarthikeyan/opt/anaconda3/lib/python3.8/site-packages/airflow/example_dags/example_complex.py took 0.102 seconds
[2021-03-23 12:09:03,053] {scheduler_job.py:182} INFO - Started process (PID=36540) to work on /Users/adhithyakarthikeyan/opt/anaconda3/lib/python3.8/site-packages/airflow/example_dags/example_complex.py
[2021-03-23 12:09:03,054] {scheduler_job.py:629} INFO - Processing file /Users/adhithyakarthikeyan/opt/anaconda3/lib/python3.8/site-packages/airflow/example_dags/example_complex.py for tasks to queue
[2021-03-23 12:09:03,054] {logging_mixin.py:104} INFO - [2021-03-23 12:09:03,054] {dagbag.py:448} INFO - Filling up the DagBag from /Users/adhithyakarthikeyan/opt/anaconda3/lib/python3.8/site-packages/airflow/example_dags/example_complex.py
[2021-03-23 12:09:03,068] {scheduler_job.py:639} INFO - DAG(s) dict_keys(['example_complex']) retrieved from /Users/adhithyakarthikeyan/opt/anaconda3/lib/python3.8/site-packages/airflow/example_dags/example_complex.py
[2021-03-23 12:09:03,106] {logging_mixin.py:104} INFO - [2021-03-23 12:09:03,106] {dag.py:1818} INFO - Sync 1 DAGs
[2021-03-23 12:09:03,114] {logging_mixin.py:104} INFO - [2021-03-23 12:09:03,114] {dag.py:2273} INFO - Setting next_dagrun for example_complex to None
[2021-03-23 12:09:03,126] {scheduler_job.py:190} INFO - Processing /Users/adhithyakarthikeyan/opt/anaconda3/lib/python3.8/site-packages/airflow/example_dags/example_complex.py took 0.074 seconds
[2021-03-23 12:10:48,802] {scheduler_job.py:182} INFO - Started process (PID=36591) to work on /Users/adhithyakarthikeyan/opt/anaconda3/lib/python3.8/site-packages/airflow/example_dags/example_complex.py
[2021-03-23 12:10:48,805] {scheduler_job.py:629} INFO - Processing file /Users/adhithyakarthikeyan/opt/anaconda3/lib/python3.8/site-packages/airflow/example_dags/example_complex.py for tasks to queue
[2021-03-23 12:10:48,806] {logging_mixin.py:104} INFO - [2021-03-23 12:10:48,805] {dagbag.py:448} INFO - Filling up the DagBag from /Users/adhithyakarthikeyan/opt/anaconda3/lib/python3.8/site-packages/airflow/example_dags/example_complex.py
[2021-03-23 12:10:48,848] {scheduler_job.py:639} INFO - DAG(s) dict_keys(['example_complex']) retrieved from /Users/adhithyakarthikeyan/opt/anaconda3/lib/python3.8/site-packages/airflow/example_dags/example_complex.py
[2021-03-23 12:10:48,998] {logging_mixin.py:104} INFO - [2021-03-23 12:10:48,998] {dag.py:1818} INFO - Sync 1 DAGs
[2021-03-23 12:10:49,045] {logging_mixin.py:104} INFO - [2021-03-23 12:10:49,033] {dag.py:2273} INFO - Setting next_dagrun for example_complex to None
[2021-03-23 12:10:49,075] {scheduler_job.py:190} INFO - Processing /Users/adhithyakarthikeyan/opt/anaconda3/lib/python3.8/site-packages/airflow/example_dags/example_complex.py took 0.275 seconds
[2021-03-23 12:12:04,345] {scheduler_job.py:182} INFO - Started process (PID=36663) to work on /Users/adhithyakarthikeyan/opt/anaconda3/lib/python3.8/site-packages/airflow/example_dags/example_complex.py
[2021-03-23 12:12:04,346] {scheduler_job.py:629} INFO - Processing file /Users/adhithyakarthikeyan/opt/anaconda3/lib/python3.8/site-packages/airflow/example_dags/example_complex.py for tasks to queue
[2021-03-23 12:12:04,347] {logging_mixin.py:104} INFO - [2021-03-23 12:12:04,347] {dagbag.py:448} INFO - Filling up the DagBag from /Users/adhithyakarthikeyan/opt/anaconda3/lib/python3.8/site-packages/airflow/example_dags/example_complex.py
[2021-03-23 12:12:04,363] {scheduler_job.py:639} INFO - DAG(s) dict_keys(['example_complex']) retrieved from /Users/adhithyakarthikeyan/opt/anaconda3/lib/python3.8/site-packages/airflow/example_dags/example_complex.py
[2021-03-23 12:12:04,406] {logging_mixin.py:104} INFO - [2021-03-23 12:12:04,406] {dag.py:1818} INFO - Sync 1 DAGs
[2021-03-23 12:12:04,415] {logging_mixin.py:104} INFO - [2021-03-23 12:12:04,415] {dag.py:2273} INFO - Setting next_dagrun for example_complex to None
[2021-03-23 12:12:04,429] {scheduler_job.py:190} INFO - Processing /Users/adhithyakarthikeyan/opt/anaconda3/lib/python3.8/site-packages/airflow/example_dags/example_complex.py took 0.084 seconds
[2021-03-23 12:14:29,510] {scheduler_job.py:182} INFO - Started process (PID=36785) to work on /Users/adhithyakarthikeyan/opt/anaconda3/lib/python3.8/site-packages/airflow/example_dags/example_complex.py
[2021-03-23 12:14:29,511] {scheduler_job.py:629} INFO - Processing file /Users/adhithyakarthikeyan/opt/anaconda3/lib/python3.8/site-packages/airflow/example_dags/example_complex.py for tasks to queue
[2021-03-23 12:14:29,512] {logging_mixin.py:104} INFO - [2021-03-23 12:14:29,512] {dagbag.py:448} INFO - Filling up the DagBag from /Users/adhithyakarthikeyan/opt/anaconda3/lib/python3.8/site-packages/airflow/example_dags/example_complex.py
[2021-03-23 12:14:29,538] {scheduler_job.py:639} INFO - DAG(s) dict_keys(['example_complex']) retrieved from /Users/adhithyakarthikeyan/opt/anaconda3/lib/python3.8/site-packages/airflow/example_dags/example_complex.py
[2021-03-23 12:14:29,591] {logging_mixin.py:104} INFO - [2021-03-23 12:14:29,590] {dag.py:1818} INFO - Sync 1 DAGs
[2021-03-23 12:14:29,600] {logging_mixin.py:104} INFO - [2021-03-23 12:14:29,600] {dag.py:2273} INFO - Setting next_dagrun for example_complex to None
[2021-03-23 12:14:29,614] {scheduler_job.py:190} INFO - Processing /Users/adhithyakarthikeyan/opt/anaconda3/lib/python3.8/site-packages/airflow/example_dags/example_complex.py took 0.105 seconds
[2021-03-23 12:15:56,181] {scheduler_job.py:182} INFO - Started process (PID=36876) to work on /Users/adhithyakarthikeyan/opt/anaconda3/lib/python3.8/site-packages/airflow/example_dags/example_complex.py
[2021-03-23 12:15:56,183] {scheduler_job.py:629} INFO - Processing file /Users/adhithyakarthikeyan/opt/anaconda3/lib/python3.8/site-packages/airflow/example_dags/example_complex.py for tasks to queue
[2021-03-23 12:15:56,184] {logging_mixin.py:104} INFO - [2021-03-23 12:15:56,184] {dagbag.py:448} INFO - Filling up the DagBag from /Users/adhithyakarthikeyan/opt/anaconda3/lib/python3.8/site-packages/airflow/example_dags/example_complex.py
[2021-03-23 12:15:56,224] {scheduler_job.py:639} INFO - DAG(s) dict_keys(['example_complex']) retrieved from /Users/adhithyakarthikeyan/opt/anaconda3/lib/python3.8/site-packages/airflow/example_dags/example_complex.py
[2021-03-23 12:15:56,327] {logging_mixin.py:104} INFO - [2021-03-23 12:15:56,326] {dag.py:1818} INFO - Sync 1 DAGs
[2021-03-23 12:15:56,351] {logging_mixin.py:104} INFO - [2021-03-23 12:15:56,351] {dag.py:2273} INFO - Setting next_dagrun for example_complex to None
[2021-03-23 12:15:56,376] {scheduler_job.py:190} INFO - Processing /Users/adhithyakarthikeyan/opt/anaconda3/lib/python3.8/site-packages/airflow/example_dags/example_complex.py took 0.198 seconds
[2021-03-23 12:17:24,363] {scheduler_job.py:182} INFO - Started process (PID=36959) to work on /Users/adhithyakarthikeyan/opt/anaconda3/lib/python3.8/site-packages/airflow/example_dags/example_complex.py
[2021-03-23 12:17:24,365] {scheduler_job.py:629} INFO - Processing file /Users/adhithyakarthikeyan/opt/anaconda3/lib/python3.8/site-packages/airflow/example_dags/example_complex.py for tasks to queue
[2021-03-23 12:17:24,365] {logging_mixin.py:104} INFO - [2021-03-23 12:17:24,365] {dagbag.py:448} INFO - Filling up the DagBag from /Users/adhithyakarthikeyan/opt/anaconda3/lib/python3.8/site-packages/airflow/example_dags/example_complex.py
[2021-03-23 12:17:24,386] {scheduler_job.py:639} INFO - DAG(s) dict_keys(['example_complex']) retrieved from /Users/adhithyakarthikeyan/opt/anaconda3/lib/python3.8/site-packages/airflow/example_dags/example_complex.py
[2021-03-23 12:17:24,435] {logging_mixin.py:104} INFO - [2021-03-23 12:17:24,435] {dag.py:1818} INFO - Sync 1 DAGs
[2021-03-23 12:17:24,445] {logging_mixin.py:104} INFO - [2021-03-23 12:17:24,445] {dag.py:2273} INFO - Setting next_dagrun for example_complex to None
[2021-03-23 12:17:24,458] {scheduler_job.py:190} INFO - Processing /Users/adhithyakarthikeyan/opt/anaconda3/lib/python3.8/site-packages/airflow/example_dags/example_complex.py took 0.097 seconds
