[2021-03-23 11:32:56,032] {scheduler_job.py:182} INFO - Started process (PID=35443) to work on /Users/adhithyakarthikeyan/opt/anaconda3/lib/python3.8/site-packages/airflow/example_dags/example_short_circuit_operator.py
[2021-03-23 11:32:56,033] {scheduler_job.py:629} INFO - Processing file /Users/adhithyakarthikeyan/opt/anaconda3/lib/python3.8/site-packages/airflow/example_dags/example_short_circuit_operator.py for tasks to queue
[2021-03-23 11:32:56,033] {logging_mixin.py:104} INFO - [2021-03-23 11:32:56,033] {dagbag.py:448} INFO - Filling up the DagBag from /Users/adhithyakarthikeyan/opt/anaconda3/lib/python3.8/site-packages/airflow/example_dags/example_short_circuit_operator.py
[2021-03-23 11:32:56,047] {scheduler_job.py:639} INFO - DAG(s) dict_keys(['example_short_circuit_operator']) retrieved from /Users/adhithyakarthikeyan/opt/anaconda3/lib/python3.8/site-packages/airflow/example_dags/example_short_circuit_operator.py
[2021-03-23 11:32:56,081] {logging_mixin.py:104} INFO - [2021-03-23 11:32:56,080] {dag.py:1818} INFO - Sync 1 DAGs
[2021-03-23 11:32:56,089] {logging_mixin.py:104} INFO - [2021-03-23 11:32:56,089] {dag.py:2273} INFO - Setting next_dagrun for example_short_circuit_operator to 2021-03-21 00:00:00+00:00
[2021-03-23 11:32:56,095] {scheduler_job.py:190} INFO - Processing /Users/adhithyakarthikeyan/opt/anaconda3/lib/python3.8/site-packages/airflow/example_dags/example_short_circuit_operator.py took 0.064 seconds
[2021-03-23 11:59:43,059] {scheduler_job.py:182} INFO - Started process (PID=36018) to work on /Users/adhithyakarthikeyan/opt/anaconda3/lib/python3.8/site-packages/airflow/example_dags/example_short_circuit_operator.py
[2021-03-23 11:59:43,060] {scheduler_job.py:629} INFO - Processing file /Users/adhithyakarthikeyan/opt/anaconda3/lib/python3.8/site-packages/airflow/example_dags/example_short_circuit_operator.py for tasks to queue
[2021-03-23 11:59:43,061] {logging_mixin.py:104} INFO - [2021-03-23 11:59:43,061] {dagbag.py:448} INFO - Filling up the DagBag from /Users/adhithyakarthikeyan/opt/anaconda3/lib/python3.8/site-packages/airflow/example_dags/example_short_circuit_operator.py
[2021-03-23 11:59:43,076] {scheduler_job.py:639} INFO - DAG(s) dict_keys(['example_short_circuit_operator']) retrieved from /Users/adhithyakarthikeyan/opt/anaconda3/lib/python3.8/site-packages/airflow/example_dags/example_short_circuit_operator.py
[2021-03-23 11:59:43,119] {logging_mixin.py:104} INFO - [2021-03-23 11:59:43,119] {dag.py:1818} INFO - Sync 1 DAGs
[2021-03-23 11:59:43,128] {logging_mixin.py:104} INFO - [2021-03-23 11:59:43,128] {dag.py:2273} INFO - Setting next_dagrun for example_short_circuit_operator to 2021-03-21 00:00:00+00:00
[2021-03-23 11:59:43,137] {scheduler_job.py:190} INFO - Processing /Users/adhithyakarthikeyan/opt/anaconda3/lib/python3.8/site-packages/airflow/example_dags/example_short_circuit_operator.py took 0.078 seconds
[2021-03-23 12:07:31,607] {scheduler_job.py:182} INFO - Started process (PID=36444) to work on /Users/adhithyakarthikeyan/opt/anaconda3/lib/python3.8/site-packages/airflow/example_dags/example_short_circuit_operator.py
[2021-03-23 12:07:31,609] {scheduler_job.py:629} INFO - Processing file /Users/adhithyakarthikeyan/opt/anaconda3/lib/python3.8/site-packages/airflow/example_dags/example_short_circuit_operator.py for tasks to queue
[2021-03-23 12:07:31,610] {logging_mixin.py:104} INFO - [2021-03-23 12:07:31,610] {dagbag.py:448} INFO - Filling up the DagBag from /Users/adhithyakarthikeyan/opt/anaconda3/lib/python3.8/site-packages/airflow/example_dags/example_short_circuit_operator.py
[2021-03-23 12:07:31,628] {scheduler_job.py:639} INFO - DAG(s) dict_keys(['example_short_circuit_operator']) retrieved from /Users/adhithyakarthikeyan/opt/anaconda3/lib/python3.8/site-packages/airflow/example_dags/example_short_circuit_operator.py
[2021-03-23 12:07:31,705] {logging_mixin.py:104} INFO - [2021-03-23 12:07:31,705] {dag.py:1818} INFO - Sync 1 DAGs
[2021-03-23 12:07:31,738] {logging_mixin.py:104} INFO - [2021-03-23 12:07:31,738] {dag.py:2273} INFO - Setting next_dagrun for example_short_circuit_operator to 2021-03-21 00:00:00+00:00
[2021-03-23 12:07:31,749] {scheduler_job.py:190} INFO - Processing /Users/adhithyakarthikeyan/opt/anaconda3/lib/python3.8/site-packages/airflow/example_dags/example_short_circuit_operator.py took 0.143 seconds
[2021-03-23 12:11:31,033] {scheduler_job.py:182} INFO - Started process (PID=36629) to work on /Users/adhithyakarthikeyan/opt/anaconda3/lib/python3.8/site-packages/airflow/example_dags/example_short_circuit_operator.py
[2021-03-23 12:11:31,034] {scheduler_job.py:629} INFO - Processing file /Users/adhithyakarthikeyan/opt/anaconda3/lib/python3.8/site-packages/airflow/example_dags/example_short_circuit_operator.py for tasks to queue
[2021-03-23 12:11:31,035] {logging_mixin.py:104} INFO - [2021-03-23 12:11:31,035] {dagbag.py:448} INFO - Filling up the DagBag from /Users/adhithyakarthikeyan/opt/anaconda3/lib/python3.8/site-packages/airflow/example_dags/example_short_circuit_operator.py
[2021-03-23 12:11:31,049] {scheduler_job.py:639} INFO - DAG(s) dict_keys(['example_short_circuit_operator']) retrieved from /Users/adhithyakarthikeyan/opt/anaconda3/lib/python3.8/site-packages/airflow/example_dags/example_short_circuit_operator.py
[2021-03-23 12:11:31,087] {logging_mixin.py:104} INFO - [2021-03-23 12:11:31,087] {dag.py:1818} INFO - Sync 1 DAGs
[2021-03-23 12:11:31,097] {logging_mixin.py:104} INFO - [2021-03-23 12:11:31,097] {dag.py:2273} INFO - Setting next_dagrun for example_short_circuit_operator to 2021-03-21 00:00:00+00:00
[2021-03-23 12:11:31,105] {scheduler_job.py:190} INFO - Processing /Users/adhithyakarthikeyan/opt/anaconda3/lib/python3.8/site-packages/airflow/example_dags/example_short_circuit_operator.py took 0.073 seconds
[2021-03-23 12:13:38,748] {scheduler_job.py:182} INFO - Started process (PID=36734) to work on /Users/adhithyakarthikeyan/opt/anaconda3/lib/python3.8/site-packages/airflow/example_dags/example_short_circuit_operator.py
[2021-03-23 12:13:38,750] {scheduler_job.py:629} INFO - Processing file /Users/adhithyakarthikeyan/opt/anaconda3/lib/python3.8/site-packages/airflow/example_dags/example_short_circuit_operator.py for tasks to queue
[2021-03-23 12:13:38,751] {logging_mixin.py:104} INFO - [2021-03-23 12:13:38,751] {dagbag.py:448} INFO - Filling up the DagBag from /Users/adhithyakarthikeyan/opt/anaconda3/lib/python3.8/site-packages/airflow/example_dags/example_short_circuit_operator.py
[2021-03-23 12:13:38,768] {scheduler_job.py:639} INFO - DAG(s) dict_keys(['example_short_circuit_operator']) retrieved from /Users/adhithyakarthikeyan/opt/anaconda3/lib/python3.8/site-packages/airflow/example_dags/example_short_circuit_operator.py
[2021-03-23 12:13:38,810] {logging_mixin.py:104} INFO - [2021-03-23 12:13:38,810] {dag.py:1818} INFO - Sync 1 DAGs
[2021-03-23 12:13:38,821] {logging_mixin.py:104} INFO - [2021-03-23 12:13:38,821] {dag.py:2273} INFO - Setting next_dagrun for example_short_circuit_operator to 2021-03-21 00:00:00+00:00
[2021-03-23 12:13:38,833] {scheduler_job.py:190} INFO - Processing /Users/adhithyakarthikeyan/opt/anaconda3/lib/python3.8/site-packages/airflow/example_dags/example_short_circuit_operator.py took 0.086 seconds
[2021-03-23 12:15:17,430] {scheduler_job.py:182} INFO - Started process (PID=36827) to work on /Users/adhithyakarthikeyan/opt/anaconda3/lib/python3.8/site-packages/airflow/example_dags/example_short_circuit_operator.py
[2021-03-23 12:15:17,431] {scheduler_job.py:629} INFO - Processing file /Users/adhithyakarthikeyan/opt/anaconda3/lib/python3.8/site-packages/airflow/example_dags/example_short_circuit_operator.py for tasks to queue
[2021-03-23 12:15:17,432] {logging_mixin.py:104} INFO - [2021-03-23 12:15:17,432] {dagbag.py:448} INFO - Filling up the DagBag from /Users/adhithyakarthikeyan/opt/anaconda3/lib/python3.8/site-packages/airflow/example_dags/example_short_circuit_operator.py
[2021-03-23 12:15:17,457] {scheduler_job.py:639} INFO - DAG(s) dict_keys(['example_short_circuit_operator']) retrieved from /Users/adhithyakarthikeyan/opt/anaconda3/lib/python3.8/site-packages/airflow/example_dags/example_short_circuit_operator.py
[2021-03-23 12:15:17,527] {logging_mixin.py:104} INFO - [2021-03-23 12:15:17,527] {dag.py:1818} INFO - Sync 1 DAGs
[2021-03-23 12:15:17,545] {logging_mixin.py:104} INFO - [2021-03-23 12:15:17,545] {dag.py:2273} INFO - Setting next_dagrun for example_short_circuit_operator to 2021-03-21 00:00:00+00:00
[2021-03-23 12:15:17,557] {scheduler_job.py:190} INFO - Processing /Users/adhithyakarthikeyan/opt/anaconda3/lib/python3.8/site-packages/airflow/example_dags/example_short_circuit_operator.py took 0.129 seconds
[2021-03-23 12:16:36,755] {scheduler_job.py:182} INFO - Started process (PID=36914) to work on /Users/adhithyakarthikeyan/opt/anaconda3/lib/python3.8/site-packages/airflow/example_dags/example_short_circuit_operator.py
[2021-03-23 12:16:36,757] {scheduler_job.py:629} INFO - Processing file /Users/adhithyakarthikeyan/opt/anaconda3/lib/python3.8/site-packages/airflow/example_dags/example_short_circuit_operator.py for tasks to queue
[2021-03-23 12:16:36,757] {logging_mixin.py:104} INFO - [2021-03-23 12:16:36,757] {dagbag.py:448} INFO - Filling up the DagBag from /Users/adhithyakarthikeyan/opt/anaconda3/lib/python3.8/site-packages/airflow/example_dags/example_short_circuit_operator.py
[2021-03-23 12:16:36,775] {scheduler_job.py:639} INFO - DAG(s) dict_keys(['example_short_circuit_operator']) retrieved from /Users/adhithyakarthikeyan/opt/anaconda3/lib/python3.8/site-packages/airflow/example_dags/example_short_circuit_operator.py
[2021-03-23 12:16:36,831] {logging_mixin.py:104} INFO - [2021-03-23 12:16:36,830] {dag.py:1818} INFO - Sync 1 DAGs
[2021-03-23 12:16:36,843] {logging_mixin.py:104} INFO - [2021-03-23 12:16:36,843] {dag.py:2273} INFO - Setting next_dagrun for example_short_circuit_operator to 2021-03-21 00:00:00+00:00
[2021-03-23 12:16:36,853] {scheduler_job.py:190} INFO - Processing /Users/adhithyakarthikeyan/opt/anaconda3/lib/python3.8/site-packages/airflow/example_dags/example_short_circuit_operator.py took 0.098 seconds
