[2021-03-23 11:32:42,861] {scheduler_job.py:182} INFO - Started process (PID=35427) to work on /Users/adhithyakarthikeyan/opt/anaconda3/lib/python3.8/site-packages/airflow/example_dags/example_trigger_controller_dag.py
[2021-03-23 11:32:42,862] {scheduler_job.py:629} INFO - Processing file /Users/adhithyakarthikeyan/opt/anaconda3/lib/python3.8/site-packages/airflow/example_dags/example_trigger_controller_dag.py for tasks to queue
[2021-03-23 11:32:42,862] {logging_mixin.py:104} INFO - [2021-03-23 11:32:42,862] {dagbag.py:448} INFO - Filling up the DagBag from /Users/adhithyakarthikeyan/opt/anaconda3/lib/python3.8/site-packages/airflow/example_dags/example_trigger_controller_dag.py
[2021-03-23 11:32:42,874] {scheduler_job.py:639} INFO - DAG(s) dict_keys(['example_trigger_controller_dag']) retrieved from /Users/adhithyakarthikeyan/opt/anaconda3/lib/python3.8/site-packages/airflow/example_dags/example_trigger_controller_dag.py
[2021-03-23 11:32:42,908] {logging_mixin.py:104} INFO - [2021-03-23 11:32:42,908] {dag.py:1818} INFO - Sync 1 DAGs
[2021-03-23 11:32:42,916] {logging_mixin.py:104} INFO - [2021-03-23 11:32:42,916] {dag.py:2273} INFO - Setting next_dagrun for example_trigger_controller_dag to 2021-03-21 00:00:00+00:00
[2021-03-23 11:32:42,941] {scheduler_job.py:190} INFO - Processing /Users/adhithyakarthikeyan/opt/anaconda3/lib/python3.8/site-packages/airflow/example_dags/example_trigger_controller_dag.py took 0.081 seconds
[2021-03-23 11:59:53,237] {scheduler_job.py:182} INFO - Started process (PID=36032) to work on /Users/adhithyakarthikeyan/opt/anaconda3/lib/python3.8/site-packages/airflow/example_dags/example_trigger_controller_dag.py
[2021-03-23 11:59:53,268] {scheduler_job.py:629} INFO - Processing file /Users/adhithyakarthikeyan/opt/anaconda3/lib/python3.8/site-packages/airflow/example_dags/example_trigger_controller_dag.py for tasks to queue
[2021-03-23 11:59:53,269] {logging_mixin.py:104} INFO - [2021-03-23 11:59:53,269] {dagbag.py:448} INFO - Filling up the DagBag from /Users/adhithyakarthikeyan/opt/anaconda3/lib/python3.8/site-packages/airflow/example_dags/example_trigger_controller_dag.py
[2021-03-23 11:59:53,286] {scheduler_job.py:639} INFO - DAG(s) dict_keys(['example_trigger_controller_dag']) retrieved from /Users/adhithyakarthikeyan/opt/anaconda3/lib/python3.8/site-packages/airflow/example_dags/example_trigger_controller_dag.py
[2021-03-23 11:59:53,344] {logging_mixin.py:104} INFO - [2021-03-23 11:59:53,344] {dag.py:1818} INFO - Sync 1 DAGs
[2021-03-23 11:59:53,358] {logging_mixin.py:104} INFO - [2021-03-23 11:59:53,358] {dag.py:2273} INFO - Setting next_dagrun for example_trigger_controller_dag to 2021-03-21 00:00:00+00:00
[2021-03-23 11:59:53,371] {scheduler_job.py:190} INFO - Processing /Users/adhithyakarthikeyan/opt/anaconda3/lib/python3.8/site-packages/airflow/example_dags/example_trigger_controller_dag.py took 0.135 seconds
[2021-03-23 12:07:21,380] {scheduler_job.py:182} INFO - Started process (PID=36432) to work on /Users/adhithyakarthikeyan/opt/anaconda3/lib/python3.8/site-packages/airflow/example_dags/example_trigger_controller_dag.py
[2021-03-23 12:07:21,381] {scheduler_job.py:629} INFO - Processing file /Users/adhithyakarthikeyan/opt/anaconda3/lib/python3.8/site-packages/airflow/example_dags/example_trigger_controller_dag.py for tasks to queue
[2021-03-23 12:07:21,382] {logging_mixin.py:104} INFO - [2021-03-23 12:07:21,381] {dagbag.py:448} INFO - Filling up the DagBag from /Users/adhithyakarthikeyan/opt/anaconda3/lib/python3.8/site-packages/airflow/example_dags/example_trigger_controller_dag.py
[2021-03-23 12:07:21,398] {scheduler_job.py:639} INFO - DAG(s) dict_keys(['example_trigger_controller_dag']) retrieved from /Users/adhithyakarthikeyan/opt/anaconda3/lib/python3.8/site-packages/airflow/example_dags/example_trigger_controller_dag.py
[2021-03-23 12:07:21,435] {logging_mixin.py:104} INFO - [2021-03-23 12:07:21,435] {dag.py:1818} INFO - Sync 1 DAGs
[2021-03-23 12:07:21,444] {logging_mixin.py:104} INFO - [2021-03-23 12:07:21,444] {dag.py:2273} INFO - Setting next_dagrun for example_trigger_controller_dag to 2021-03-21 00:00:00+00:00
[2021-03-23 12:07:21,451] {scheduler_job.py:190} INFO - Processing /Users/adhithyakarthikeyan/opt/anaconda3/lib/python3.8/site-packages/airflow/example_dags/example_trigger_controller_dag.py took 0.072 seconds
[2021-03-23 12:08:18,155] {scheduler_job.py:182} INFO - Started process (PID=36494) to work on /Users/adhithyakarthikeyan/opt/anaconda3/lib/python3.8/site-packages/airflow/example_dags/example_trigger_controller_dag.py
[2021-03-23 12:08:18,156] {scheduler_job.py:629} INFO - Processing file /Users/adhithyakarthikeyan/opt/anaconda3/lib/python3.8/site-packages/airflow/example_dags/example_trigger_controller_dag.py for tasks to queue
[2021-03-23 12:08:18,157] {logging_mixin.py:104} INFO - [2021-03-23 12:08:18,157] {dagbag.py:448} INFO - Filling up the DagBag from /Users/adhithyakarthikeyan/opt/anaconda3/lib/python3.8/site-packages/airflow/example_dags/example_trigger_controller_dag.py
[2021-03-23 12:08:18,187] {scheduler_job.py:639} INFO - DAG(s) dict_keys(['example_trigger_controller_dag']) retrieved from /Users/adhithyakarthikeyan/opt/anaconda3/lib/python3.8/site-packages/airflow/example_dags/example_trigger_controller_dag.py
[2021-03-23 12:08:18,280] {logging_mixin.py:104} INFO - [2021-03-23 12:08:18,280] {dag.py:1818} INFO - Sync 1 DAGs
[2021-03-23 12:08:18,302] {logging_mixin.py:104} INFO - [2021-03-23 12:08:18,301] {dag.py:2273} INFO - Setting next_dagrun for example_trigger_controller_dag to 2021-03-21 00:00:00+00:00
[2021-03-23 12:08:18,318] {scheduler_job.py:190} INFO - Processing /Users/adhithyakarthikeyan/opt/anaconda3/lib/python3.8/site-packages/airflow/example_dags/example_trigger_controller_dag.py took 0.164 seconds
[2021-03-23 12:11:43,434] {scheduler_job.py:182} INFO - Started process (PID=36640) to work on /Users/adhithyakarthikeyan/opt/anaconda3/lib/python3.8/site-packages/airflow/example_dags/example_trigger_controller_dag.py
[2021-03-23 12:11:43,436] {scheduler_job.py:629} INFO - Processing file /Users/adhithyakarthikeyan/opt/anaconda3/lib/python3.8/site-packages/airflow/example_dags/example_trigger_controller_dag.py for tasks to queue
[2021-03-23 12:11:43,437] {logging_mixin.py:104} INFO - [2021-03-23 12:11:43,437] {dagbag.py:448} INFO - Filling up the DagBag from /Users/adhithyakarthikeyan/opt/anaconda3/lib/python3.8/site-packages/airflow/example_dags/example_trigger_controller_dag.py
[2021-03-23 12:11:43,456] {scheduler_job.py:639} INFO - DAG(s) dict_keys(['example_trigger_controller_dag']) retrieved from /Users/adhithyakarthikeyan/opt/anaconda3/lib/python3.8/site-packages/airflow/example_dags/example_trigger_controller_dag.py
[2021-03-23 12:11:43,530] {logging_mixin.py:104} INFO - [2021-03-23 12:11:43,529] {dag.py:1818} INFO - Sync 1 DAGs
[2021-03-23 12:11:43,546] {logging_mixin.py:104} INFO - [2021-03-23 12:11:43,546] {dag.py:2273} INFO - Setting next_dagrun for example_trigger_controller_dag to 2021-03-21 00:00:00+00:00
[2021-03-23 12:11:43,560] {scheduler_job.py:190} INFO - Processing /Users/adhithyakarthikeyan/opt/anaconda3/lib/python3.8/site-packages/airflow/example_dags/example_trigger_controller_dag.py took 0.128 seconds
[2021-03-23 12:13:32,455] {scheduler_job.py:182} INFO - Started process (PID=36724) to work on /Users/adhithyakarthikeyan/opt/anaconda3/lib/python3.8/site-packages/airflow/example_dags/example_trigger_controller_dag.py
[2021-03-23 12:13:32,456] {scheduler_job.py:629} INFO - Processing file /Users/adhithyakarthikeyan/opt/anaconda3/lib/python3.8/site-packages/airflow/example_dags/example_trigger_controller_dag.py for tasks to queue
[2021-03-23 12:13:32,457] {logging_mixin.py:104} INFO - [2021-03-23 12:13:32,457] {dagbag.py:448} INFO - Filling up the DagBag from /Users/adhithyakarthikeyan/opt/anaconda3/lib/python3.8/site-packages/airflow/example_dags/example_trigger_controller_dag.py
[2021-03-23 12:13:32,472] {scheduler_job.py:639} INFO - DAG(s) dict_keys(['example_trigger_controller_dag']) retrieved from /Users/adhithyakarthikeyan/opt/anaconda3/lib/python3.8/site-packages/airflow/example_dags/example_trigger_controller_dag.py
[2021-03-23 12:13:32,526] {logging_mixin.py:104} INFO - [2021-03-23 12:13:32,526] {dag.py:1818} INFO - Sync 1 DAGs
[2021-03-23 12:13:32,539] {logging_mixin.py:104} INFO - [2021-03-23 12:13:32,539] {dag.py:2273} INFO - Setting next_dagrun for example_trigger_controller_dag to 2021-03-21 00:00:00+00:00
[2021-03-23 12:13:32,549] {scheduler_job.py:190} INFO - Processing /Users/adhithyakarthikeyan/opt/anaconda3/lib/python3.8/site-packages/airflow/example_dags/example_trigger_controller_dag.py took 0.096 seconds
[2021-03-23 12:15:04,136] {scheduler_job.py:182} INFO - Started process (PID=36816) to work on /Users/adhithyakarthikeyan/opt/anaconda3/lib/python3.8/site-packages/airflow/example_dags/example_trigger_controller_dag.py
[2021-03-23 12:15:04,137] {scheduler_job.py:629} INFO - Processing file /Users/adhithyakarthikeyan/opt/anaconda3/lib/python3.8/site-packages/airflow/example_dags/example_trigger_controller_dag.py for tasks to queue
[2021-03-23 12:15:04,138] {logging_mixin.py:104} INFO - [2021-03-23 12:15:04,138] {dagbag.py:448} INFO - Filling up the DagBag from /Users/adhithyakarthikeyan/opt/anaconda3/lib/python3.8/site-packages/airflow/example_dags/example_trigger_controller_dag.py
[2021-03-23 12:15:04,164] {scheduler_job.py:639} INFO - DAG(s) dict_keys(['example_trigger_controller_dag']) retrieved from /Users/adhithyakarthikeyan/opt/anaconda3/lib/python3.8/site-packages/airflow/example_dags/example_trigger_controller_dag.py
[2021-03-23 12:15:04,274] {logging_mixin.py:104} INFO - [2021-03-23 12:15:04,274] {dag.py:1818} INFO - Sync 1 DAGs
[2021-03-23 12:15:04,297] {logging_mixin.py:104} INFO - [2021-03-23 12:15:04,297] {dag.py:2273} INFO - Setting next_dagrun for example_trigger_controller_dag to 2021-03-21 00:00:00+00:00
[2021-03-23 12:15:04,318] {scheduler_job.py:190} INFO - Processing /Users/adhithyakarthikeyan/opt/anaconda3/lib/python3.8/site-packages/airflow/example_dags/example_trigger_controller_dag.py took 0.184 seconds
[2021-03-23 12:16:26,035] {scheduler_job.py:182} INFO - Started process (PID=36905) to work on /Users/adhithyakarthikeyan/opt/anaconda3/lib/python3.8/site-packages/airflow/example_dags/example_trigger_controller_dag.py
[2021-03-23 12:16:26,036] {scheduler_job.py:629} INFO - Processing file /Users/adhithyakarthikeyan/opt/anaconda3/lib/python3.8/site-packages/airflow/example_dags/example_trigger_controller_dag.py for tasks to queue
[2021-03-23 12:16:26,037] {logging_mixin.py:104} INFO - [2021-03-23 12:16:26,037] {dagbag.py:448} INFO - Filling up the DagBag from /Users/adhithyakarthikeyan/opt/anaconda3/lib/python3.8/site-packages/airflow/example_dags/example_trigger_controller_dag.py
[2021-03-23 12:16:26,053] {scheduler_job.py:639} INFO - DAG(s) dict_keys(['example_trigger_controller_dag']) retrieved from /Users/adhithyakarthikeyan/opt/anaconda3/lib/python3.8/site-packages/airflow/example_dags/example_trigger_controller_dag.py
[2021-03-23 12:16:26,104] {logging_mixin.py:104} INFO - [2021-03-23 12:16:26,104] {dag.py:1818} INFO - Sync 1 DAGs
[2021-03-23 12:16:26,117] {logging_mixin.py:104} INFO - [2021-03-23 12:16:26,117] {dag.py:2273} INFO - Setting next_dagrun for example_trigger_controller_dag to 2021-03-21 00:00:00+00:00
[2021-03-23 12:16:26,130] {scheduler_job.py:190} INFO - Processing /Users/adhithyakarthikeyan/opt/anaconda3/lib/python3.8/site-packages/airflow/example_dags/example_trigger_controller_dag.py took 0.095 seconds
[2021-03-23 12:17:15,765] {scheduler_job.py:182} INFO - Started process (PID=36952) to work on /Users/adhithyakarthikeyan/opt/anaconda3/lib/python3.8/site-packages/airflow/example_dags/example_trigger_controller_dag.py
[2021-03-23 12:17:15,767] {scheduler_job.py:629} INFO - Processing file /Users/adhithyakarthikeyan/opt/anaconda3/lib/python3.8/site-packages/airflow/example_dags/example_trigger_controller_dag.py for tasks to queue
[2021-03-23 12:17:15,768] {logging_mixin.py:104} INFO - [2021-03-23 12:17:15,767] {dagbag.py:448} INFO - Filling up the DagBag from /Users/adhithyakarthikeyan/opt/anaconda3/lib/python3.8/site-packages/airflow/example_dags/example_trigger_controller_dag.py
[2021-03-23 12:17:15,786] {scheduler_job.py:639} INFO - DAG(s) dict_keys(['example_trigger_controller_dag']) retrieved from /Users/adhithyakarthikeyan/opt/anaconda3/lib/python3.8/site-packages/airflow/example_dags/example_trigger_controller_dag.py
[2021-03-23 12:17:15,852] {logging_mixin.py:104} INFO - [2021-03-23 12:17:15,852] {dag.py:1818} INFO - Sync 1 DAGs
[2021-03-23 12:17:15,866] {logging_mixin.py:104} INFO - [2021-03-23 12:17:15,865] {dag.py:2273} INFO - Setting next_dagrun for example_trigger_controller_dag to 2021-03-21 00:00:00+00:00
[2021-03-23 12:17:15,878] {scheduler_job.py:190} INFO - Processing /Users/adhithyakarthikeyan/opt/anaconda3/lib/python3.8/site-packages/airflow/example_dags/example_trigger_controller_dag.py took 0.114 seconds
