[2021-03-23 12:00:19,826] {scheduler_job.py:182} INFO - Started process (PID=36063) to work on /Users/adhithyakarthikeyan/opt/anaconda3/lib/python3.8/site-packages/airflow/example_dags/example_trigger_target_dag.py
[2021-03-23 12:00:19,827] {scheduler_job.py:629} INFO - Processing file /Users/adhithyakarthikeyan/opt/anaconda3/lib/python3.8/site-packages/airflow/example_dags/example_trigger_target_dag.py for tasks to queue
[2021-03-23 12:00:19,828] {logging_mixin.py:104} INFO - [2021-03-23 12:00:19,827] {dagbag.py:448} INFO - Filling up the DagBag from /Users/adhithyakarthikeyan/opt/anaconda3/lib/python3.8/site-packages/airflow/example_dags/example_trigger_target_dag.py
[2021-03-23 12:00:19,841] {scheduler_job.py:639} INFO - DAG(s) dict_keys(['example_trigger_target_dag']) retrieved from /Users/adhithyakarthikeyan/opt/anaconda3/lib/python3.8/site-packages/airflow/example_dags/example_trigger_target_dag.py
[2021-03-23 12:00:19,874] {logging_mixin.py:104} INFO - [2021-03-23 12:00:19,874] {dag.py:1818} INFO - Sync 1 DAGs
[2021-03-23 12:00:19,881] {logging_mixin.py:104} INFO - [2021-03-23 12:00:19,881] {dag.py:2273} INFO - Setting next_dagrun for example_trigger_target_dag to None
[2021-03-23 12:00:19,890] {scheduler_job.py:190} INFO - Processing /Users/adhithyakarthikeyan/opt/anaconda3/lib/python3.8/site-packages/airflow/example_dags/example_trigger_target_dag.py took 0.065 seconds
[2021-03-23 12:07:36,387] {scheduler_job.py:182} INFO - Started process (PID=36449) to work on /Users/adhithyakarthikeyan/opt/anaconda3/lib/python3.8/site-packages/airflow/example_dags/example_trigger_target_dag.py
[2021-03-23 12:07:36,388] {scheduler_job.py:629} INFO - Processing file /Users/adhithyakarthikeyan/opt/anaconda3/lib/python3.8/site-packages/airflow/example_dags/example_trigger_target_dag.py for tasks to queue
[2021-03-23 12:07:36,389] {logging_mixin.py:104} INFO - [2021-03-23 12:07:36,389] {dagbag.py:448} INFO - Filling up the DagBag from /Users/adhithyakarthikeyan/opt/anaconda3/lib/python3.8/site-packages/airflow/example_dags/example_trigger_target_dag.py
[2021-03-23 12:07:36,403] {scheduler_job.py:639} INFO - DAG(s) dict_keys(['example_trigger_target_dag']) retrieved from /Users/adhithyakarthikeyan/opt/anaconda3/lib/python3.8/site-packages/airflow/example_dags/example_trigger_target_dag.py
[2021-03-23 12:07:36,435] {logging_mixin.py:104} INFO - [2021-03-23 12:07:36,435] {dag.py:1818} INFO - Sync 1 DAGs
[2021-03-23 12:07:36,443] {logging_mixin.py:104} INFO - [2021-03-23 12:07:36,443] {dag.py:2273} INFO - Setting next_dagrun for example_trigger_target_dag to None
[2021-03-23 12:07:36,449] {scheduler_job.py:190} INFO - Processing /Users/adhithyakarthikeyan/opt/anaconda3/lib/python3.8/site-packages/airflow/example_dags/example_trigger_target_dag.py took 0.063 seconds
[2021-03-23 12:08:54,946] {scheduler_job.py:182} INFO - Started process (PID=36532) to work on /Users/adhithyakarthikeyan/opt/anaconda3/lib/python3.8/site-packages/airflow/example_dags/example_trigger_target_dag.py
[2021-03-23 12:08:54,948] {scheduler_job.py:629} INFO - Processing file /Users/adhithyakarthikeyan/opt/anaconda3/lib/python3.8/site-packages/airflow/example_dags/example_trigger_target_dag.py for tasks to queue
[2021-03-23 12:08:54,949] {logging_mixin.py:104} INFO - [2021-03-23 12:08:54,949] {dagbag.py:448} INFO - Filling up the DagBag from /Users/adhithyakarthikeyan/opt/anaconda3/lib/python3.8/site-packages/airflow/example_dags/example_trigger_target_dag.py
[2021-03-23 12:08:54,963] {scheduler_job.py:639} INFO - DAG(s) dict_keys(['example_trigger_target_dag']) retrieved from /Users/adhithyakarthikeyan/opt/anaconda3/lib/python3.8/site-packages/airflow/example_dags/example_trigger_target_dag.py
[2021-03-23 12:08:54,997] {logging_mixin.py:104} INFO - [2021-03-23 12:08:54,997] {dag.py:1818} INFO - Sync 1 DAGs
[2021-03-23 12:08:55,004] {logging_mixin.py:104} INFO - [2021-03-23 12:08:55,004] {dag.py:2273} INFO - Setting next_dagrun for example_trigger_target_dag to None
[2021-03-23 12:08:55,010] {scheduler_job.py:190} INFO - Processing /Users/adhithyakarthikeyan/opt/anaconda3/lib/python3.8/site-packages/airflow/example_dags/example_trigger_target_dag.py took 0.065 seconds
[2021-03-23 12:11:51,437] {scheduler_job.py:182} INFO - Started process (PID=36647) to work on /Users/adhithyakarthikeyan/opt/anaconda3/lib/python3.8/site-packages/airflow/example_dags/example_trigger_target_dag.py
[2021-03-23 12:11:51,439] {scheduler_job.py:629} INFO - Processing file /Users/adhithyakarthikeyan/opt/anaconda3/lib/python3.8/site-packages/airflow/example_dags/example_trigger_target_dag.py for tasks to queue
[2021-03-23 12:11:51,439] {logging_mixin.py:104} INFO - [2021-03-23 12:11:51,439] {dagbag.py:448} INFO - Filling up the DagBag from /Users/adhithyakarthikeyan/opt/anaconda3/lib/python3.8/site-packages/airflow/example_dags/example_trigger_target_dag.py
[2021-03-23 12:11:51,450] {scheduler_job.py:639} INFO - DAG(s) dict_keys(['example_trigger_target_dag']) retrieved from /Users/adhithyakarthikeyan/opt/anaconda3/lib/python3.8/site-packages/airflow/example_dags/example_trigger_target_dag.py
[2021-03-23 12:11:51,484] {logging_mixin.py:104} INFO - [2021-03-23 12:11:51,483] {dag.py:1818} INFO - Sync 1 DAGs
[2021-03-23 12:11:51,491] {logging_mixin.py:104} INFO - [2021-03-23 12:11:51,491] {dag.py:2273} INFO - Setting next_dagrun for example_trigger_target_dag to None
[2021-03-23 12:11:51,497] {scheduler_job.py:190} INFO - Processing /Users/adhithyakarthikeyan/opt/anaconda3/lib/python3.8/site-packages/airflow/example_dags/example_trigger_target_dag.py took 0.061 seconds
[2021-03-23 12:13:35,926] {scheduler_job.py:182} INFO - Started process (PID=36726) to work on /Users/adhithyakarthikeyan/opt/anaconda3/lib/python3.8/site-packages/airflow/example_dags/example_trigger_target_dag.py
[2021-03-23 12:13:35,927] {scheduler_job.py:629} INFO - Processing file /Users/adhithyakarthikeyan/opt/anaconda3/lib/python3.8/site-packages/airflow/example_dags/example_trigger_target_dag.py for tasks to queue
[2021-03-23 12:13:35,928] {logging_mixin.py:104} INFO - [2021-03-23 12:13:35,928] {dagbag.py:448} INFO - Filling up the DagBag from /Users/adhithyakarthikeyan/opt/anaconda3/lib/python3.8/site-packages/airflow/example_dags/example_trigger_target_dag.py
[2021-03-23 12:13:35,948] {scheduler_job.py:639} INFO - DAG(s) dict_keys(['example_trigger_target_dag']) retrieved from /Users/adhithyakarthikeyan/opt/anaconda3/lib/python3.8/site-packages/airflow/example_dags/example_trigger_target_dag.py
[2021-03-23 12:13:36,015] {logging_mixin.py:104} INFO - [2021-03-23 12:13:36,014] {dag.py:1818} INFO - Sync 1 DAGs
[2021-03-23 12:13:36,035] {logging_mixin.py:104} INFO - [2021-03-23 12:13:36,034] {dag.py:2273} INFO - Setting next_dagrun for example_trigger_target_dag to None
[2021-03-23 12:13:36,047] {scheduler_job.py:190} INFO - Processing /Users/adhithyakarthikeyan/opt/anaconda3/lib/python3.8/site-packages/airflow/example_dags/example_trigger_target_dag.py took 0.122 seconds
[2021-03-23 12:15:11,213] {scheduler_job.py:182} INFO - Started process (PID=36823) to work on /Users/adhithyakarthikeyan/opt/anaconda3/lib/python3.8/site-packages/airflow/example_dags/example_trigger_target_dag.py
[2021-03-23 12:15:11,215] {scheduler_job.py:629} INFO - Processing file /Users/adhithyakarthikeyan/opt/anaconda3/lib/python3.8/site-packages/airflow/example_dags/example_trigger_target_dag.py for tasks to queue
[2021-03-23 12:15:11,216] {logging_mixin.py:104} INFO - [2021-03-23 12:15:11,216] {dagbag.py:448} INFO - Filling up the DagBag from /Users/adhithyakarthikeyan/opt/anaconda3/lib/python3.8/site-packages/airflow/example_dags/example_trigger_target_dag.py
[2021-03-23 12:15:11,233] {scheduler_job.py:639} INFO - DAG(s) dict_keys(['example_trigger_target_dag']) retrieved from /Users/adhithyakarthikeyan/opt/anaconda3/lib/python3.8/site-packages/airflow/example_dags/example_trigger_target_dag.py
[2021-03-23 12:15:11,275] {logging_mixin.py:104} INFO - [2021-03-23 12:15:11,275] {dag.py:1818} INFO - Sync 1 DAGs
[2021-03-23 12:15:11,286] {logging_mixin.py:104} INFO - [2021-03-23 12:15:11,286] {dag.py:2273} INFO - Setting next_dagrun for example_trigger_target_dag to None
[2021-03-23 12:15:11,297] {scheduler_job.py:190} INFO - Processing /Users/adhithyakarthikeyan/opt/anaconda3/lib/python3.8/site-packages/airflow/example_dags/example_trigger_target_dag.py took 0.085 seconds
[2021-03-23 12:16:31,773] {scheduler_job.py:182} INFO - Started process (PID=36910) to work on /Users/adhithyakarthikeyan/opt/anaconda3/lib/python3.8/site-packages/airflow/example_dags/example_trigger_target_dag.py
[2021-03-23 12:16:31,775] {scheduler_job.py:629} INFO - Processing file /Users/adhithyakarthikeyan/opt/anaconda3/lib/python3.8/site-packages/airflow/example_dags/example_trigger_target_dag.py for tasks to queue
[2021-03-23 12:16:31,775] {logging_mixin.py:104} INFO - [2021-03-23 12:16:31,775] {dagbag.py:448} INFO - Filling up the DagBag from /Users/adhithyakarthikeyan/opt/anaconda3/lib/python3.8/site-packages/airflow/example_dags/example_trigger_target_dag.py
[2021-03-23 12:16:31,792] {scheduler_job.py:639} INFO - DAG(s) dict_keys(['example_trigger_target_dag']) retrieved from /Users/adhithyakarthikeyan/opt/anaconda3/lib/python3.8/site-packages/airflow/example_dags/example_trigger_target_dag.py
[2021-03-23 12:16:31,837] {logging_mixin.py:104} INFO - [2021-03-23 12:16:31,837] {dag.py:1818} INFO - Sync 1 DAGs
[2021-03-23 12:16:31,846] {logging_mixin.py:104} INFO - [2021-03-23 12:16:31,846] {dag.py:2273} INFO - Setting next_dagrun for example_trigger_target_dag to None
[2021-03-23 12:16:31,855] {scheduler_job.py:190} INFO - Processing /Users/adhithyakarthikeyan/opt/anaconda3/lib/python3.8/site-packages/airflow/example_dags/example_trigger_target_dag.py took 0.083 seconds
