[2021-03-23 12:00:00,320] {scheduler_job.py:182} INFO - Started process (PID=36041) to work on /Users/adhithyakarthikeyan/opt/anaconda3/lib/python3.8/site-packages/airflow/example_dags/example_latest_only_with_trigger.py
[2021-03-23 12:00:00,321] {scheduler_job.py:629} INFO - Processing file /Users/adhithyakarthikeyan/opt/anaconda3/lib/python3.8/site-packages/airflow/example_dags/example_latest_only_with_trigger.py for tasks to queue
[2021-03-23 12:00:00,321] {logging_mixin.py:104} INFO - [2021-03-23 12:00:00,321] {dagbag.py:448} INFO - Filling up the DagBag from /Users/adhithyakarthikeyan/opt/anaconda3/lib/python3.8/site-packages/airflow/example_dags/example_latest_only_with_trigger.py
[2021-03-23 12:00:00,335] {scheduler_job.py:639} INFO - DAG(s) dict_keys(['latest_only_with_trigger']) retrieved from /Users/adhithyakarthikeyan/opt/anaconda3/lib/python3.8/site-packages/airflow/example_dags/example_latest_only_with_trigger.py
[2021-03-23 12:00:00,372] {logging_mixin.py:104} INFO - [2021-03-23 12:00:00,372] {dag.py:1818} INFO - Sync 1 DAGs
[2021-03-23 12:00:00,380] {logging_mixin.py:104} INFO - [2021-03-23 12:00:00,380] {dag.py:2273} INFO - Setting next_dagrun for latest_only_with_trigger to 2021-03-21 00:00:00+00:00
[2021-03-23 12:00:00,394] {scheduler_job.py:190} INFO - Processing /Users/adhithyakarthikeyan/opt/anaconda3/lib/python3.8/site-packages/airflow/example_dags/example_latest_only_with_trigger.py took 0.074 seconds
[2021-03-23 12:08:14,342] {scheduler_job.py:182} INFO - Started process (PID=36487) to work on /Users/adhithyakarthikeyan/opt/anaconda3/lib/python3.8/site-packages/airflow/example_dags/example_latest_only_with_trigger.py
[2021-03-23 12:08:14,343] {scheduler_job.py:629} INFO - Processing file /Users/adhithyakarthikeyan/opt/anaconda3/lib/python3.8/site-packages/airflow/example_dags/example_latest_only_with_trigger.py for tasks to queue
[2021-03-23 12:08:14,343] {logging_mixin.py:104} INFO - [2021-03-23 12:08:14,343] {dagbag.py:448} INFO - Filling up the DagBag from /Users/adhithyakarthikeyan/opt/anaconda3/lib/python3.8/site-packages/airflow/example_dags/example_latest_only_with_trigger.py
[2021-03-23 12:08:14,363] {scheduler_job.py:639} INFO - DAG(s) dict_keys(['latest_only_with_trigger']) retrieved from /Users/adhithyakarthikeyan/opt/anaconda3/lib/python3.8/site-packages/airflow/example_dags/example_latest_only_with_trigger.py
[2021-03-23 12:08:14,411] {logging_mixin.py:104} INFO - [2021-03-23 12:08:14,411] {dag.py:1818} INFO - Sync 1 DAGs
[2021-03-23 12:08:14,422] {logging_mixin.py:104} INFO - [2021-03-23 12:08:14,421] {dag.py:2273} INFO - Setting next_dagrun for latest_only_with_trigger to 2021-03-21 00:00:00+00:00
[2021-03-23 12:08:14,434] {scheduler_job.py:190} INFO - Processing /Users/adhithyakarthikeyan/opt/anaconda3/lib/python3.8/site-packages/airflow/example_dags/example_latest_only_with_trigger.py took 0.093 seconds
[2021-03-23 12:11:55,477] {scheduler_job.py:182} INFO - Started process (PID=36655) to work on /Users/adhithyakarthikeyan/opt/anaconda3/lib/python3.8/site-packages/airflow/example_dags/example_latest_only_with_trigger.py
[2021-03-23 12:11:55,478] {scheduler_job.py:629} INFO - Processing file /Users/adhithyakarthikeyan/opt/anaconda3/lib/python3.8/site-packages/airflow/example_dags/example_latest_only_with_trigger.py for tasks to queue
[2021-03-23 12:11:55,479] {logging_mixin.py:104} INFO - [2021-03-23 12:11:55,479] {dagbag.py:448} INFO - Filling up the DagBag from /Users/adhithyakarthikeyan/opt/anaconda3/lib/python3.8/site-packages/airflow/example_dags/example_latest_only_with_trigger.py
[2021-03-23 12:11:55,491] {scheduler_job.py:639} INFO - DAG(s) dict_keys(['latest_only_with_trigger']) retrieved from /Users/adhithyakarthikeyan/opt/anaconda3/lib/python3.8/site-packages/airflow/example_dags/example_latest_only_with_trigger.py
[2021-03-23 12:11:55,526] {logging_mixin.py:104} INFO - [2021-03-23 12:11:55,526] {dag.py:1818} INFO - Sync 1 DAGs
[2021-03-23 12:11:55,534] {logging_mixin.py:104} INFO - [2021-03-23 12:11:55,534] {dag.py:2273} INFO - Setting next_dagrun for latest_only_with_trigger to 2021-03-21 00:00:00+00:00
[2021-03-23 12:11:55,541] {scheduler_job.py:190} INFO - Processing /Users/adhithyakarthikeyan/opt/anaconda3/lib/python3.8/site-packages/airflow/example_dags/example_latest_only_with_trigger.py took 0.064 seconds
[2021-03-23 12:13:29,760] {scheduler_job.py:182} INFO - Started process (PID=36721) to work on /Users/adhithyakarthikeyan/opt/anaconda3/lib/python3.8/site-packages/airflow/example_dags/example_latest_only_with_trigger.py
[2021-03-23 12:13:29,761] {scheduler_job.py:629} INFO - Processing file /Users/adhithyakarthikeyan/opt/anaconda3/lib/python3.8/site-packages/airflow/example_dags/example_latest_only_with_trigger.py for tasks to queue
[2021-03-23 12:13:29,762] {logging_mixin.py:104} INFO - [2021-03-23 12:13:29,762] {dagbag.py:448} INFO - Filling up the DagBag from /Users/adhithyakarthikeyan/opt/anaconda3/lib/python3.8/site-packages/airflow/example_dags/example_latest_only_with_trigger.py
[2021-03-23 12:13:29,781] {scheduler_job.py:639} INFO - DAG(s) dict_keys(['latest_only_with_trigger']) retrieved from /Users/adhithyakarthikeyan/opt/anaconda3/lib/python3.8/site-packages/airflow/example_dags/example_latest_only_with_trigger.py
[2021-03-23 12:13:29,829] {logging_mixin.py:104} INFO - [2021-03-23 12:13:29,829] {dag.py:1818} INFO - Sync 1 DAGs
[2021-03-23 12:13:29,842] {logging_mixin.py:104} INFO - [2021-03-23 12:13:29,842] {dag.py:2273} INFO - Setting next_dagrun for latest_only_with_trigger to 2021-03-21 00:00:00+00:00
[2021-03-23 12:13:29,850] {scheduler_job.py:190} INFO - Processing /Users/adhithyakarthikeyan/opt/anaconda3/lib/python3.8/site-packages/airflow/example_dags/example_latest_only_with_trigger.py took 0.091 seconds
[2021-03-23 12:16:07,430] {scheduler_job.py:182} INFO - Started process (PID=36890) to work on /Users/adhithyakarthikeyan/opt/anaconda3/lib/python3.8/site-packages/airflow/example_dags/example_latest_only_with_trigger.py
[2021-03-23 12:16:07,432] {scheduler_job.py:629} INFO - Processing file /Users/adhithyakarthikeyan/opt/anaconda3/lib/python3.8/site-packages/airflow/example_dags/example_latest_only_with_trigger.py for tasks to queue
[2021-03-23 12:16:07,432] {logging_mixin.py:104} INFO - [2021-03-23 12:16:07,432] {dagbag.py:448} INFO - Filling up the DagBag from /Users/adhithyakarthikeyan/opt/anaconda3/lib/python3.8/site-packages/airflow/example_dags/example_latest_only_with_trigger.py
[2021-03-23 12:16:07,449] {scheduler_job.py:639} INFO - DAG(s) dict_keys(['latest_only_with_trigger']) retrieved from /Users/adhithyakarthikeyan/opt/anaconda3/lib/python3.8/site-packages/airflow/example_dags/example_latest_only_with_trigger.py
[2021-03-23 12:16:07,496] {logging_mixin.py:104} INFO - [2021-03-23 12:16:07,496] {dag.py:1818} INFO - Sync 1 DAGs
[2021-03-23 12:16:07,508] {logging_mixin.py:104} INFO - [2021-03-23 12:16:07,508] {dag.py:2273} INFO - Setting next_dagrun for latest_only_with_trigger to 2021-03-21 00:00:00+00:00
[2021-03-23 12:16:07,524] {scheduler_job.py:190} INFO - Processing /Users/adhithyakarthikeyan/opt/anaconda3/lib/python3.8/site-packages/airflow/example_dags/example_latest_only_with_trigger.py took 0.094 seconds
[2021-03-23 12:17:33,344] {scheduler_job.py:182} INFO - Started process (PID=36966) to work on /Users/adhithyakarthikeyan/opt/anaconda3/lib/python3.8/site-packages/airflow/example_dags/example_latest_only_with_trigger.py
[2021-03-23 12:17:33,346] {scheduler_job.py:629} INFO - Processing file /Users/adhithyakarthikeyan/opt/anaconda3/lib/python3.8/site-packages/airflow/example_dags/example_latest_only_with_trigger.py for tasks to queue
[2021-03-23 12:17:33,347] {logging_mixin.py:104} INFO - [2021-03-23 12:17:33,346] {dagbag.py:448} INFO - Filling up the DagBag from /Users/adhithyakarthikeyan/opt/anaconda3/lib/python3.8/site-packages/airflow/example_dags/example_latest_only_with_trigger.py
[2021-03-23 12:17:33,379] {scheduler_job.py:639} INFO - DAG(s) dict_keys(['latest_only_with_trigger']) retrieved from /Users/adhithyakarthikeyan/opt/anaconda3/lib/python3.8/site-packages/airflow/example_dags/example_latest_only_with_trigger.py
[2021-03-23 12:17:33,500] {logging_mixin.py:104} INFO - [2021-03-23 12:17:33,500] {dag.py:1818} INFO - Sync 1 DAGs
[2021-03-23 12:17:33,519] {logging_mixin.py:104} INFO - [2021-03-23 12:17:33,519] {dag.py:2273} INFO - Setting next_dagrun for latest_only_with_trigger to 2021-03-21 00:00:00+00:00
[2021-03-23 12:17:33,545] {scheduler_job.py:190} INFO - Processing /Users/adhithyakarthikeyan/opt/anaconda3/lib/python3.8/site-packages/airflow/example_dags/example_latest_only_with_trigger.py took 0.203 seconds
