[2021-03-23 11:32:48,452] {scheduler_job.py:182} INFO - Started process (PID=35433) to work on /Users/adhithyakarthikeyan/opt/anaconda3/lib/python3.8/site-packages/airflow/example_dags/example_branch_python_dop_operator_3.py
[2021-03-23 11:32:48,453] {scheduler_job.py:629} INFO - Processing file /Users/adhithyakarthikeyan/opt/anaconda3/lib/python3.8/site-packages/airflow/example_dags/example_branch_python_dop_operator_3.py for tasks to queue
[2021-03-23 11:32:48,453] {logging_mixin.py:104} INFO - [2021-03-23 11:32:48,453] {dagbag.py:448} INFO - Filling up the DagBag from /Users/adhithyakarthikeyan/opt/anaconda3/lib/python3.8/site-packages/airflow/example_dags/example_branch_python_dop_operator_3.py
[2021-03-23 11:32:48,470] {scheduler_job.py:639} INFO - DAG(s) dict_keys(['example_branch_dop_operator_v3']) retrieved from /Users/adhithyakarthikeyan/opt/anaconda3/lib/python3.8/site-packages/airflow/example_dags/example_branch_python_dop_operator_3.py
[2021-03-23 11:32:48,509] {logging_mixin.py:104} INFO - [2021-03-23 11:32:48,509] {dag.py:1818} INFO - Sync 1 DAGs
[2021-03-23 11:32:48,534] {logging_mixin.py:104} INFO - [2021-03-23 11:32:48,534] {dag.py:2273} INFO - Setting next_dagrun for example_branch_dop_operator_v3 to 2021-03-21 00:00:00+00:00
[2021-03-23 11:32:48,540] {scheduler_job.py:190} INFO - Processing /Users/adhithyakarthikeyan/opt/anaconda3/lib/python3.8/site-packages/airflow/example_dags/example_branch_python_dop_operator_3.py took 0.089 seconds
[2021-03-23 11:59:39,083] {scheduler_job.py:182} INFO - Started process (PID=36014) to work on /Users/adhithyakarthikeyan/opt/anaconda3/lib/python3.8/site-packages/airflow/example_dags/example_branch_python_dop_operator_3.py
[2021-03-23 11:59:39,085] {scheduler_job.py:629} INFO - Processing file /Users/adhithyakarthikeyan/opt/anaconda3/lib/python3.8/site-packages/airflow/example_dags/example_branch_python_dop_operator_3.py for tasks to queue
[2021-03-23 11:59:39,085] {logging_mixin.py:104} INFO - [2021-03-23 11:59:39,085] {dagbag.py:448} INFO - Filling up the DagBag from /Users/adhithyakarthikeyan/opt/anaconda3/lib/python3.8/site-packages/airflow/example_dags/example_branch_python_dop_operator_3.py
[2021-03-23 11:59:39,102] {scheduler_job.py:639} INFO - DAG(s) dict_keys(['example_branch_dop_operator_v3']) retrieved from /Users/adhithyakarthikeyan/opt/anaconda3/lib/python3.8/site-packages/airflow/example_dags/example_branch_python_dop_operator_3.py
[2021-03-23 11:59:39,135] {logging_mixin.py:104} INFO - [2021-03-23 11:59:39,135] {dag.py:1818} INFO - Sync 1 DAGs
[2021-03-23 11:59:39,155] {logging_mixin.py:104} INFO - [2021-03-23 11:59:39,155] {dag.py:2273} INFO - Setting next_dagrun for example_branch_dop_operator_v3 to 2021-03-21 00:00:00+00:00
[2021-03-23 11:59:39,165] {scheduler_job.py:190} INFO - Processing /Users/adhithyakarthikeyan/opt/anaconda3/lib/python3.8/site-packages/airflow/example_dags/example_branch_python_dop_operator_3.py took 0.082 seconds
[2021-03-23 12:09:01,233] {scheduler_job.py:182} INFO - Started process (PID=36538) to work on /Users/adhithyakarthikeyan/opt/anaconda3/lib/python3.8/site-packages/airflow/example_dags/example_branch_python_dop_operator_3.py
[2021-03-23 12:09:01,234] {scheduler_job.py:629} INFO - Processing file /Users/adhithyakarthikeyan/opt/anaconda3/lib/python3.8/site-packages/airflow/example_dags/example_branch_python_dop_operator_3.py for tasks to queue
[2021-03-23 12:09:01,235] {logging_mixin.py:104} INFO - [2021-03-23 12:09:01,235] {dagbag.py:448} INFO - Filling up the DagBag from /Users/adhithyakarthikeyan/opt/anaconda3/lib/python3.8/site-packages/airflow/example_dags/example_branch_python_dop_operator_3.py
[2021-03-23 12:09:01,252] {scheduler_job.py:639} INFO - DAG(s) dict_keys(['example_branch_dop_operator_v3']) retrieved from /Users/adhithyakarthikeyan/opt/anaconda3/lib/python3.8/site-packages/airflow/example_dags/example_branch_python_dop_operator_3.py
[2021-03-23 12:09:01,294] {logging_mixin.py:104} INFO - [2021-03-23 12:09:01,294] {dag.py:1818} INFO - Sync 1 DAGs
[2021-03-23 12:09:01,321] {logging_mixin.py:104} INFO - [2021-03-23 12:09:01,321] {dag.py:2273} INFO - Setting next_dagrun for example_branch_dop_operator_v3 to 2021-03-21 00:00:00+00:00
[2021-03-23 12:09:01,337] {scheduler_job.py:190} INFO - Processing /Users/adhithyakarthikeyan/opt/anaconda3/lib/python3.8/site-packages/airflow/example_dags/example_branch_python_dop_operator_3.py took 0.105 seconds
[2021-03-23 12:11:53,058] {scheduler_job.py:182} INFO - Started process (PID=36653) to work on /Users/adhithyakarthikeyan/opt/anaconda3/lib/python3.8/site-packages/airflow/example_dags/example_branch_python_dop_operator_3.py
[2021-03-23 12:11:53,059] {scheduler_job.py:629} INFO - Processing file /Users/adhithyakarthikeyan/opt/anaconda3/lib/python3.8/site-packages/airflow/example_dags/example_branch_python_dop_operator_3.py for tasks to queue
[2021-03-23 12:11:53,060] {logging_mixin.py:104} INFO - [2021-03-23 12:11:53,060] {dagbag.py:448} INFO - Filling up the DagBag from /Users/adhithyakarthikeyan/opt/anaconda3/lib/python3.8/site-packages/airflow/example_dags/example_branch_python_dop_operator_3.py
[2021-03-23 12:11:53,075] {scheduler_job.py:639} INFO - DAG(s) dict_keys(['example_branch_dop_operator_v3']) retrieved from /Users/adhithyakarthikeyan/opt/anaconda3/lib/python3.8/site-packages/airflow/example_dags/example_branch_python_dop_operator_3.py
[2021-03-23 12:11:53,117] {logging_mixin.py:104} INFO - [2021-03-23 12:11:53,117] {dag.py:1818} INFO - Sync 1 DAGs
[2021-03-23 12:11:53,143] {logging_mixin.py:104} INFO - [2021-03-23 12:11:53,143] {dag.py:2273} INFO - Setting next_dagrun for example_branch_dop_operator_v3 to 2021-03-21 00:00:00+00:00
[2021-03-23 12:11:53,150] {scheduler_job.py:190} INFO - Processing /Users/adhithyakarthikeyan/opt/anaconda3/lib/python3.8/site-packages/airflow/example_dags/example_branch_python_dop_operator_3.py took 0.093 seconds
[2021-03-23 12:14:09,416] {scheduler_job.py:182} INFO - Started process (PID=36769) to work on /Users/adhithyakarthikeyan/opt/anaconda3/lib/python3.8/site-packages/airflow/example_dags/example_branch_python_dop_operator_3.py
[2021-03-23 12:14:09,418] {scheduler_job.py:629} INFO - Processing file /Users/adhithyakarthikeyan/opt/anaconda3/lib/python3.8/site-packages/airflow/example_dags/example_branch_python_dop_operator_3.py for tasks to queue
[2021-03-23 12:14:09,418] {logging_mixin.py:104} INFO - [2021-03-23 12:14:09,418] {dagbag.py:448} INFO - Filling up the DagBag from /Users/adhithyakarthikeyan/opt/anaconda3/lib/python3.8/site-packages/airflow/example_dags/example_branch_python_dop_operator_3.py
[2021-03-23 12:14:09,454] {scheduler_job.py:639} INFO - DAG(s) dict_keys(['example_branch_dop_operator_v3']) retrieved from /Users/adhithyakarthikeyan/opt/anaconda3/lib/python3.8/site-packages/airflow/example_dags/example_branch_python_dop_operator_3.py
[2021-03-23 12:14:09,565] {logging_mixin.py:104} INFO - [2021-03-23 12:14:09,565] {dag.py:1818} INFO - Sync 1 DAGs
[2021-03-23 12:14:09,658] {logging_mixin.py:104} INFO - [2021-03-23 12:14:09,658] {dag.py:2273} INFO - Setting next_dagrun for example_branch_dop_operator_v3 to 2021-03-21 00:00:00+00:00
[2021-03-23 12:14:09,682] {scheduler_job.py:190} INFO - Processing /Users/adhithyakarthikeyan/opt/anaconda3/lib/python3.8/site-packages/airflow/example_dags/example_branch_python_dop_operator_3.py took 0.267 seconds
[2021-03-23 12:16:03,759] {scheduler_job.py:182} INFO - Started process (PID=36888) to work on /Users/adhithyakarthikeyan/opt/anaconda3/lib/python3.8/site-packages/airflow/example_dags/example_branch_python_dop_operator_3.py
[2021-03-23 12:16:03,760] {scheduler_job.py:629} INFO - Processing file /Users/adhithyakarthikeyan/opt/anaconda3/lib/python3.8/site-packages/airflow/example_dags/example_branch_python_dop_operator_3.py for tasks to queue
[2021-03-23 12:16:03,761] {logging_mixin.py:104} INFO - [2021-03-23 12:16:03,761] {dagbag.py:448} INFO - Filling up the DagBag from /Users/adhithyakarthikeyan/opt/anaconda3/lib/python3.8/site-packages/airflow/example_dags/example_branch_python_dop_operator_3.py
[2021-03-23 12:16:03,787] {scheduler_job.py:639} INFO - DAG(s) dict_keys(['example_branch_dop_operator_v3']) retrieved from /Users/adhithyakarthikeyan/opt/anaconda3/lib/python3.8/site-packages/airflow/example_dags/example_branch_python_dop_operator_3.py
[2021-03-23 12:16:03,855] {logging_mixin.py:104} INFO - [2021-03-23 12:16:03,854] {dag.py:1818} INFO - Sync 1 DAGs
[2021-03-23 12:16:03,891] {logging_mixin.py:104} INFO - [2021-03-23 12:16:03,891] {dag.py:2273} INFO - Setting next_dagrun for example_branch_dop_operator_v3 to 2021-03-21 00:00:00+00:00
[2021-03-23 12:16:03,901] {scheduler_job.py:190} INFO - Processing /Users/adhithyakarthikeyan/opt/anaconda3/lib/python3.8/site-packages/airflow/example_dags/example_branch_python_dop_operator_3.py took 0.143 seconds
[2021-03-23 12:17:29,563] {scheduler_job.py:182} INFO - Started process (PID=36964) to work on /Users/adhithyakarthikeyan/opt/anaconda3/lib/python3.8/site-packages/airflow/example_dags/example_branch_python_dop_operator_3.py
[2021-03-23 12:17:29,565] {scheduler_job.py:629} INFO - Processing file /Users/adhithyakarthikeyan/opt/anaconda3/lib/python3.8/site-packages/airflow/example_dags/example_branch_python_dop_operator_3.py for tasks to queue
[2021-03-23 12:17:29,567] {logging_mixin.py:104} INFO - [2021-03-23 12:17:29,566] {dagbag.py:448} INFO - Filling up the DagBag from /Users/adhithyakarthikeyan/opt/anaconda3/lib/python3.8/site-packages/airflow/example_dags/example_branch_python_dop_operator_3.py
[2021-03-23 12:17:29,606] {scheduler_job.py:639} INFO - DAG(s) dict_keys(['example_branch_dop_operator_v3']) retrieved from /Users/adhithyakarthikeyan/opt/anaconda3/lib/python3.8/site-packages/airflow/example_dags/example_branch_python_dop_operator_3.py
[2021-03-23 12:17:29,728] {logging_mixin.py:104} INFO - [2021-03-23 12:17:29,728] {dag.py:1818} INFO - Sync 1 DAGs
[2021-03-23 12:17:29,805] {logging_mixin.py:104} INFO - [2021-03-23 12:17:29,805] {dag.py:2273} INFO - Setting next_dagrun for example_branch_dop_operator_v3 to 2021-03-21 00:00:00+00:00
[2021-03-23 12:17:29,849] {scheduler_job.py:190} INFO - Processing /Users/adhithyakarthikeyan/opt/anaconda3/lib/python3.8/site-packages/airflow/example_dags/example_branch_python_dop_operator_3.py took 0.289 seconds
