[2021-03-23 11:32:57,398] {scheduler_job.py:182} INFO - Started process (PID=35445) to work on /Users/adhithyakarthikeyan/opt/anaconda3/lib/python3.8/site-packages/airflow/example_dags/example_bash_operator.py
[2021-03-23 11:32:57,399] {scheduler_job.py:629} INFO - Processing file /Users/adhithyakarthikeyan/opt/anaconda3/lib/python3.8/site-packages/airflow/example_dags/example_bash_operator.py for tasks to queue
[2021-03-23 11:32:57,399] {logging_mixin.py:104} INFO - [2021-03-23 11:32:57,399] {dagbag.py:448} INFO - Filling up the DagBag from /Users/adhithyakarthikeyan/opt/anaconda3/lib/python3.8/site-packages/airflow/example_dags/example_bash_operator.py
[2021-03-23 11:32:57,418] {scheduler_job.py:639} INFO - DAG(s) dict_keys(['example_bash_operator']) retrieved from /Users/adhithyakarthikeyan/opt/anaconda3/lib/python3.8/site-packages/airflow/example_dags/example_bash_operator.py
[2021-03-23 11:32:57,472] {logging_mixin.py:104} INFO - [2021-03-23 11:32:57,472] {dag.py:1818} INFO - Sync 1 DAGs
[2021-03-23 11:32:57,492] {logging_mixin.py:104} INFO - [2021-03-23 11:32:57,492] {dag.py:2273} INFO - Setting next_dagrun for example_bash_operator to 2021-03-21 00:00:00+00:00
[2021-03-23 11:32:57,501] {scheduler_job.py:190} INFO - Processing /Users/adhithyakarthikeyan/opt/anaconda3/lib/python3.8/site-packages/airflow/example_dags/example_bash_operator.py took 0.104 seconds
[2021-03-23 12:07:40,176] {scheduler_job.py:182} INFO - Started process (PID=36453) to work on /Users/adhithyakarthikeyan/opt/anaconda3/lib/python3.8/site-packages/airflow/example_dags/example_bash_operator.py
[2021-03-23 12:07:40,177] {scheduler_job.py:629} INFO - Processing file /Users/adhithyakarthikeyan/opt/anaconda3/lib/python3.8/site-packages/airflow/example_dags/example_bash_operator.py for tasks to queue
[2021-03-23 12:07:40,178] {logging_mixin.py:104} INFO - [2021-03-23 12:07:40,178] {dagbag.py:448} INFO - Filling up the DagBag from /Users/adhithyakarthikeyan/opt/anaconda3/lib/python3.8/site-packages/airflow/example_dags/example_bash_operator.py
[2021-03-23 12:07:40,199] {scheduler_job.py:639} INFO - DAG(s) dict_keys(['example_bash_operator']) retrieved from /Users/adhithyakarthikeyan/opt/anaconda3/lib/python3.8/site-packages/airflow/example_dags/example_bash_operator.py
[2021-03-23 12:07:40,242] {logging_mixin.py:104} INFO - [2021-03-23 12:07:40,242] {dag.py:1818} INFO - Sync 1 DAGs
[2021-03-23 12:07:40,261] {logging_mixin.py:104} INFO - [2021-03-23 12:07:40,261] {dag.py:2273} INFO - Setting next_dagrun for example_bash_operator to 2021-03-21 00:00:00+00:00
[2021-03-23 12:07:40,269] {scheduler_job.py:190} INFO - Processing /Users/adhithyakarthikeyan/opt/anaconda3/lib/python3.8/site-packages/airflow/example_dags/example_bash_operator.py took 0.095 seconds
[2021-03-23 12:08:34,757] {scheduler_job.py:182} INFO - Started process (PID=36507) to work on /Users/adhithyakarthikeyan/opt/anaconda3/lib/python3.8/site-packages/airflow/example_dags/example_bash_operator.py
[2021-03-23 12:08:34,758] {scheduler_job.py:629} INFO - Processing file /Users/adhithyakarthikeyan/opt/anaconda3/lib/python3.8/site-packages/airflow/example_dags/example_bash_operator.py for tasks to queue
[2021-03-23 12:08:34,759] {logging_mixin.py:104} INFO - [2021-03-23 12:08:34,759] {dagbag.py:448} INFO - Filling up the DagBag from /Users/adhithyakarthikeyan/opt/anaconda3/lib/python3.8/site-packages/airflow/example_dags/example_bash_operator.py
[2021-03-23 12:08:34,784] {scheduler_job.py:639} INFO - DAG(s) dict_keys(['example_bash_operator']) retrieved from /Users/adhithyakarthikeyan/opt/anaconda3/lib/python3.8/site-packages/airflow/example_dags/example_bash_operator.py
[2021-03-23 12:08:34,840] {logging_mixin.py:104} INFO - [2021-03-23 12:08:34,840] {dag.py:1818} INFO - Sync 1 DAGs
[2021-03-23 12:08:34,867] {logging_mixin.py:104} INFO - [2021-03-23 12:08:34,867] {dag.py:2273} INFO - Setting next_dagrun for example_bash_operator to 2021-03-21 00:00:00+00:00
[2021-03-23 12:08:34,881] {scheduler_job.py:190} INFO - Processing /Users/adhithyakarthikeyan/opt/anaconda3/lib/python3.8/site-packages/airflow/example_dags/example_bash_operator.py took 0.126 seconds
[2021-03-23 12:11:10,201] {scheduler_job.py:182} INFO - Started process (PID=36611) to work on /Users/adhithyakarthikeyan/opt/anaconda3/lib/python3.8/site-packages/airflow/example_dags/example_bash_operator.py
[2021-03-23 12:11:10,202] {scheduler_job.py:629} INFO - Processing file /Users/adhithyakarthikeyan/opt/anaconda3/lib/python3.8/site-packages/airflow/example_dags/example_bash_operator.py for tasks to queue
[2021-03-23 12:11:10,202] {logging_mixin.py:104} INFO - [2021-03-23 12:11:10,202] {dagbag.py:448} INFO - Filling up the DagBag from /Users/adhithyakarthikeyan/opt/anaconda3/lib/python3.8/site-packages/airflow/example_dags/example_bash_operator.py
[2021-03-23 12:11:10,217] {scheduler_job.py:639} INFO - DAG(s) dict_keys(['example_bash_operator']) retrieved from /Users/adhithyakarthikeyan/opt/anaconda3/lib/python3.8/site-packages/airflow/example_dags/example_bash_operator.py
[2021-03-23 12:11:10,272] {logging_mixin.py:104} INFO - [2021-03-23 12:11:10,271] {dag.py:1818} INFO - Sync 1 DAGs
[2021-03-23 12:11:10,299] {logging_mixin.py:104} INFO - [2021-03-23 12:11:10,299] {dag.py:2273} INFO - Setting next_dagrun for example_bash_operator to 2021-03-21 00:00:00+00:00
[2021-03-23 12:11:10,310] {scheduler_job.py:190} INFO - Processing /Users/adhithyakarthikeyan/opt/anaconda3/lib/python3.8/site-packages/airflow/example_dags/example_bash_operator.py took 0.110 seconds
[2021-03-23 12:14:15,752] {scheduler_job.py:182} INFO - Started process (PID=36774) to work on /Users/adhithyakarthikeyan/opt/anaconda3/lib/python3.8/site-packages/airflow/example_dags/example_bash_operator.py
[2021-03-23 12:14:15,754] {scheduler_job.py:629} INFO - Processing file /Users/adhithyakarthikeyan/opt/anaconda3/lib/python3.8/site-packages/airflow/example_dags/example_bash_operator.py for tasks to queue
[2021-03-23 12:14:15,754] {logging_mixin.py:104} INFO - [2021-03-23 12:14:15,754] {dagbag.py:448} INFO - Filling up the DagBag from /Users/adhithyakarthikeyan/opt/anaconda3/lib/python3.8/site-packages/airflow/example_dags/example_bash_operator.py
[2021-03-23 12:14:15,772] {scheduler_job.py:639} INFO - DAG(s) dict_keys(['example_bash_operator']) retrieved from /Users/adhithyakarthikeyan/opt/anaconda3/lib/python3.8/site-packages/airflow/example_dags/example_bash_operator.py
[2021-03-23 12:14:15,815] {logging_mixin.py:104} INFO - [2021-03-23 12:14:15,815] {dag.py:1818} INFO - Sync 1 DAGs
[2021-03-23 12:14:15,835] {logging_mixin.py:104} INFO - [2021-03-23 12:14:15,835] {dag.py:2273} INFO - Setting next_dagrun for example_bash_operator to 2021-03-21 00:00:00+00:00
[2021-03-23 12:14:15,843] {scheduler_job.py:190} INFO - Processing /Users/adhithyakarthikeyan/opt/anaconda3/lib/python3.8/site-packages/airflow/example_dags/example_bash_operator.py took 0.092 seconds
[2021-03-23 12:15:22,978] {scheduler_job.py:182} INFO - Started process (PID=36832) to work on /Users/adhithyakarthikeyan/opt/anaconda3/lib/python3.8/site-packages/airflow/example_dags/example_bash_operator.py
[2021-03-23 12:15:22,979] {scheduler_job.py:629} INFO - Processing file /Users/adhithyakarthikeyan/opt/anaconda3/lib/python3.8/site-packages/airflow/example_dags/example_bash_operator.py for tasks to queue
[2021-03-23 12:15:22,980] {logging_mixin.py:104} INFO - [2021-03-23 12:15:22,980] {dagbag.py:448} INFO - Filling up the DagBag from /Users/adhithyakarthikeyan/opt/anaconda3/lib/python3.8/site-packages/airflow/example_dags/example_bash_operator.py
[2021-03-23 12:15:22,996] {scheduler_job.py:639} INFO - DAG(s) dict_keys(['example_bash_operator']) retrieved from /Users/adhithyakarthikeyan/opt/anaconda3/lib/python3.8/site-packages/airflow/example_dags/example_bash_operator.py
[2021-03-23 12:15:23,039] {logging_mixin.py:104} INFO - [2021-03-23 12:15:23,039] {dag.py:1818} INFO - Sync 1 DAGs
[2021-03-23 12:15:23,055] {logging_mixin.py:104} INFO - [2021-03-23 12:15:23,055] {dag.py:2273} INFO - Setting next_dagrun for example_bash_operator to 2021-03-21 00:00:00+00:00
[2021-03-23 12:15:23,065] {scheduler_job.py:190} INFO - Processing /Users/adhithyakarthikeyan/opt/anaconda3/lib/python3.8/site-packages/airflow/example_dags/example_bash_operator.py took 0.088 seconds
[2021-03-23 12:16:41,900] {scheduler_job.py:182} INFO - Started process (PID=36918) to work on /Users/adhithyakarthikeyan/opt/anaconda3/lib/python3.8/site-packages/airflow/example_dags/example_bash_operator.py
[2021-03-23 12:16:41,901] {scheduler_job.py:629} INFO - Processing file /Users/adhithyakarthikeyan/opt/anaconda3/lib/python3.8/site-packages/airflow/example_dags/example_bash_operator.py for tasks to queue
[2021-03-23 12:16:41,901] {logging_mixin.py:104} INFO - [2021-03-23 12:16:41,901] {dagbag.py:448} INFO - Filling up the DagBag from /Users/adhithyakarthikeyan/opt/anaconda3/lib/python3.8/site-packages/airflow/example_dags/example_bash_operator.py
[2021-03-23 12:16:41,915] {scheduler_job.py:639} INFO - DAG(s) dict_keys(['example_bash_operator']) retrieved from /Users/adhithyakarthikeyan/opt/anaconda3/lib/python3.8/site-packages/airflow/example_dags/example_bash_operator.py
[2021-03-23 12:16:41,952] {logging_mixin.py:104} INFO - [2021-03-23 12:16:41,952] {dag.py:1818} INFO - Sync 1 DAGs
[2021-03-23 12:16:41,969] {logging_mixin.py:104} INFO - [2021-03-23 12:16:41,969] {dag.py:2273} INFO - Setting next_dagrun for example_bash_operator to 2021-03-21 00:00:00+00:00
[2021-03-23 12:16:41,977] {scheduler_job.py:190} INFO - Processing /Users/adhithyakarthikeyan/opt/anaconda3/lib/python3.8/site-packages/airflow/example_dags/example_bash_operator.py took 0.079 seconds
