[2021-03-23 11:32:23,624] {scheduler_job.py:182} INFO - Started process (PID=35403) to work on /Users/adhithyakarthikeyan/opt/anaconda3/lib/python3.8/site-packages/airflow/example_dags/example_kubernetes_executor_config.py
[2021-03-23 11:32:23,624] {scheduler_job.py:629} INFO - Processing file /Users/adhithyakarthikeyan/opt/anaconda3/lib/python3.8/site-packages/airflow/example_dags/example_kubernetes_executor_config.py for tasks to queue
[2021-03-23 11:32:23,625] {logging_mixin.py:104} INFO - [2021-03-23 11:32:23,625] {dagbag.py:448} INFO - Filling up the DagBag from /Users/adhithyakarthikeyan/opt/anaconda3/lib/python3.8/site-packages/airflow/example_dags/example_kubernetes_executor_config.py
[2021-03-23 11:32:23,632] {logging_mixin.py:104} INFO - [2021-03-23 11:32:23,632] {example_kubernetes_executor_config.py:174} WARNING - Could not import DAGs in example_kubernetes_executor_config.py: No module named 'kubernetes'
[2021-03-23 11:32:23,632] {logging_mixin.py:104} INFO - [2021-03-23 11:32:23,632] {example_kubernetes_executor_config.py:175} WARNING - Install kubernetes dependencies with: pip install apache-airflow['cncf.kubernetes']
[2021-03-23 11:32:23,633] {scheduler_job.py:641} WARNING - No viable dags retrieved from /Users/adhithyakarthikeyan/opt/anaconda3/lib/python3.8/site-packages/airflow/example_dags/example_kubernetes_executor_config.py
[2021-03-23 11:32:23,664] {scheduler_job.py:190} INFO - Processing /Users/adhithyakarthikeyan/opt/anaconda3/lib/python3.8/site-packages/airflow/example_dags/example_kubernetes_executor_config.py took 0.041 seconds
[2021-03-23 11:59:51,057] {scheduler_job.py:182} INFO - Started process (PID=36027) to work on /Users/adhithyakarthikeyan/opt/anaconda3/lib/python3.8/site-packages/airflow/example_dags/example_kubernetes_executor_config.py
[2021-03-23 11:59:51,059] {scheduler_job.py:629} INFO - Processing file /Users/adhithyakarthikeyan/opt/anaconda3/lib/python3.8/site-packages/airflow/example_dags/example_kubernetes_executor_config.py for tasks to queue
[2021-03-23 11:59:51,059] {logging_mixin.py:104} INFO - [2021-03-23 11:59:51,059] {dagbag.py:448} INFO - Filling up the DagBag from /Users/adhithyakarthikeyan/opt/anaconda3/lib/python3.8/site-packages/airflow/example_dags/example_kubernetes_executor_config.py
[2021-03-23 11:59:51,065] {logging_mixin.py:104} INFO - [2021-03-23 11:59:51,065] {example_kubernetes_executor_config.py:174} WARNING - Could not import DAGs in example_kubernetes_executor_config.py: No module named 'kubernetes'
[2021-03-23 11:59:51,065] {logging_mixin.py:104} INFO - [2021-03-23 11:59:51,065] {example_kubernetes_executor_config.py:175} WARNING - Install kubernetes dependencies with: pip install apache-airflow['cncf.kubernetes']
[2021-03-23 11:59:51,066] {scheduler_job.py:641} WARNING - No viable dags retrieved from /Users/adhithyakarthikeyan/opt/anaconda3/lib/python3.8/site-packages/airflow/example_dags/example_kubernetes_executor_config.py
[2021-03-23 11:59:51,098] {scheduler_job.py:190} INFO - Processing /Users/adhithyakarthikeyan/opt/anaconda3/lib/python3.8/site-packages/airflow/example_dags/example_kubernetes_executor_config.py took 0.041 seconds
[2021-03-23 12:07:27,408] {scheduler_job.py:182} INFO - Started process (PID=36438) to work on /Users/adhithyakarthikeyan/opt/anaconda3/lib/python3.8/site-packages/airflow/example_dags/example_kubernetes_executor_config.py
[2021-03-23 12:07:27,409] {scheduler_job.py:629} INFO - Processing file /Users/adhithyakarthikeyan/opt/anaconda3/lib/python3.8/site-packages/airflow/example_dags/example_kubernetes_executor_config.py for tasks to queue
[2021-03-23 12:07:27,410] {logging_mixin.py:104} INFO - [2021-03-23 12:07:27,410] {dagbag.py:448} INFO - Filling up the DagBag from /Users/adhithyakarthikeyan/opt/anaconda3/lib/python3.8/site-packages/airflow/example_dags/example_kubernetes_executor_config.py
[2021-03-23 12:07:27,420] {logging_mixin.py:104} INFO - [2021-03-23 12:07:27,420] {example_kubernetes_executor_config.py:174} WARNING - Could not import DAGs in example_kubernetes_executor_config.py: No module named 'kubernetes'
[2021-03-23 12:07:27,420] {logging_mixin.py:104} INFO - [2021-03-23 12:07:27,420] {example_kubernetes_executor_config.py:175} WARNING - Install kubernetes dependencies with: pip install apache-airflow['cncf.kubernetes']
[2021-03-23 12:07:27,420] {scheduler_job.py:641} WARNING - No viable dags retrieved from /Users/adhithyakarthikeyan/opt/anaconda3/lib/python3.8/site-packages/airflow/example_dags/example_kubernetes_executor_config.py
[2021-03-23 12:07:27,452] {scheduler_job.py:190} INFO - Processing /Users/adhithyakarthikeyan/opt/anaconda3/lib/python3.8/site-packages/airflow/example_dags/example_kubernetes_executor_config.py took 0.045 seconds
[2021-03-23 12:08:38,317] {scheduler_job.py:182} INFO - Started process (PID=36510) to work on /Users/adhithyakarthikeyan/opt/anaconda3/lib/python3.8/site-packages/airflow/example_dags/example_kubernetes_executor_config.py
[2021-03-23 12:08:38,318] {scheduler_job.py:629} INFO - Processing file /Users/adhithyakarthikeyan/opt/anaconda3/lib/python3.8/site-packages/airflow/example_dags/example_kubernetes_executor_config.py for tasks to queue
[2021-03-23 12:08:38,319] {logging_mixin.py:104} INFO - [2021-03-23 12:08:38,319] {dagbag.py:448} INFO - Filling up the DagBag from /Users/adhithyakarthikeyan/opt/anaconda3/lib/python3.8/site-packages/airflow/example_dags/example_kubernetes_executor_config.py
[2021-03-23 12:08:38,332] {logging_mixin.py:104} INFO - [2021-03-23 12:08:38,332] {example_kubernetes_executor_config.py:174} WARNING - Could not import DAGs in example_kubernetes_executor_config.py: No module named 'kubernetes'
[2021-03-23 12:08:38,332] {logging_mixin.py:104} INFO - [2021-03-23 12:08:38,332] {example_kubernetes_executor_config.py:175} WARNING - Install kubernetes dependencies with: pip install apache-airflow['cncf.kubernetes']
[2021-03-23 12:08:38,332] {scheduler_job.py:641} WARNING - No viable dags retrieved from /Users/adhithyakarthikeyan/opt/anaconda3/lib/python3.8/site-packages/airflow/example_dags/example_kubernetes_executor_config.py
[2021-03-23 12:08:38,368] {scheduler_job.py:190} INFO - Processing /Users/adhithyakarthikeyan/opt/anaconda3/lib/python3.8/site-packages/airflow/example_dags/example_kubernetes_executor_config.py took 0.052 seconds
[2021-03-23 12:11:02,446] {scheduler_job.py:182} INFO - Started process (PID=36605) to work on /Users/adhithyakarthikeyan/opt/anaconda3/lib/python3.8/site-packages/airflow/example_dags/example_kubernetes_executor_config.py
[2021-03-23 12:11:02,448] {scheduler_job.py:629} INFO - Processing file /Users/adhithyakarthikeyan/opt/anaconda3/lib/python3.8/site-packages/airflow/example_dags/example_kubernetes_executor_config.py for tasks to queue
[2021-03-23 12:11:02,449] {logging_mixin.py:104} INFO - [2021-03-23 12:11:02,449] {dagbag.py:448} INFO - Filling up the DagBag from /Users/adhithyakarthikeyan/opt/anaconda3/lib/python3.8/site-packages/airflow/example_dags/example_kubernetes_executor_config.py
[2021-03-23 12:11:02,465] {logging_mixin.py:104} INFO - [2021-03-23 12:11:02,465] {example_kubernetes_executor_config.py:174} WARNING - Could not import DAGs in example_kubernetes_executor_config.py: No module named 'kubernetes'
[2021-03-23 12:11:02,465] {logging_mixin.py:104} INFO - [2021-03-23 12:11:02,465] {example_kubernetes_executor_config.py:175} WARNING - Install kubernetes dependencies with: pip install apache-airflow['cncf.kubernetes']
[2021-03-23 12:11:02,466] {scheduler_job.py:641} WARNING - No viable dags retrieved from /Users/adhithyakarthikeyan/opt/anaconda3/lib/python3.8/site-packages/airflow/example_dags/example_kubernetes_executor_config.py
[2021-03-23 12:11:02,540] {scheduler_job.py:190} INFO - Processing /Users/adhithyakarthikeyan/opt/anaconda3/lib/python3.8/site-packages/airflow/example_dags/example_kubernetes_executor_config.py took 0.096 seconds
[2021-03-23 12:12:10,883] {scheduler_job.py:182} INFO - Started process (PID=36669) to work on /Users/adhithyakarthikeyan/opt/anaconda3/lib/python3.8/site-packages/airflow/example_dags/example_kubernetes_executor_config.py
[2021-03-23 12:12:10,884] {scheduler_job.py:629} INFO - Processing file /Users/adhithyakarthikeyan/opt/anaconda3/lib/python3.8/site-packages/airflow/example_dags/example_kubernetes_executor_config.py for tasks to queue
[2021-03-23 12:12:10,884] {logging_mixin.py:104} INFO - [2021-03-23 12:12:10,884] {dagbag.py:448} INFO - Filling up the DagBag from /Users/adhithyakarthikeyan/opt/anaconda3/lib/python3.8/site-packages/airflow/example_dags/example_kubernetes_executor_config.py
[2021-03-23 12:12:10,893] {logging_mixin.py:104} INFO - [2021-03-23 12:12:10,893] {example_kubernetes_executor_config.py:174} WARNING - Could not import DAGs in example_kubernetes_executor_config.py: No module named 'kubernetes'
[2021-03-23 12:12:10,893] {logging_mixin.py:104} INFO - [2021-03-23 12:12:10,893] {example_kubernetes_executor_config.py:175} WARNING - Install kubernetes dependencies with: pip install apache-airflow['cncf.kubernetes']
[2021-03-23 12:12:10,894] {scheduler_job.py:641} WARNING - No viable dags retrieved from /Users/adhithyakarthikeyan/opt/anaconda3/lib/python3.8/site-packages/airflow/example_dags/example_kubernetes_executor_config.py
[2021-03-23 12:12:10,933] {scheduler_job.py:190} INFO - Processing /Users/adhithyakarthikeyan/opt/anaconda3/lib/python3.8/site-packages/airflow/example_dags/example_kubernetes_executor_config.py took 0.051 seconds
[2021-03-23 12:13:16,681] {scheduler_job.py:182} INFO - Started process (PID=36708) to work on /Users/adhithyakarthikeyan/opt/anaconda3/lib/python3.8/site-packages/airflow/example_dags/example_kubernetes_executor_config.py
[2021-03-23 12:13:16,689] {scheduler_job.py:629} INFO - Processing file /Users/adhithyakarthikeyan/opt/anaconda3/lib/python3.8/site-packages/airflow/example_dags/example_kubernetes_executor_config.py for tasks to queue
[2021-03-23 12:13:16,690] {logging_mixin.py:104} INFO - [2021-03-23 12:13:16,689] {dagbag.py:448} INFO - Filling up the DagBag from /Users/adhithyakarthikeyan/opt/anaconda3/lib/python3.8/site-packages/airflow/example_dags/example_kubernetes_executor_config.py
[2021-03-23 12:13:16,710] {logging_mixin.py:104} INFO - [2021-03-23 12:13:16,709] {example_kubernetes_executor_config.py:174} WARNING - Could not import DAGs in example_kubernetes_executor_config.py: No module named 'kubernetes'
[2021-03-23 12:13:16,710] {logging_mixin.py:104} INFO - [2021-03-23 12:13:16,710] {example_kubernetes_executor_config.py:175} WARNING - Install kubernetes dependencies with: pip install apache-airflow['cncf.kubernetes']
[2021-03-23 12:13:16,711] {scheduler_job.py:641} WARNING - No viable dags retrieved from /Users/adhithyakarthikeyan/opt/anaconda3/lib/python3.8/site-packages/airflow/example_dags/example_kubernetes_executor_config.py
[2021-03-23 12:13:16,806] {scheduler_job.py:190} INFO - Processing /Users/adhithyakarthikeyan/opt/anaconda3/lib/python3.8/site-packages/airflow/example_dags/example_kubernetes_executor_config.py took 0.129 seconds
[2021-03-23 12:15:08,016] {scheduler_job.py:182} INFO - Started process (PID=36820) to work on /Users/adhithyakarthikeyan/opt/anaconda3/lib/python3.8/site-packages/airflow/example_dags/example_kubernetes_executor_config.py
[2021-03-23 12:15:08,018] {scheduler_job.py:629} INFO - Processing file /Users/adhithyakarthikeyan/opt/anaconda3/lib/python3.8/site-packages/airflow/example_dags/example_kubernetes_executor_config.py for tasks to queue
[2021-03-23 12:15:08,019] {logging_mixin.py:104} INFO - [2021-03-23 12:15:08,019] {dagbag.py:448} INFO - Filling up the DagBag from /Users/adhithyakarthikeyan/opt/anaconda3/lib/python3.8/site-packages/airflow/example_dags/example_kubernetes_executor_config.py
[2021-03-23 12:15:08,044] {logging_mixin.py:104} INFO - [2021-03-23 12:15:08,043] {example_kubernetes_executor_config.py:174} WARNING - Could not import DAGs in example_kubernetes_executor_config.py: No module named 'kubernetes'
[2021-03-23 12:15:08,044] {logging_mixin.py:104} INFO - [2021-03-23 12:15:08,044] {example_kubernetes_executor_config.py:175} WARNING - Install kubernetes dependencies with: pip install apache-airflow['cncf.kubernetes']
[2021-03-23 12:15:08,046] {scheduler_job.py:641} WARNING - No viable dags retrieved from /Users/adhithyakarthikeyan/opt/anaconda3/lib/python3.8/site-packages/airflow/example_dags/example_kubernetes_executor_config.py
[2021-03-23 12:15:08,140] {scheduler_job.py:190} INFO - Processing /Users/adhithyakarthikeyan/opt/anaconda3/lib/python3.8/site-packages/airflow/example_dags/example_kubernetes_executor_config.py took 0.125 seconds
[2021-03-23 12:16:29,272] {scheduler_job.py:182} INFO - Started process (PID=36908) to work on /Users/adhithyakarthikeyan/opt/anaconda3/lib/python3.8/site-packages/airflow/example_dags/example_kubernetes_executor_config.py
[2021-03-23 12:16:29,276] {scheduler_job.py:629} INFO - Processing file /Users/adhithyakarthikeyan/opt/anaconda3/lib/python3.8/site-packages/airflow/example_dags/example_kubernetes_executor_config.py for tasks to queue
[2021-03-23 12:16:29,276] {logging_mixin.py:104} INFO - [2021-03-23 12:16:29,276] {dagbag.py:448} INFO - Filling up the DagBag from /Users/adhithyakarthikeyan/opt/anaconda3/lib/python3.8/site-packages/airflow/example_dags/example_kubernetes_executor_config.py
[2021-03-23 12:16:29,288] {logging_mixin.py:104} INFO - [2021-03-23 12:16:29,288] {example_kubernetes_executor_config.py:174} WARNING - Could not import DAGs in example_kubernetes_executor_config.py: No module named 'kubernetes'
[2021-03-23 12:16:29,288] {logging_mixin.py:104} INFO - [2021-03-23 12:16:29,288] {example_kubernetes_executor_config.py:175} WARNING - Install kubernetes dependencies with: pip install apache-airflow['cncf.kubernetes']
[2021-03-23 12:16:29,289] {scheduler_job.py:641} WARNING - No viable dags retrieved from /Users/adhithyakarthikeyan/opt/anaconda3/lib/python3.8/site-packages/airflow/example_dags/example_kubernetes_executor_config.py
[2021-03-23 12:16:29,325] {scheduler_job.py:190} INFO - Processing /Users/adhithyakarthikeyan/opt/anaconda3/lib/python3.8/site-packages/airflow/example_dags/example_kubernetes_executor_config.py took 0.054 seconds
[2021-03-23 12:17:19,601] {scheduler_job.py:182} INFO - Started process (PID=36954) to work on /Users/adhithyakarthikeyan/opt/anaconda3/lib/python3.8/site-packages/airflow/example_dags/example_kubernetes_executor_config.py
[2021-03-23 12:17:19,602] {scheduler_job.py:629} INFO - Processing file /Users/adhithyakarthikeyan/opt/anaconda3/lib/python3.8/site-packages/airflow/example_dags/example_kubernetes_executor_config.py for tasks to queue
[2021-03-23 12:17:19,603] {logging_mixin.py:104} INFO - [2021-03-23 12:17:19,603] {dagbag.py:448} INFO - Filling up the DagBag from /Users/adhithyakarthikeyan/opt/anaconda3/lib/python3.8/site-packages/airflow/example_dags/example_kubernetes_executor_config.py
[2021-03-23 12:17:19,618] {logging_mixin.py:104} INFO - [2021-03-23 12:17:19,617] {example_kubernetes_executor_config.py:174} WARNING - Could not import DAGs in example_kubernetes_executor_config.py: No module named 'kubernetes'
[2021-03-23 12:17:19,618] {logging_mixin.py:104} INFO - [2021-03-23 12:17:19,618] {example_kubernetes_executor_config.py:175} WARNING - Install kubernetes dependencies with: pip install apache-airflow['cncf.kubernetes']
[2021-03-23 12:17:19,619] {scheduler_job.py:641} WARNING - No viable dags retrieved from /Users/adhithyakarthikeyan/opt/anaconda3/lib/python3.8/site-packages/airflow/example_dags/example_kubernetes_executor_config.py
[2021-03-23 12:17:19,677] {scheduler_job.py:190} INFO - Processing /Users/adhithyakarthikeyan/opt/anaconda3/lib/python3.8/site-packages/airflow/example_dags/example_kubernetes_executor_config.py took 0.076 seconds
