[2021-03-23 12:00:17,433] {scheduler_job.py:182} INFO - Started process (PID=36060) to work on /Users/adhithyakarthikeyan/opt/anaconda3/lib/python3.8/site-packages/airflow/example_dags/example_xcom.py
[2021-03-23 12:00:17,434] {scheduler_job.py:629} INFO - Processing file /Users/adhithyakarthikeyan/opt/anaconda3/lib/python3.8/site-packages/airflow/example_dags/example_xcom.py for tasks to queue
[2021-03-23 12:00:17,434] {logging_mixin.py:104} INFO - [2021-03-23 12:00:17,434] {dagbag.py:448} INFO - Filling up the DagBag from /Users/adhithyakarthikeyan/opt/anaconda3/lib/python3.8/site-packages/airflow/example_dags/example_xcom.py
[2021-03-23 12:00:17,449] {scheduler_job.py:639} INFO - DAG(s) dict_keys(['example_xcom']) retrieved from /Users/adhithyakarthikeyan/opt/anaconda3/lib/python3.8/site-packages/airflow/example_dags/example_xcom.py
[2021-03-23 12:00:17,498] {logging_mixin.py:104} INFO - [2021-03-23 12:00:17,497] {dag.py:1818} INFO - Sync 1 DAGs
[2021-03-23 12:00:17,507] {logging_mixin.py:104} INFO - [2021-03-23 12:00:17,507] {dag.py:2273} INFO - Setting next_dagrun for example_xcom to 2021-03-21 00:00:00+00:00
[2021-03-23 12:00:17,516] {scheduler_job.py:190} INFO - Processing /Users/adhithyakarthikeyan/opt/anaconda3/lib/python3.8/site-packages/airflow/example_dags/example_xcom.py took 0.084 seconds
[2021-03-23 12:07:16,081] {scheduler_job.py:182} INFO - Started process (PID=36425) to work on /Users/adhithyakarthikeyan/opt/anaconda3/lib/python3.8/site-packages/airflow/example_dags/example_xcom.py
[2021-03-23 12:07:16,082] {scheduler_job.py:629} INFO - Processing file /Users/adhithyakarthikeyan/opt/anaconda3/lib/python3.8/site-packages/airflow/example_dags/example_xcom.py for tasks to queue
[2021-03-23 12:07:16,083] {logging_mixin.py:104} INFO - [2021-03-23 12:07:16,083] {dagbag.py:448} INFO - Filling up the DagBag from /Users/adhithyakarthikeyan/opt/anaconda3/lib/python3.8/site-packages/airflow/example_dags/example_xcom.py
[2021-03-23 12:07:16,099] {scheduler_job.py:639} INFO - DAG(s) dict_keys(['example_xcom']) retrieved from /Users/adhithyakarthikeyan/opt/anaconda3/lib/python3.8/site-packages/airflow/example_dags/example_xcom.py
[2021-03-23 12:07:16,138] {logging_mixin.py:104} INFO - [2021-03-23 12:07:16,138] {dag.py:1818} INFO - Sync 1 DAGs
[2021-03-23 12:07:16,148] {logging_mixin.py:104} INFO - [2021-03-23 12:07:16,148] {dag.py:2273} INFO - Setting next_dagrun for example_xcom to 2021-03-21 00:00:00+00:00
[2021-03-23 12:07:16,156] {scheduler_job.py:190} INFO - Processing /Users/adhithyakarthikeyan/opt/anaconda3/lib/python3.8/site-packages/airflow/example_dags/example_xcom.py took 0.076 seconds
[2021-03-23 12:11:32,515] {scheduler_job.py:182} INFO - Started process (PID=36631) to work on /Users/adhithyakarthikeyan/opt/anaconda3/lib/python3.8/site-packages/airflow/example_dags/example_xcom.py
[2021-03-23 12:11:32,516] {scheduler_job.py:629} INFO - Processing file /Users/adhithyakarthikeyan/opt/anaconda3/lib/python3.8/site-packages/airflow/example_dags/example_xcom.py for tasks to queue
[2021-03-23 12:11:32,517] {logging_mixin.py:104} INFO - [2021-03-23 12:11:32,517] {dagbag.py:448} INFO - Filling up the DagBag from /Users/adhithyakarthikeyan/opt/anaconda3/lib/python3.8/site-packages/airflow/example_dags/example_xcom.py
[2021-03-23 12:11:32,530] {scheduler_job.py:639} INFO - DAG(s) dict_keys(['example_xcom']) retrieved from /Users/adhithyakarthikeyan/opt/anaconda3/lib/python3.8/site-packages/airflow/example_dags/example_xcom.py
[2021-03-23 12:11:32,567] {logging_mixin.py:104} INFO - [2021-03-23 12:11:32,567] {dag.py:1818} INFO - Sync 1 DAGs
[2021-03-23 12:11:32,575] {logging_mixin.py:104} INFO - [2021-03-23 12:11:32,575] {dag.py:2273} INFO - Setting next_dagrun for example_xcom to 2021-03-21 00:00:00+00:00
[2021-03-23 12:11:32,582] {scheduler_job.py:190} INFO - Processing /Users/adhithyakarthikeyan/opt/anaconda3/lib/python3.8/site-packages/airflow/example_dags/example_xcom.py took 0.068 seconds
[2021-03-23 12:13:26,038] {scheduler_job.py:182} INFO - Started process (PID=36714) to work on /Users/adhithyakarthikeyan/opt/anaconda3/lib/python3.8/site-packages/airflow/example_dags/example_xcom.py
[2021-03-23 12:13:26,039] {scheduler_job.py:629} INFO - Processing file /Users/adhithyakarthikeyan/opt/anaconda3/lib/python3.8/site-packages/airflow/example_dags/example_xcom.py for tasks to queue
[2021-03-23 12:13:26,040] {logging_mixin.py:104} INFO - [2021-03-23 12:13:26,040] {dagbag.py:448} INFO - Filling up the DagBag from /Users/adhithyakarthikeyan/opt/anaconda3/lib/python3.8/site-packages/airflow/example_dags/example_xcom.py
[2021-03-23 12:13:26,070] {scheduler_job.py:639} INFO - DAG(s) dict_keys(['example_xcom']) retrieved from /Users/adhithyakarthikeyan/opt/anaconda3/lib/python3.8/site-packages/airflow/example_dags/example_xcom.py
[2021-03-23 12:13:26,167] {logging_mixin.py:104} INFO - [2021-03-23 12:13:26,166] {dag.py:1818} INFO - Sync 1 DAGs
[2021-03-23 12:13:26,192] {logging_mixin.py:104} INFO - [2021-03-23 12:13:26,191] {dag.py:2273} INFO - Setting next_dagrun for example_xcom to 2021-03-21 00:00:00+00:00
[2021-03-23 12:13:26,209] {scheduler_job.py:190} INFO - Processing /Users/adhithyakarthikeyan/opt/anaconda3/lib/python3.8/site-packages/airflow/example_dags/example_xcom.py took 0.173 seconds
[2021-03-23 12:15:25,008] {scheduler_job.py:182} INFO - Started process (PID=36834) to work on /Users/adhithyakarthikeyan/opt/anaconda3/lib/python3.8/site-packages/airflow/example_dags/example_xcom.py
[2021-03-23 12:15:25,009] {scheduler_job.py:629} INFO - Processing file /Users/adhithyakarthikeyan/opt/anaconda3/lib/python3.8/site-packages/airflow/example_dags/example_xcom.py for tasks to queue
[2021-03-23 12:15:25,010] {logging_mixin.py:104} INFO - [2021-03-23 12:15:25,010] {dagbag.py:448} INFO - Filling up the DagBag from /Users/adhithyakarthikeyan/opt/anaconda3/lib/python3.8/site-packages/airflow/example_dags/example_xcom.py
[2021-03-23 12:15:25,025] {scheduler_job.py:639} INFO - DAG(s) dict_keys(['example_xcom']) retrieved from /Users/adhithyakarthikeyan/opt/anaconda3/lib/python3.8/site-packages/airflow/example_dags/example_xcom.py
[2021-03-23 12:15:25,077] {logging_mixin.py:104} INFO - [2021-03-23 12:15:25,077] {dag.py:1818} INFO - Sync 1 DAGs
[2021-03-23 12:15:25,091] {logging_mixin.py:104} INFO - [2021-03-23 12:15:25,091] {dag.py:2273} INFO - Setting next_dagrun for example_xcom to 2021-03-21 00:00:00+00:00
[2021-03-23 12:15:25,102] {scheduler_job.py:190} INFO - Processing /Users/adhithyakarthikeyan/opt/anaconda3/lib/python3.8/site-packages/airflow/example_dags/example_xcom.py took 0.094 seconds
[2021-03-23 12:16:44,397] {scheduler_job.py:182} INFO - Started process (PID=36920) to work on /Users/adhithyakarthikeyan/opt/anaconda3/lib/python3.8/site-packages/airflow/example_dags/example_xcom.py
[2021-03-23 12:16:44,398] {scheduler_job.py:629} INFO - Processing file /Users/adhithyakarthikeyan/opt/anaconda3/lib/python3.8/site-packages/airflow/example_dags/example_xcom.py for tasks to queue
[2021-03-23 12:16:44,399] {logging_mixin.py:104} INFO - [2021-03-23 12:16:44,399] {dagbag.py:448} INFO - Filling up the DagBag from /Users/adhithyakarthikeyan/opt/anaconda3/lib/python3.8/site-packages/airflow/example_dags/example_xcom.py
[2021-03-23 12:16:44,411] {scheduler_job.py:639} INFO - DAG(s) dict_keys(['example_xcom']) retrieved from /Users/adhithyakarthikeyan/opt/anaconda3/lib/python3.8/site-packages/airflow/example_dags/example_xcom.py
[2021-03-23 12:16:44,453] {logging_mixin.py:104} INFO - [2021-03-23 12:16:44,453] {dag.py:1818} INFO - Sync 1 DAGs
[2021-03-23 12:16:44,463] {logging_mixin.py:104} INFO - [2021-03-23 12:16:44,463] {dag.py:2273} INFO - Setting next_dagrun for example_xcom to 2021-03-21 00:00:00+00:00
[2021-03-23 12:16:44,470] {scheduler_job.py:190} INFO - Processing /Users/adhithyakarthikeyan/opt/anaconda3/lib/python3.8/site-packages/airflow/example_dags/example_xcom.py took 0.074 seconds
