[2021-03-23 11:32:31,518] {scheduler_job.py:182} INFO - Started process (PID=35409) to work on /Users/adhithyakarthikeyan/opt/anaconda3/lib/python3.8/site-packages/airflow/example_dags/example_nested_branch_dag.py
[2021-03-23 11:32:31,519] {scheduler_job.py:629} INFO - Processing file /Users/adhithyakarthikeyan/opt/anaconda3/lib/python3.8/site-packages/airflow/example_dags/example_nested_branch_dag.py for tasks to queue
[2021-03-23 11:32:31,519] {logging_mixin.py:104} INFO - [2021-03-23 11:32:31,519] {dagbag.py:448} INFO - Filling up the DagBag from /Users/adhithyakarthikeyan/opt/anaconda3/lib/python3.8/site-packages/airflow/example_dags/example_nested_branch_dag.py
[2021-03-23 11:32:31,539] {scheduler_job.py:639} INFO - DAG(s) dict_keys(['example_nested_branch_dag']) retrieved from /Users/adhithyakarthikeyan/opt/anaconda3/lib/python3.8/site-packages/airflow/example_dags/example_nested_branch_dag.py
[2021-03-23 11:32:31,548] {logging_mixin.py:104} INFO - [2021-03-23 11:32:31,548] {dag.py:1818} INFO - Sync 1 DAGs
[2021-03-23 11:32:31,608] {logging_mixin.py:104} INFO - [2021-03-23 11:32:31,607] {dag.py:2273} INFO - Setting next_dagrun for example_nested_branch_dag to 2021-03-21 00:00:00+00:00
[2021-03-23 11:32:31,617] {scheduler_job.py:190} INFO - Processing /Users/adhithyakarthikeyan/opt/anaconda3/lib/python3.8/site-packages/airflow/example_dags/example_nested_branch_dag.py took 0.100 seconds
[2021-03-23 12:09:13,323] {scheduler_job.py:182} INFO - Started process (PID=36548) to work on /Users/adhithyakarthikeyan/opt/anaconda3/lib/python3.8/site-packages/airflow/example_dags/example_nested_branch_dag.py
[2021-03-23 12:09:13,324] {scheduler_job.py:629} INFO - Processing file /Users/adhithyakarthikeyan/opt/anaconda3/lib/python3.8/site-packages/airflow/example_dags/example_nested_branch_dag.py for tasks to queue
[2021-03-23 12:09:13,325] {logging_mixin.py:104} INFO - [2021-03-23 12:09:13,325] {dagbag.py:448} INFO - Filling up the DagBag from /Users/adhithyakarthikeyan/opt/anaconda3/lib/python3.8/site-packages/airflow/example_dags/example_nested_branch_dag.py
[2021-03-23 12:09:13,342] {scheduler_job.py:639} INFO - DAG(s) dict_keys(['example_nested_branch_dag']) retrieved from /Users/adhithyakarthikeyan/opt/anaconda3/lib/python3.8/site-packages/airflow/example_dags/example_nested_branch_dag.py
[2021-03-23 12:09:13,388] {logging_mixin.py:104} INFO - [2021-03-23 12:09:13,388] {dag.py:1818} INFO - Sync 1 DAGs
[2021-03-23 12:09:13,419] {logging_mixin.py:104} INFO - [2021-03-23 12:09:13,418] {dag.py:2273} INFO - Setting next_dagrun for example_nested_branch_dag to 2021-03-21 00:00:00+00:00
[2021-03-23 12:09:13,438] {scheduler_job.py:190} INFO - Processing /Users/adhithyakarthikeyan/opt/anaconda3/lib/python3.8/site-packages/airflow/example_dags/example_nested_branch_dag.py took 0.116 seconds
[2021-03-23 12:11:05,302] {scheduler_job.py:182} INFO - Started process (PID=36607) to work on /Users/adhithyakarthikeyan/opt/anaconda3/lib/python3.8/site-packages/airflow/example_dags/example_nested_branch_dag.py
[2021-03-23 12:11:05,303] {scheduler_job.py:629} INFO - Processing file /Users/adhithyakarthikeyan/opt/anaconda3/lib/python3.8/site-packages/airflow/example_dags/example_nested_branch_dag.py for tasks to queue
[2021-03-23 12:11:05,303] {logging_mixin.py:104} INFO - [2021-03-23 12:11:05,303] {dagbag.py:448} INFO - Filling up the DagBag from /Users/adhithyakarthikeyan/opt/anaconda3/lib/python3.8/site-packages/airflow/example_dags/example_nested_branch_dag.py
[2021-03-23 12:11:05,317] {scheduler_job.py:639} INFO - DAG(s) dict_keys(['example_nested_branch_dag']) retrieved from /Users/adhithyakarthikeyan/opt/anaconda3/lib/python3.8/site-packages/airflow/example_dags/example_nested_branch_dag.py
[2021-03-23 12:11:05,352] {logging_mixin.py:104} INFO - [2021-03-23 12:11:05,352] {dag.py:1818} INFO - Sync 1 DAGs
[2021-03-23 12:11:05,368] {logging_mixin.py:104} INFO - [2021-03-23 12:11:05,368] {dag.py:2273} INFO - Setting next_dagrun for example_nested_branch_dag to 2021-03-21 00:00:00+00:00
[2021-03-23 12:11:05,381] {scheduler_job.py:190} INFO - Processing /Users/adhithyakarthikeyan/opt/anaconda3/lib/python3.8/site-packages/airflow/example_dags/example_nested_branch_dag.py took 0.080 seconds
[2021-03-23 12:14:01,286] {scheduler_job.py:182} INFO - Started process (PID=36763) to work on /Users/adhithyakarthikeyan/opt/anaconda3/lib/python3.8/site-packages/airflow/example_dags/example_nested_branch_dag.py
[2021-03-23 12:14:01,288] {scheduler_job.py:629} INFO - Processing file /Users/adhithyakarthikeyan/opt/anaconda3/lib/python3.8/site-packages/airflow/example_dags/example_nested_branch_dag.py for tasks to queue
[2021-03-23 12:14:01,288] {logging_mixin.py:104} INFO - [2021-03-23 12:14:01,288] {dagbag.py:448} INFO - Filling up the DagBag from /Users/adhithyakarthikeyan/opt/anaconda3/lib/python3.8/site-packages/airflow/example_dags/example_nested_branch_dag.py
[2021-03-23 12:14:01,319] {scheduler_job.py:639} INFO - DAG(s) dict_keys(['example_nested_branch_dag']) retrieved from /Users/adhithyakarthikeyan/opt/anaconda3/lib/python3.8/site-packages/airflow/example_dags/example_nested_branch_dag.py
[2021-03-23 12:14:01,452] {logging_mixin.py:104} INFO - [2021-03-23 12:14:01,452] {dag.py:1818} INFO - Sync 1 DAGs
[2021-03-23 12:14:01,502] {logging_mixin.py:104} INFO - [2021-03-23 12:14:01,501] {dag.py:2273} INFO - Setting next_dagrun for example_nested_branch_dag to 2021-03-21 00:00:00+00:00
[2021-03-23 12:14:01,523] {scheduler_job.py:190} INFO - Processing /Users/adhithyakarthikeyan/opt/anaconda3/lib/python3.8/site-packages/airflow/example_dags/example_nested_branch_dag.py took 0.239 seconds
[2021-03-23 12:15:30,568] {scheduler_job.py:182} INFO - Started process (PID=36841) to work on /Users/adhithyakarthikeyan/opt/anaconda3/lib/python3.8/site-packages/airflow/example_dags/example_nested_branch_dag.py
[2021-03-23 12:15:30,570] {scheduler_job.py:629} INFO - Processing file /Users/adhithyakarthikeyan/opt/anaconda3/lib/python3.8/site-packages/airflow/example_dags/example_nested_branch_dag.py for tasks to queue
[2021-03-23 12:15:30,571] {logging_mixin.py:104} INFO - [2021-03-23 12:15:30,571] {dagbag.py:448} INFO - Filling up the DagBag from /Users/adhithyakarthikeyan/opt/anaconda3/lib/python3.8/site-packages/airflow/example_dags/example_nested_branch_dag.py
[2021-03-23 12:15:30,607] {scheduler_job.py:639} INFO - DAG(s) dict_keys(['example_nested_branch_dag']) retrieved from /Users/adhithyakarthikeyan/opt/anaconda3/lib/python3.8/site-packages/airflow/example_dags/example_nested_branch_dag.py
[2021-03-23 12:15:30,729] {logging_mixin.py:104} INFO - [2021-03-23 12:15:30,729] {dag.py:1818} INFO - Sync 1 DAGs
[2021-03-23 12:15:30,791] {logging_mixin.py:104} INFO - [2021-03-23 12:15:30,791] {dag.py:2273} INFO - Setting next_dagrun for example_nested_branch_dag to 2021-03-21 00:00:00+00:00
[2021-03-23 12:15:30,865] {scheduler_job.py:190} INFO - Processing /Users/adhithyakarthikeyan/opt/anaconda3/lib/python3.8/site-packages/airflow/example_dags/example_nested_branch_dag.py took 0.296 seconds
[2021-03-23 12:16:50,716] {scheduler_job.py:182} INFO - Started process (PID=36927) to work on /Users/adhithyakarthikeyan/opt/anaconda3/lib/python3.8/site-packages/airflow/example_dags/example_nested_branch_dag.py
[2021-03-23 12:16:50,717] {scheduler_job.py:629} INFO - Processing file /Users/adhithyakarthikeyan/opt/anaconda3/lib/python3.8/site-packages/airflow/example_dags/example_nested_branch_dag.py for tasks to queue
[2021-03-23 12:16:50,718] {logging_mixin.py:104} INFO - [2021-03-23 12:16:50,718] {dagbag.py:448} INFO - Filling up the DagBag from /Users/adhithyakarthikeyan/opt/anaconda3/lib/python3.8/site-packages/airflow/example_dags/example_nested_branch_dag.py
[2021-03-23 12:16:50,730] {scheduler_job.py:639} INFO - DAG(s) dict_keys(['example_nested_branch_dag']) retrieved from /Users/adhithyakarthikeyan/opt/anaconda3/lib/python3.8/site-packages/airflow/example_dags/example_nested_branch_dag.py
[2021-03-23 12:16:50,761] {logging_mixin.py:104} INFO - [2021-03-23 12:16:50,761] {dag.py:1818} INFO - Sync 1 DAGs
[2021-03-23 12:16:50,774] {logging_mixin.py:104} INFO - [2021-03-23 12:16:50,773] {dag.py:2273} INFO - Setting next_dagrun for example_nested_branch_dag to 2021-03-21 00:00:00+00:00
[2021-03-23 12:16:50,784] {scheduler_job.py:190} INFO - Processing /Users/adhithyakarthikeyan/opt/anaconda3/lib/python3.8/site-packages/airflow/example_dags/example_nested_branch_dag.py took 0.068 seconds
