[2021-03-23 11:32:53,643] {scheduler_job.py:182} INFO - Started process (PID=35439) to work on /Users/adhithyakarthikeyan/opt/anaconda3/lib/python3.8/site-packages/airflow/example_dags/example_latest_only.py
[2021-03-23 11:32:53,644] {scheduler_job.py:629} INFO - Processing file /Users/adhithyakarthikeyan/opt/anaconda3/lib/python3.8/site-packages/airflow/example_dags/example_latest_only.py for tasks to queue
[2021-03-23 11:32:53,644] {logging_mixin.py:104} INFO - [2021-03-23 11:32:53,644] {dagbag.py:448} INFO - Filling up the DagBag from /Users/adhithyakarthikeyan/opt/anaconda3/lib/python3.8/site-packages/airflow/example_dags/example_latest_only.py
[2021-03-23 11:32:53,656] {scheduler_job.py:639} INFO - DAG(s) dict_keys(['latest_only']) retrieved from /Users/adhithyakarthikeyan/opt/anaconda3/lib/python3.8/site-packages/airflow/example_dags/example_latest_only.py
[2021-03-23 11:32:53,687] {logging_mixin.py:104} INFO - [2021-03-23 11:32:53,687] {dag.py:1818} INFO - Sync 1 DAGs
[2021-03-23 11:32:53,697] {logging_mixin.py:104} INFO - [2021-03-23 11:32:53,696] {dag.py:2273} INFO - Setting next_dagrun for latest_only to 2021-03-21 00:00:00+00:00
[2021-03-23 11:32:53,705] {scheduler_job.py:190} INFO - Processing /Users/adhithyakarthikeyan/opt/anaconda3/lib/python3.8/site-packages/airflow/example_dags/example_latest_only.py took 0.063 seconds
[2021-03-23 12:00:02,727] {scheduler_job.py:182} INFO - Started process (PID=36043) to work on /Users/adhithyakarthikeyan/opt/anaconda3/lib/python3.8/site-packages/airflow/example_dags/example_latest_only.py
[2021-03-23 12:00:02,728] {scheduler_job.py:629} INFO - Processing file /Users/adhithyakarthikeyan/opt/anaconda3/lib/python3.8/site-packages/airflow/example_dags/example_latest_only.py for tasks to queue
[2021-03-23 12:00:02,729] {logging_mixin.py:104} INFO - [2021-03-23 12:00:02,729] {dagbag.py:448} INFO - Filling up the DagBag from /Users/adhithyakarthikeyan/opt/anaconda3/lib/python3.8/site-packages/airflow/example_dags/example_latest_only.py
[2021-03-23 12:00:02,741] {scheduler_job.py:639} INFO - DAG(s) dict_keys(['latest_only']) retrieved from /Users/adhithyakarthikeyan/opt/anaconda3/lib/python3.8/site-packages/airflow/example_dags/example_latest_only.py
[2021-03-23 12:00:02,779] {logging_mixin.py:104} INFO - [2021-03-23 12:00:02,778] {dag.py:1818} INFO - Sync 1 DAGs
[2021-03-23 12:00:02,787] {logging_mixin.py:104} INFO - [2021-03-23 12:00:02,787] {dag.py:2273} INFO - Setting next_dagrun for latest_only to 2021-03-21 00:00:00+00:00
[2021-03-23 12:00:02,794] {scheduler_job.py:190} INFO - Processing /Users/adhithyakarthikeyan/opt/anaconda3/lib/python3.8/site-packages/airflow/example_dags/example_latest_only.py took 0.068 seconds
[2021-03-23 12:08:47,388] {scheduler_job.py:182} INFO - Started process (PID=36520) to work on /Users/adhithyakarthikeyan/opt/anaconda3/lib/python3.8/site-packages/airflow/example_dags/example_latest_only.py
[2021-03-23 12:08:47,389] {scheduler_job.py:629} INFO - Processing file /Users/adhithyakarthikeyan/opt/anaconda3/lib/python3.8/site-packages/airflow/example_dags/example_latest_only.py for tasks to queue
[2021-03-23 12:08:47,390] {logging_mixin.py:104} INFO - [2021-03-23 12:08:47,390] {dagbag.py:448} INFO - Filling up the DagBag from /Users/adhithyakarthikeyan/opt/anaconda3/lib/python3.8/site-packages/airflow/example_dags/example_latest_only.py
[2021-03-23 12:08:47,407] {scheduler_job.py:639} INFO - DAG(s) dict_keys(['latest_only']) retrieved from /Users/adhithyakarthikeyan/opt/anaconda3/lib/python3.8/site-packages/airflow/example_dags/example_latest_only.py
[2021-03-23 12:08:47,458] {logging_mixin.py:104} INFO - [2021-03-23 12:08:47,458] {dag.py:1818} INFO - Sync 1 DAGs
[2021-03-23 12:08:47,469] {logging_mixin.py:104} INFO - [2021-03-23 12:08:47,469] {dag.py:2273} INFO - Setting next_dagrun for latest_only to 2021-03-21 00:00:00+00:00
[2021-03-23 12:08:47,480] {scheduler_job.py:190} INFO - Processing /Users/adhithyakarthikeyan/opt/anaconda3/lib/python3.8/site-packages/airflow/example_dags/example_latest_only.py took 0.093 seconds
[2021-03-23 12:11:28,669] {scheduler_job.py:182} INFO - Started process (PID=36627) to work on /Users/adhithyakarthikeyan/opt/anaconda3/lib/python3.8/site-packages/airflow/example_dags/example_latest_only.py
[2021-03-23 12:11:28,672] {scheduler_job.py:629} INFO - Processing file /Users/adhithyakarthikeyan/opt/anaconda3/lib/python3.8/site-packages/airflow/example_dags/example_latest_only.py for tasks to queue
[2021-03-23 12:11:28,672] {logging_mixin.py:104} INFO - [2021-03-23 12:11:28,672] {dagbag.py:448} INFO - Filling up the DagBag from /Users/adhithyakarthikeyan/opt/anaconda3/lib/python3.8/site-packages/airflow/example_dags/example_latest_only.py
[2021-03-23 12:11:28,686] {scheduler_job.py:639} INFO - DAG(s) dict_keys(['latest_only']) retrieved from /Users/adhithyakarthikeyan/opt/anaconda3/lib/python3.8/site-packages/airflow/example_dags/example_latest_only.py
[2021-03-23 12:11:28,725] {logging_mixin.py:104} INFO - [2021-03-23 12:11:28,725] {dag.py:1818} INFO - Sync 1 DAGs
[2021-03-23 12:11:28,735] {logging_mixin.py:104} INFO - [2021-03-23 12:11:28,735] {dag.py:2273} INFO - Setting next_dagrun for latest_only to 2021-03-21 00:00:00+00:00
[2021-03-23 12:11:28,744] {scheduler_job.py:190} INFO - Processing /Users/adhithyakarthikeyan/opt/anaconda3/lib/python3.8/site-packages/airflow/example_dags/example_latest_only.py took 0.075 seconds
[2021-03-23 12:13:47,766] {scheduler_job.py:182} INFO - Started process (PID=36747) to work on /Users/adhithyakarthikeyan/opt/anaconda3/lib/python3.8/site-packages/airflow/example_dags/example_latest_only.py
[2021-03-23 12:13:47,768] {scheduler_job.py:629} INFO - Processing file /Users/adhithyakarthikeyan/opt/anaconda3/lib/python3.8/site-packages/airflow/example_dags/example_latest_only.py for tasks to queue
[2021-03-23 12:13:47,768] {logging_mixin.py:104} INFO - [2021-03-23 12:13:47,768] {dagbag.py:448} INFO - Filling up the DagBag from /Users/adhithyakarthikeyan/opt/anaconda3/lib/python3.8/site-packages/airflow/example_dags/example_latest_only.py
[2021-03-23 12:13:47,789] {scheduler_job.py:639} INFO - DAG(s) dict_keys(['latest_only']) retrieved from /Users/adhithyakarthikeyan/opt/anaconda3/lib/python3.8/site-packages/airflow/example_dags/example_latest_only.py
[2021-03-23 12:13:47,841] {logging_mixin.py:104} INFO - [2021-03-23 12:13:47,841] {dag.py:1818} INFO - Sync 1 DAGs
[2021-03-23 12:13:47,853] {logging_mixin.py:104} INFO - [2021-03-23 12:13:47,853] {dag.py:2273} INFO - Setting next_dagrun for latest_only to 2021-03-21 00:00:00+00:00
[2021-03-23 12:13:47,864] {scheduler_job.py:190} INFO - Processing /Users/adhithyakarthikeyan/opt/anaconda3/lib/python3.8/site-packages/airflow/example_dags/example_latest_only.py took 0.100 seconds
[2021-03-23 12:15:13,909] {scheduler_job.py:182} INFO - Started process (PID=36825) to work on /Users/adhithyakarthikeyan/opt/anaconda3/lib/python3.8/site-packages/airflow/example_dags/example_latest_only.py
[2021-03-23 12:15:13,911] {scheduler_job.py:629} INFO - Processing file /Users/adhithyakarthikeyan/opt/anaconda3/lib/python3.8/site-packages/airflow/example_dags/example_latest_only.py for tasks to queue
[2021-03-23 12:15:13,912] {logging_mixin.py:104} INFO - [2021-03-23 12:15:13,911] {dagbag.py:448} INFO - Filling up the DagBag from /Users/adhithyakarthikeyan/opt/anaconda3/lib/python3.8/site-packages/airflow/example_dags/example_latest_only.py
[2021-03-23 12:15:13,927] {scheduler_job.py:639} INFO - DAG(s) dict_keys(['latest_only']) retrieved from /Users/adhithyakarthikeyan/opt/anaconda3/lib/python3.8/site-packages/airflow/example_dags/example_latest_only.py
[2021-03-23 12:15:13,969] {logging_mixin.py:104} INFO - [2021-03-23 12:15:13,969] {dag.py:1818} INFO - Sync 1 DAGs
[2021-03-23 12:15:13,979] {logging_mixin.py:104} INFO - [2021-03-23 12:15:13,979] {dag.py:2273} INFO - Setting next_dagrun for latest_only to 2021-03-21 00:00:00+00:00
[2021-03-23 12:15:13,991] {scheduler_job.py:190} INFO - Processing /Users/adhithyakarthikeyan/opt/anaconda3/lib/python3.8/site-packages/airflow/example_dags/example_latest_only.py took 0.082 seconds
[2021-03-23 12:16:34,235] {scheduler_job.py:182} INFO - Started process (PID=36912) to work on /Users/adhithyakarthikeyan/opt/anaconda3/lib/python3.8/site-packages/airflow/example_dags/example_latest_only.py
[2021-03-23 12:16:34,237] {scheduler_job.py:629} INFO - Processing file /Users/adhithyakarthikeyan/opt/anaconda3/lib/python3.8/site-packages/airflow/example_dags/example_latest_only.py for tasks to queue
[2021-03-23 12:16:34,237] {logging_mixin.py:104} INFO - [2021-03-23 12:16:34,237] {dagbag.py:448} INFO - Filling up the DagBag from /Users/adhithyakarthikeyan/opt/anaconda3/lib/python3.8/site-packages/airflow/example_dags/example_latest_only.py
[2021-03-23 12:16:34,250] {scheduler_job.py:639} INFO - DAG(s) dict_keys(['latest_only']) retrieved from /Users/adhithyakarthikeyan/opt/anaconda3/lib/python3.8/site-packages/airflow/example_dags/example_latest_only.py
[2021-03-23 12:16:34,291] {logging_mixin.py:104} INFO - [2021-03-23 12:16:34,290] {dag.py:1818} INFO - Sync 1 DAGs
[2021-03-23 12:16:34,300] {logging_mixin.py:104} INFO - [2021-03-23 12:16:34,300] {dag.py:2273} INFO - Setting next_dagrun for latest_only to 2021-03-21 00:00:00+00:00
[2021-03-23 12:16:34,308] {scheduler_job.py:190} INFO - Processing /Users/adhithyakarthikeyan/opt/anaconda3/lib/python3.8/site-packages/airflow/example_dags/example_latest_only.py took 0.073 seconds
