[2021-03-23 11:32:28,787] {scheduler_job.py:182} INFO - Started process (PID=35407) to work on /Users/adhithyakarthikeyan/opt/anaconda3/lib/python3.8/site-packages/airflow/example_dags/example_external_task_marker_dag.py
[2021-03-23 11:32:28,788] {scheduler_job.py:629} INFO - Processing file /Users/adhithyakarthikeyan/opt/anaconda3/lib/python3.8/site-packages/airflow/example_dags/example_external_task_marker_dag.py for tasks to queue
[2021-03-23 11:32:28,788] {logging_mixin.py:104} INFO - [2021-03-23 11:32:28,788] {dagbag.py:448} INFO - Filling up the DagBag from /Users/adhithyakarthikeyan/opt/anaconda3/lib/python3.8/site-packages/airflow/example_dags/example_external_task_marker_dag.py
[2021-03-23 11:32:28,801] {scheduler_job.py:639} INFO - DAG(s) dict_keys(['example_external_task_marker_parent', 'example_external_task_marker_child']) retrieved from /Users/adhithyakarthikeyan/opt/anaconda3/lib/python3.8/site-packages/airflow/example_dags/example_external_task_marker_dag.py
[2021-03-23 11:32:28,809] {logging_mixin.py:104} INFO - [2021-03-23 11:32:28,809] {dag.py:1818} INFO - Sync 2 DAGs
[2021-03-23 11:32:28,846] {logging_mixin.py:104} INFO - [2021-03-23 11:32:28,846] {dag.py:2273} INFO - Setting next_dagrun for example_external_task_marker_child to None
[2021-03-23 11:32:28,847] {logging_mixin.py:104} INFO - [2021-03-23 11:32:28,847] {dag.py:2273} INFO - Setting next_dagrun for example_external_task_marker_parent to None
[2021-03-23 11:32:28,854] {scheduler_job.py:190} INFO - Processing /Users/adhithyakarthikeyan/opt/anaconda3/lib/python3.8/site-packages/airflow/example_dags/example_external_task_marker_dag.py took 0.067 seconds
[2021-03-23 11:59:46,004] {scheduler_job.py:182} INFO - Started process (PID=36021) to work on /Users/adhithyakarthikeyan/opt/anaconda3/lib/python3.8/site-packages/airflow/example_dags/example_external_task_marker_dag.py
[2021-03-23 11:59:46,006] {scheduler_job.py:629} INFO - Processing file /Users/adhithyakarthikeyan/opt/anaconda3/lib/python3.8/site-packages/airflow/example_dags/example_external_task_marker_dag.py for tasks to queue
[2021-03-23 11:59:46,006] {logging_mixin.py:104} INFO - [2021-03-23 11:59:46,006] {dagbag.py:448} INFO - Filling up the DagBag from /Users/adhithyakarthikeyan/opt/anaconda3/lib/python3.8/site-packages/airflow/example_dags/example_external_task_marker_dag.py
[2021-03-23 11:59:46,021] {scheduler_job.py:639} INFO - DAG(s) dict_keys(['example_external_task_marker_parent', 'example_external_task_marker_child']) retrieved from /Users/adhithyakarthikeyan/opt/anaconda3/lib/python3.8/site-packages/airflow/example_dags/example_external_task_marker_dag.py
[2021-03-23 11:59:46,068] {logging_mixin.py:104} INFO - [2021-03-23 11:59:46,067] {dag.py:1818} INFO - Sync 2 DAGs
[2021-03-23 11:59:46,077] {logging_mixin.py:104} INFO - [2021-03-23 11:59:46,077] {dag.py:2273} INFO - Setting next_dagrun for example_external_task_marker_child to None
[2021-03-23 11:59:46,078] {logging_mixin.py:104} INFO - [2021-03-23 11:59:46,078] {dag.py:2273} INFO - Setting next_dagrun for example_external_task_marker_parent to None
[2021-03-23 11:59:46,088] {scheduler_job.py:190} INFO - Processing /Users/adhithyakarthikeyan/opt/anaconda3/lib/python3.8/site-packages/airflow/example_dags/example_external_task_marker_dag.py took 0.085 seconds
[2021-03-23 12:09:05,842] {scheduler_job.py:182} INFO - Started process (PID=36542) to work on /Users/adhithyakarthikeyan/opt/anaconda3/lib/python3.8/site-packages/airflow/example_dags/example_external_task_marker_dag.py
[2021-03-23 12:09:05,843] {scheduler_job.py:629} INFO - Processing file /Users/adhithyakarthikeyan/opt/anaconda3/lib/python3.8/site-packages/airflow/example_dags/example_external_task_marker_dag.py for tasks to queue
[2021-03-23 12:09:05,843] {logging_mixin.py:104} INFO - [2021-03-23 12:09:05,843] {dagbag.py:448} INFO - Filling up the DagBag from /Users/adhithyakarthikeyan/opt/anaconda3/lib/python3.8/site-packages/airflow/example_dags/example_external_task_marker_dag.py
[2021-03-23 12:09:05,856] {scheduler_job.py:639} INFO - DAG(s) dict_keys(['example_external_task_marker_parent', 'example_external_task_marker_child']) retrieved from /Users/adhithyakarthikeyan/opt/anaconda3/lib/python3.8/site-packages/airflow/example_dags/example_external_task_marker_dag.py
[2021-03-23 12:09:05,893] {logging_mixin.py:104} INFO - [2021-03-23 12:09:05,893] {dag.py:1818} INFO - Sync 2 DAGs
[2021-03-23 12:09:05,901] {logging_mixin.py:104} INFO - [2021-03-23 12:09:05,901] {dag.py:2273} INFO - Setting next_dagrun for example_external_task_marker_child to None
[2021-03-23 12:09:05,902] {logging_mixin.py:104} INFO - [2021-03-23 12:09:05,902] {dag.py:2273} INFO - Setting next_dagrun for example_external_task_marker_parent to None
[2021-03-23 12:09:05,913] {scheduler_job.py:190} INFO - Processing /Users/adhithyakarthikeyan/opt/anaconda3/lib/python3.8/site-packages/airflow/example_dags/example_external_task_marker_dag.py took 0.072 seconds
[2021-03-23 12:11:24,141] {scheduler_job.py:182} INFO - Started process (PID=36623) to work on /Users/adhithyakarthikeyan/opt/anaconda3/lib/python3.8/site-packages/airflow/example_dags/example_external_task_marker_dag.py
[2021-03-23 12:11:24,142] {scheduler_job.py:629} INFO - Processing file /Users/adhithyakarthikeyan/opt/anaconda3/lib/python3.8/site-packages/airflow/example_dags/example_external_task_marker_dag.py for tasks to queue
[2021-03-23 12:11:24,143] {logging_mixin.py:104} INFO - [2021-03-23 12:11:24,143] {dagbag.py:448} INFO - Filling up the DagBag from /Users/adhithyakarthikeyan/opt/anaconda3/lib/python3.8/site-packages/airflow/example_dags/example_external_task_marker_dag.py
[2021-03-23 12:11:24,155] {scheduler_job.py:639} INFO - DAG(s) dict_keys(['example_external_task_marker_parent', 'example_external_task_marker_child']) retrieved from /Users/adhithyakarthikeyan/opt/anaconda3/lib/python3.8/site-packages/airflow/example_dags/example_external_task_marker_dag.py
[2021-03-23 12:11:24,191] {logging_mixin.py:104} INFO - [2021-03-23 12:11:24,190] {dag.py:1818} INFO - Sync 2 DAGs
[2021-03-23 12:11:24,199] {logging_mixin.py:104} INFO - [2021-03-23 12:11:24,199] {dag.py:2273} INFO - Setting next_dagrun for example_external_task_marker_child to None
[2021-03-23 12:11:24,200] {logging_mixin.py:104} INFO - [2021-03-23 12:11:24,200] {dag.py:2273} INFO - Setting next_dagrun for example_external_task_marker_parent to None
[2021-03-23 12:11:24,212] {scheduler_job.py:190} INFO - Processing /Users/adhithyakarthikeyan/opt/anaconda3/lib/python3.8/site-packages/airflow/example_dags/example_external_task_marker_dag.py took 0.071 seconds
[2021-03-23 12:14:24,440] {scheduler_job.py:182} INFO - Started process (PID=36781) to work on /Users/adhithyakarthikeyan/opt/anaconda3/lib/python3.8/site-packages/airflow/example_dags/example_external_task_marker_dag.py
[2021-03-23 12:14:24,441] {scheduler_job.py:629} INFO - Processing file /Users/adhithyakarthikeyan/opt/anaconda3/lib/python3.8/site-packages/airflow/example_dags/example_external_task_marker_dag.py for tasks to queue
[2021-03-23 12:14:24,442] {logging_mixin.py:104} INFO - [2021-03-23 12:14:24,442] {dagbag.py:448} INFO - Filling up the DagBag from /Users/adhithyakarthikeyan/opt/anaconda3/lib/python3.8/site-packages/airflow/example_dags/example_external_task_marker_dag.py
[2021-03-23 12:14:24,456] {scheduler_job.py:639} INFO - DAG(s) dict_keys(['example_external_task_marker_parent', 'example_external_task_marker_child']) retrieved from /Users/adhithyakarthikeyan/opt/anaconda3/lib/python3.8/site-packages/airflow/example_dags/example_external_task_marker_dag.py
[2021-03-23 12:14:24,500] {logging_mixin.py:104} INFO - [2021-03-23 12:14:24,500] {dag.py:1818} INFO - Sync 2 DAGs
[2021-03-23 12:14:24,509] {logging_mixin.py:104} INFO - [2021-03-23 12:14:24,509] {dag.py:2273} INFO - Setting next_dagrun for example_external_task_marker_child to None
[2021-03-23 12:14:24,510] {logging_mixin.py:104} INFO - [2021-03-23 12:14:24,509] {dag.py:2273} INFO - Setting next_dagrun for example_external_task_marker_parent to None
[2021-03-23 12:14:24,522] {scheduler_job.py:190} INFO - Processing /Users/adhithyakarthikeyan/opt/anaconda3/lib/python3.8/site-packages/airflow/example_dags/example_external_task_marker_dag.py took 0.084 seconds
[2021-03-23 12:15:27,842] {scheduler_job.py:182} INFO - Started process (PID=36837) to work on /Users/adhithyakarthikeyan/opt/anaconda3/lib/python3.8/site-packages/airflow/example_dags/example_external_task_marker_dag.py
[2021-03-23 12:15:27,843] {scheduler_job.py:629} INFO - Processing file /Users/adhithyakarthikeyan/opt/anaconda3/lib/python3.8/site-packages/airflow/example_dags/example_external_task_marker_dag.py for tasks to queue
[2021-03-23 12:15:27,843] {logging_mixin.py:104} INFO - [2021-03-23 12:15:27,843] {dagbag.py:448} INFO - Filling up the DagBag from /Users/adhithyakarthikeyan/opt/anaconda3/lib/python3.8/site-packages/airflow/example_dags/example_external_task_marker_dag.py
[2021-03-23 12:15:27,860] {scheduler_job.py:639} INFO - DAG(s) dict_keys(['example_external_task_marker_parent', 'example_external_task_marker_child']) retrieved from /Users/adhithyakarthikeyan/opt/anaconda3/lib/python3.8/site-packages/airflow/example_dags/example_external_task_marker_dag.py
[2021-03-23 12:15:27,916] {logging_mixin.py:104} INFO - [2021-03-23 12:15:27,916] {dag.py:1818} INFO - Sync 2 DAGs
[2021-03-23 12:15:27,931] {logging_mixin.py:104} INFO - [2021-03-23 12:15:27,931] {dag.py:2273} INFO - Setting next_dagrun for example_external_task_marker_child to None
[2021-03-23 12:15:27,932] {logging_mixin.py:104} INFO - [2021-03-23 12:15:27,932] {dag.py:2273} INFO - Setting next_dagrun for example_external_task_marker_parent to None
[2021-03-23 12:15:27,947] {scheduler_job.py:190} INFO - Processing /Users/adhithyakarthikeyan/opt/anaconda3/lib/python3.8/site-packages/airflow/example_dags/example_external_task_marker_dag.py took 0.106 seconds
[2021-03-23 12:16:48,229] {scheduler_job.py:182} INFO - Started process (PID=36925) to work on /Users/adhithyakarthikeyan/opt/anaconda3/lib/python3.8/site-packages/airflow/example_dags/example_external_task_marker_dag.py
[2021-03-23 12:16:48,231] {scheduler_job.py:629} INFO - Processing file /Users/adhithyakarthikeyan/opt/anaconda3/lib/python3.8/site-packages/airflow/example_dags/example_external_task_marker_dag.py for tasks to queue
[2021-03-23 12:16:48,231] {logging_mixin.py:104} INFO - [2021-03-23 12:16:48,231] {dagbag.py:448} INFO - Filling up the DagBag from /Users/adhithyakarthikeyan/opt/anaconda3/lib/python3.8/site-packages/airflow/example_dags/example_external_task_marker_dag.py
[2021-03-23 12:16:48,246] {scheduler_job.py:639} INFO - DAG(s) dict_keys(['example_external_task_marker_parent', 'example_external_task_marker_child']) retrieved from /Users/adhithyakarthikeyan/opt/anaconda3/lib/python3.8/site-packages/airflow/example_dags/example_external_task_marker_dag.py
[2021-03-23 12:16:48,291] {logging_mixin.py:104} INFO - [2021-03-23 12:16:48,291] {dag.py:1818} INFO - Sync 2 DAGs
[2021-03-23 12:16:48,300] {logging_mixin.py:104} INFO - [2021-03-23 12:16:48,299] {dag.py:2273} INFO - Setting next_dagrun for example_external_task_marker_child to None
[2021-03-23 12:16:48,301] {logging_mixin.py:104} INFO - [2021-03-23 12:16:48,300] {dag.py:2273} INFO - Setting next_dagrun for example_external_task_marker_parent to None
[2021-03-23 12:16:48,314] {scheduler_job.py:190} INFO - Processing /Users/adhithyakarthikeyan/opt/anaconda3/lib/python3.8/site-packages/airflow/example_dags/example_external_task_marker_dag.py took 0.086 seconds
