[2021-03-23 11:32:45,399] {scheduler_job.py:182} INFO - Started process (PID=35430) to work on /Users/adhithyakarthikeyan/opt/anaconda3/lib/python3.8/site-packages/airflow/example_dags/tutorial_taskflow_api_etl.py
[2021-03-23 11:32:45,400] {scheduler_job.py:629} INFO - Processing file /Users/adhithyakarthikeyan/opt/anaconda3/lib/python3.8/site-packages/airflow/example_dags/tutorial_taskflow_api_etl.py for tasks to queue
[2021-03-23 11:32:45,400] {logging_mixin.py:104} INFO - [2021-03-23 11:32:45,400] {dagbag.py:448} INFO - Filling up the DagBag from /Users/adhithyakarthikeyan/opt/anaconda3/lib/python3.8/site-packages/airflow/example_dags/tutorial_taskflow_api_etl.py
[2021-03-23 11:32:45,413] {scheduler_job.py:639} INFO - DAG(s) dict_keys(['tutorial_taskflow_api_etl']) retrieved from /Users/adhithyakarthikeyan/opt/anaconda3/lib/python3.8/site-packages/airflow/example_dags/tutorial_taskflow_api_etl.py
[2021-03-23 11:32:45,447] {logging_mixin.py:104} INFO - [2021-03-23 11:32:45,447] {dag.py:1818} INFO - Sync 1 DAGs
[2021-03-23 11:32:45,454] {logging_mixin.py:104} INFO - [2021-03-23 11:32:45,454] {dag.py:2273} INFO - Setting next_dagrun for tutorial_taskflow_api_etl to None
[2021-03-23 11:32:45,464] {scheduler_job.py:190} INFO - Processing /Users/adhithyakarthikeyan/opt/anaconda3/lib/python3.8/site-packages/airflow/example_dags/tutorial_taskflow_api_etl.py took 0.066 seconds
[2021-03-23 12:10:56,104] {scheduler_job.py:182} INFO - Started process (PID=36600) to work on /Users/adhithyakarthikeyan/opt/anaconda3/lib/python3.8/site-packages/airflow/example_dags/tutorial_taskflow_api_etl.py
[2021-03-23 12:10:56,105] {scheduler_job.py:629} INFO - Processing file /Users/adhithyakarthikeyan/opt/anaconda3/lib/python3.8/site-packages/airflow/example_dags/tutorial_taskflow_api_etl.py for tasks to queue
[2021-03-23 12:10:56,106] {logging_mixin.py:104} INFO - [2021-03-23 12:10:56,105] {dagbag.py:448} INFO - Filling up the DagBag from /Users/adhithyakarthikeyan/opt/anaconda3/lib/python3.8/site-packages/airflow/example_dags/tutorial_taskflow_api_etl.py
[2021-03-23 12:10:56,121] {scheduler_job.py:639} INFO - DAG(s) dict_keys(['tutorial_taskflow_api_etl']) retrieved from /Users/adhithyakarthikeyan/opt/anaconda3/lib/python3.8/site-packages/airflow/example_dags/tutorial_taskflow_api_etl.py
[2021-03-23 12:10:56,167] {logging_mixin.py:104} INFO - [2021-03-23 12:10:56,166] {dag.py:1818} INFO - Sync 1 DAGs
[2021-03-23 12:10:56,176] {logging_mixin.py:104} INFO - [2021-03-23 12:10:56,176] {dag.py:2273} INFO - Setting next_dagrun for tutorial_taskflow_api_etl to None
[2021-03-23 12:10:56,189] {scheduler_job.py:190} INFO - Processing /Users/adhithyakarthikeyan/opt/anaconda3/lib/python3.8/site-packages/airflow/example_dags/tutorial_taskflow_api_etl.py took 0.086 seconds
[2021-03-23 12:12:08,352] {scheduler_job.py:182} INFO - Started process (PID=36667) to work on /Users/adhithyakarthikeyan/opt/anaconda3/lib/python3.8/site-packages/airflow/example_dags/tutorial_taskflow_api_etl.py
[2021-03-23 12:12:08,354] {scheduler_job.py:629} INFO - Processing file /Users/adhithyakarthikeyan/opt/anaconda3/lib/python3.8/site-packages/airflow/example_dags/tutorial_taskflow_api_etl.py for tasks to queue
[2021-03-23 12:12:08,354] {logging_mixin.py:104} INFO - [2021-03-23 12:12:08,354] {dagbag.py:448} INFO - Filling up the DagBag from /Users/adhithyakarthikeyan/opt/anaconda3/lib/python3.8/site-packages/airflow/example_dags/tutorial_taskflow_api_etl.py
[2021-03-23 12:12:08,366] {scheduler_job.py:639} INFO - DAG(s) dict_keys(['tutorial_taskflow_api_etl']) retrieved from /Users/adhithyakarthikeyan/opt/anaconda3/lib/python3.8/site-packages/airflow/example_dags/tutorial_taskflow_api_etl.py
[2021-03-23 12:12:08,399] {logging_mixin.py:104} INFO - [2021-03-23 12:12:08,399] {dag.py:1818} INFO - Sync 1 DAGs
[2021-03-23 12:12:08,407] {logging_mixin.py:104} INFO - [2021-03-23 12:12:08,407] {dag.py:2273} INFO - Setting next_dagrun for tutorial_taskflow_api_etl to None
[2021-03-23 12:12:08,418] {scheduler_job.py:190} INFO - Processing /Users/adhithyakarthikeyan/opt/anaconda3/lib/python3.8/site-packages/airflow/example_dags/tutorial_taskflow_api_etl.py took 0.066 seconds
[2021-03-23 12:15:52,851] {scheduler_job.py:182} INFO - Started process (PID=36870) to work on /Users/adhithyakarthikeyan/opt/anaconda3/lib/python3.8/site-packages/airflow/example_dags/tutorial_taskflow_api_etl.py
[2021-03-23 12:15:52,852] {scheduler_job.py:629} INFO - Processing file /Users/adhithyakarthikeyan/opt/anaconda3/lib/python3.8/site-packages/airflow/example_dags/tutorial_taskflow_api_etl.py for tasks to queue
[2021-03-23 12:15:52,852] {logging_mixin.py:104} INFO - [2021-03-23 12:15:52,852] {dagbag.py:448} INFO - Filling up the DagBag from /Users/adhithyakarthikeyan/opt/anaconda3/lib/python3.8/site-packages/airflow/example_dags/tutorial_taskflow_api_etl.py
[2021-03-23 12:15:52,866] {scheduler_job.py:639} INFO - DAG(s) dict_keys(['tutorial_taskflow_api_etl']) retrieved from /Users/adhithyakarthikeyan/opt/anaconda3/lib/python3.8/site-packages/airflow/example_dags/tutorial_taskflow_api_etl.py
[2021-03-23 12:15:52,907] {logging_mixin.py:104} INFO - [2021-03-23 12:15:52,907] {dag.py:1818} INFO - Sync 1 DAGs
[2021-03-23 12:15:52,917] {logging_mixin.py:104} INFO - [2021-03-23 12:15:52,917] {dag.py:2273} INFO - Setting next_dagrun for tutorial_taskflow_api_etl to None
[2021-03-23 12:15:52,931] {scheduler_job.py:190} INFO - Processing /Users/adhithyakarthikeyan/opt/anaconda3/lib/python3.8/site-packages/airflow/example_dags/tutorial_taskflow_api_etl.py took 0.081 seconds
[2021-03-23 12:17:21,705] {scheduler_job.py:182} INFO - Started process (PID=36957) to work on /Users/adhithyakarthikeyan/opt/anaconda3/lib/python3.8/site-packages/airflow/example_dags/tutorial_taskflow_api_etl.py
[2021-03-23 12:17:21,706] {scheduler_job.py:629} INFO - Processing file /Users/adhithyakarthikeyan/opt/anaconda3/lib/python3.8/site-packages/airflow/example_dags/tutorial_taskflow_api_etl.py for tasks to queue
[2021-03-23 12:17:21,706] {logging_mixin.py:104} INFO - [2021-03-23 12:17:21,706] {dagbag.py:448} INFO - Filling up the DagBag from /Users/adhithyakarthikeyan/opt/anaconda3/lib/python3.8/site-packages/airflow/example_dags/tutorial_taskflow_api_etl.py
[2021-03-23 12:17:21,720] {scheduler_job.py:639} INFO - DAG(s) dict_keys(['tutorial_taskflow_api_etl']) retrieved from /Users/adhithyakarthikeyan/opt/anaconda3/lib/python3.8/site-packages/airflow/example_dags/tutorial_taskflow_api_etl.py
[2021-03-23 12:17:21,757] {logging_mixin.py:104} INFO - [2021-03-23 12:17:21,756] {dag.py:1818} INFO - Sync 1 DAGs
[2021-03-23 12:17:21,768] {logging_mixin.py:104} INFO - [2021-03-23 12:17:21,768] {dag.py:2273} INFO - Setting next_dagrun for tutorial_taskflow_api_etl to None
[2021-03-23 12:17:21,780] {scheduler_job.py:190} INFO - Processing /Users/adhithyakarthikeyan/opt/anaconda3/lib/python3.8/site-packages/airflow/example_dags/tutorial_taskflow_api_etl.py took 0.076 seconds
