[2021-03-23 15:53:16,530] {taskinstance.py:851} INFO - Dependencies all met for <TaskInstance: data_prep_and_process.data_processing 2021-03-23T10:16:48.352157+00:00 [queued]>
[2021-03-23 15:53:16,535] {taskinstance.py:851} INFO - Dependencies all met for <TaskInstance: data_prep_and_process.data_processing 2021-03-23T10:16:48.352157+00:00 [queued]>
[2021-03-23 15:53:16,535] {taskinstance.py:1042} INFO - 
--------------------------------------------------------------------------------
[2021-03-23 15:53:16,535] {taskinstance.py:1043} INFO - Starting attempt 1 of 2
[2021-03-23 15:53:16,535] {taskinstance.py:1044} INFO - 
--------------------------------------------------------------------------------
[2021-03-23 15:53:16,541] {taskinstance.py:1063} INFO - Executing <Task(PythonOperator): data_processing> on 2021-03-23T10:16:48.352157+00:00
[2021-03-23 15:53:16,544] {standard_task_runner.py:52} INFO - Started process 44419 to run task
[2021-03-23 15:53:16,552] {standard_task_runner.py:76} INFO - Running: ['airflow', 'tasks', 'run', 'data_prep_and_process', 'data_processing', '2021-03-23T10:16:48.352157+00:00', '--job-id', '51', '--pool', 'default_pool', '--raw', '--subdir', 'DAGS_FOLDER/master_dag.py', '--cfg-path', '/var/folders/yw/952dv3rd0332_2c7vqyq34vc0000gp/T/tmps3e0n1x9', '--error-file', '/var/folders/yw/952dv3rd0332_2c7vqyq34vc0000gp/T/tmpbdx4ed33']
[2021-03-23 15:53:16,556] {standard_task_runner.py:77} INFO - Job 51: Subtask data_processing
[2021-03-23 15:53:21,590] {logging_mixin.py:104} INFO - Running <TaskInstance: data_prep_and_process.data_processing 2021-03-23T10:16:48.352157+00:00 [running]> on host FACT-LAP-135.local
[2021-03-23 15:53:26,622] {taskinstance.py:1255} INFO - Exporting the following env vars:
AIRFLOW_CTX_DAG_EMAIL=skadhithya95@example.com
AIRFLOW_CTX_DAG_OWNER=Adhithya_Karthikeyan
AIRFLOW_CTX_DAG_ID=data_prep_and_process
AIRFLOW_CTX_TASK_ID=data_processing
AIRFLOW_CTX_EXECUTION_DATE=2021-03-23T10:16:48.352157+00:00
AIRFLOW_CTX_DAG_RUN_ID=manual__2021-03-23T10:16:48.352157+00:00
[2021-03-23 15:53:26,624] {data_processing.py:40} INFO - SPARK df --> Reading JSON file from path
[2021-03-23 15:53:26,624] {data_processing.py:41} INFO - /Users/adhithyakarthikeyan/currency_hist_records.json
[2021-03-23 15:53:30,128] {data_processing.py:43} INFO - Status --> Successfully

[2021-03-23 15:53:30,129] {data_processing.py:50} INFO - Removing duplicate values from df
[2021-03-23 15:53:30,238] {data_processing.py:52} INFO - Printing the df 
[2021-03-23 15:53:32,598] {logging_mixin.py:104} INFO - +----------+--------+-------+
|      date|currency|   rate|
+----------+--------+-------+
|2018-11-30|     RON| 4.6598|
|2020-05-15|     HKD| 8.3693|
|2018-02-13|     TRY| 4.6865|
|2018-08-16|     GBP|0.89498|
|2020-10-09|     NZD| 1.7821|
+----------+--------+-------+
only showing top 5 rows
[2021-03-23 15:53:32,600] {logging_mixin.py:104} INFO - 
[2021-03-23 15:53:32,620] {data_processing.py:77} INFO - Pushing the tables to Postgres SQL using JDBC Pyspark
[2021-03-23 15:53:42,617] {python.py:118} INFO - Done. Returned value was: <data_processing.data_processing object at 0x7fa0f93fec10>
[2021-03-23 15:53:42,626] {taskinstance.py:1159} INFO - Marking task as SUCCESS. dag_id=data_prep_and_process, task_id=data_processing, execution_date=20210323T101648, start_date=20210323T102316, end_date=20210323T102342
[2021-03-23 15:53:42,641] {taskinstance.py:1220} INFO - 0 downstream tasks scheduled from follow-on schedule check
[2021-03-23 15:53:46,672] {local_task_job.py:146} INFO - Task exited with return code 0
