[2021-03-23 15:51:15,668] {taskinstance.py:851} INFO - Dependencies all met for <TaskInstance: data_prep_and_process.data_processing 2021-03-23T10:00:19.749860+00:00 [queued]>
[2021-03-23 15:51:15,676] {taskinstance.py:851} INFO - Dependencies all met for <TaskInstance: data_prep_and_process.data_processing 2021-03-23T10:00:19.749860+00:00 [queued]>
[2021-03-23 15:51:15,676] {taskinstance.py:1042} INFO - 
--------------------------------------------------------------------------------
[2021-03-23 15:51:15,676] {taskinstance.py:1043} INFO - Starting attempt 1 of 2
[2021-03-23 15:51:15,676] {taskinstance.py:1044} INFO - 
--------------------------------------------------------------------------------
[2021-03-23 15:51:15,688] {taskinstance.py:1063} INFO - Executing <Task(PythonOperator): data_processing> on 2021-03-23T10:00:19.749860+00:00
[2021-03-23 15:51:15,692] {standard_task_runner.py:52} INFO - Started process 43520 to run task
[2021-03-23 15:51:15,704] {standard_task_runner.py:76} INFO - Running: ['airflow', 'tasks', 'run', 'data_prep_and_process', 'data_processing', '2021-03-23T10:00:19.749860+00:00', '--job-id', '49', '--pool', 'default_pool', '--raw', '--subdir', 'DAGS_FOLDER/master_dag.py', '--cfg-path', '/var/folders/yw/952dv3rd0332_2c7vqyq34vc0000gp/T/tmpt5wusub0', '--error-file', '/var/folders/yw/952dv3rd0332_2c7vqyq34vc0000gp/T/tmpqz4o1okz']
[2021-03-23 15:51:15,707] {standard_task_runner.py:77} INFO - Job 49: Subtask data_processing
[2021-03-23 15:51:20,748] {logging_mixin.py:104} INFO - Running <TaskInstance: data_prep_and_process.data_processing 2021-03-23T10:00:19.749860+00:00 [running]> on host FACT-LAP-135.local
[2021-03-23 15:51:25,804] {taskinstance.py:1255} INFO - Exporting the following env vars:
AIRFLOW_CTX_DAG_EMAIL=skadhithya95@example.com
AIRFLOW_CTX_DAG_OWNER=Adhithya_Karthikeyan
AIRFLOW_CTX_DAG_ID=data_prep_and_process
AIRFLOW_CTX_TASK_ID=data_processing
AIRFLOW_CTX_EXECUTION_DATE=2021-03-23T10:00:19.749860+00:00
AIRFLOW_CTX_DAG_RUN_ID=manual__2021-03-23T10:00:19.749860+00:00
[2021-03-23 15:51:25,807] {data_processing.py:40} INFO - SPARK df --> Reading JSON file from path
[2021-03-23 15:51:25,808] {data_processing.py:41} INFO - /Users/adhithyakarthikeyan/currency_hist_records.json
[2021-03-23 15:51:29,777] {data_processing.py:43} INFO - Status --> Successfully

[2021-03-23 15:51:29,778] {data_processing.py:50} INFO - Removing duplicate values from df
[2021-03-23 15:51:29,869] {data_processing.py:52} INFO - Printing the df 
[2021-03-23 15:51:32,771] {logging_mixin.py:104} INFO - +----------+--------+-------+
|      date|currency|   rate|
+----------+--------+-------+
|2018-11-30|     RON| 4.6598|
|2020-05-15|     HKD| 8.3693|
|2018-02-13|     TRY| 4.6865|
|2018-08-16|     GBP|0.89498|
|2020-10-09|     NZD| 1.7821|
+----------+--------+-------+
only showing top 5 rows
[2021-03-23 15:51:32,772] {logging_mixin.py:104} INFO - 
[2021-03-23 15:51:32,790] {data_processing.py:77} INFO - Pushing the tables to Postgres SQL using JDBC Pyspark
[2021-03-23 15:51:43,998] {python.py:118} INFO - Done. Returned value was: <data_processing.data_processing object at 0x7fb8093919a0>
[2021-03-23 15:51:44,013] {taskinstance.py:1159} INFO - Marking task as SUCCESS. dag_id=data_prep_and_process, task_id=data_processing, execution_date=20210323T100019, start_date=20210323T102115, end_date=20210323T102144
[2021-03-23 15:51:44,034] {taskinstance.py:1220} INFO - 0 downstream tasks scheduled from follow-on schedule check
[2021-03-23 15:51:45,840] {local_task_job.py:146} INFO - Task exited with return code 0
